DEBUGGER: Debugger can attach via UNIX domain socket (/tmp/rdbg-1000/rdbg-388593)
Database 'development_guest_db' already exists
Database 'development_identity_db' already exists
Database 'development_profile_db' already exists
Database 'development_token_db' already exists
Database 'development_business_db' already exists
Database 'development_document_db' already exists
Database 'development_news_db' already exists
Database 'development_billing_db' already exists
Database 'development_message_db' already exists
Database 'development_notification_db' already exists
Database 'development_cache_db' already exists
Database 'development_queue_db' already exists
Database 'development_storage_db' already exists
Database 'development_speciality_db' already exists
Database 'development_universal_db' already exists
Database 'development_operator_db' already exists
Database 'development_avatar_db' already exists
Database 'development_default_db' already exists
Database 'test_guest_db' already exists
Database 'test_identity_db' already exists
Database 'test_profile_db' already exists
Database 'test_token_db' already exists
Database 'test_notification_db' already exists
Database 'test_speciality_db' already exists
Database 'test_cache_db' already exists
Database 'test_queue_db' already exists
Database 'test_storage_db' already exists
Database 'test_business_db' already exists
Database 'test_document_db' already exists
Database 'test_news_db' already exists
Database 'test_billing_db' already exists
Database 'test_message_db' already exists
Database 'test_universal_db' already exists
Database 'test_operator_db' already exists
Database 'test_avatar_db' already exists
Database 'test_default_db' already exists
