DEBUGGER: Debugger can attach via UNIX domain socket (/tmp/rdbg-1000/rdbg-388927)
== 20251230133000 RenameIdentityStatusColumnsToStatusId: migrating ============
-- foreign_key_exists?(:users, :user_identity_statuses, {column: :user_identity_status_id})
   -> 0.0023s
-- foreign_key_exists?(:staffs, :staff_identity_statuses, {column: :staff_identity_status_id})
   -> 0.0010s
-- remove_foreign_key(:staffs, :staff_identity_statuses, {column: :staff_identity_status_id})
   -> 0.0031s
-- column_exists?(:users, :user_identity_status_id)
bin/rails aborted!
StandardError: An error has occurred, this and all later migrations canceled: (StandardError)

PG::UndefinedTable: ERROR:  relation "users" does not exist
LINE 10:  WHERE a.attrelid = '"users"'::regclass
                             ^
/home/jit/workspace/vendor/bundle/ruby/4.0.0/bundler/gems/rails-0d1b4918594c/activerecord/lib/active_record/connection_adapters/postgresql/database_statements.rb:193:in 'PG::Connection#exec'
/home/jit/workspace/vendor/bundle/ruby/4.0.0/bundler/gems/rails-0d1b4918594c/activerecord/lib/active_record/connection_adapters/postgresql/database_statements.rb:193:in 'ActiveRecord::ConnectionAdapters::PostgreSQL::DatabaseStatements#perform_query'
/home/jit/workspace/vendor/bundle/ruby/4.0.0/bundler/gems/rails-0d1b4918594c/activerecord/lib/active_record/connection_adapters/abstract/database_statements.rb:611:in 'block (2 levels) in ActiveRecord::ConnectionAdapters::DatabaseStatements#execute_intent'
/home/jit/workspace/vendor/bundle/ruby/4.0.0/bundler/gems/rails-0d1b4918594c/activerecord/lib/active_record/connection_adapters/abstract_adapter.rb:1093:in 'block in ActiveRecord::ConnectionAdapters::AbstractAdapter#with_raw_connection'
/home/jit/workspace/vendor/bundle/ruby/4.0.0/bundler/gems/rails-0d1b4918594c/activesupport/lib/active_support/concurrency/null_lock.rb:9:in 'ActiveSupport::Concurrency::NullLock#synchronize'
/home/jit/workspace/vendor/bundle/ruby/4.0.0/bundler/gems/rails-0d1b4918594c/activerecord/lib/active_record/connection_adapters/abstract_adapter.rb:1062:in 'ActiveRecord::ConnectionAdapters::AbstractAdapter#with_raw_connection'
/home/jit/workspace/vendor/bundle/ruby/4.0.0/bundler/gems/rails-0d1b4918594c/activerecord/lib/active_record/connection_adapters/abstract/database_statements.rb:610:in 'block in ActiveRecord::ConnectionAdapters::DatabaseStatements#execute_intent'
/home/jit/workspace/vendor/bundle/ruby/4.0.0/bundler/gems/rails-0d1b4918594c/activesupport/lib/active_support/notifications/instrumenter.rb:58:in 'ActiveSupport::Notifications::Instrumenter#instrument'
/home/jit/workspace/vendor/bundle/ruby/4.0.0/bundler/gems/rails-0d1b4918594c/activerecord/lib/active_record/connection_adapters/abstract_adapter.rb:1216:in 'ActiveRecord::ConnectionAdapters::AbstractAdapter#log'
/home/jit/workspace/vendor/bundle/ruby/4.0.0/bundler/gems/rails-0d1b4918594c/activerecord/lib/active_record/connection_adapters/abstract/database_statements.rb:608:in 'ActiveRecord::ConnectionAdapters::DatabaseStatements#execute_intent'
/home/jit/workspace/vendor/bundle/ruby/4.0.0/bundler/gems/rails-0d1b4918594c/activerecord/lib/active_record/connection_adapters/query_intent.rb:318:in 'ActiveRecord::ConnectionAdapters::QueryIntent#run_query!'
/home/jit/workspace/vendor/bundle/ruby/4.0.0/bundler/gems/rails-0d1b4918594c/activerecord/lib/active_record/connection_adapters/query_intent.rb:168:in 'ActiveRecord::ConnectionAdapters::QueryIntent#execute!'
/home/jit/workspace/vendor/bundle/ruby/4.0.0/bundler/gems/rails-0d1b4918594c/activerecord/lib/active_record/connection_adapters/postgresql/database_statements.rb:16:in 'ActiveRecord::ConnectionAdapters::PostgreSQL::DatabaseStatements#query_rows'
/home/jit/workspace/vendor/bundle/ruby/4.0.0/bundler/gems/rails-0d1b4918594c/activerecord/lib/active_record/connection_adapters/postgresql_adapter.rb:1085:in 'ActiveRecord::ConnectionAdapters::PostgreSQLAdapter#column_definitions'
/home/jit/workspace/vendor/bundle/ruby/4.0.0/bundler/gems/rails-0d1b4918594c/activerecord/lib/active_record/connection_adapters/abstract/schema_statements.rb:110:in 'ActiveRecord::ConnectionAdapters::SchemaStatements#columns'
/home/jit/workspace/vendor/bundle/ruby/4.0.0/bundler/gems/rails-0d1b4918594c/activerecord/lib/active_record/connection_adapters/abstract/schema_statements.rb:142:in 'ActiveRecord::ConnectionAdapters::SchemaStatements#column_exists?'
/home/jit/workspace/vendor/bundle/ruby/4.0.0/bundler/gems/rails-0d1b4918594c/activerecord/lib/active_record/migration/default_strategy.rb:10:in 'ActiveRecord::Migration::DefaultStrategy#method_missing'
/home/jit/workspace/vendor/bundle/ruby/4.0.0/bundler/gems/rails-0d1b4918594c/activerecord/lib/active_record/migration.rb:1061:in 'block in ActiveRecord::Migration#method_missing'
/home/jit/workspace/vendor/bundle/ruby/4.0.0/bundler/gems/rails-0d1b4918594c/activerecord/lib/active_record/migration.rb:1027:in 'block in ActiveRecord::Migration#say_with_time'
/home/jit/workspace/vendor/bundle/ruby/4.0.0/bundler/gems/rails-0d1b4918594c/activesupport/lib/active_support/benchmark.rb:17:in 'ActiveSupport::Benchmark.realtime'
/home/jit/workspace/vendor/bundle/ruby/4.0.0/bundler/gems/rails-0d1b4918594c/activerecord/lib/active_record/migration.rb:1027:in 'ActiveRecord::Migration#say_with_time'
/home/jit/workspace/vendor/bundle/ruby/4.0.0/bundler/gems/rails-0d1b4918594c/activerecord/lib/active_record/migration.rb:1050:in 'ActiveRecord::Migration#method_missing'
/home/jit/workspace/vendor/bundle/ruby/4.0.0/gems/strong_migrations-2.5.2/lib/strong_migrations/migration.rb:14:in 'block (2 levels) in StrongMigrations::Migration#method_missing'
/home/jit/workspace/vendor/bundle/ruby/4.0.0/gems/strong_migrations-2.5.2/lib/strong_migrations/checker.rb:127:in 'StrongMigrations::Checker#perform_method'
/home/jit/workspace/vendor/bundle/ruby/4.0.0/gems/strong_migrations-2.5.2/lib/strong_migrations/checker.rb:112:in 'StrongMigrations::Checker#perform'
/home/jit/workspace/vendor/bundle/ruby/4.0.0/gems/strong_migrations-2.5.2/lib/strong_migrations/migration.rb:13:in 'block in StrongMigrations::Migration#method_missing'
/home/jit/workspace/vendor/bundle/ruby/4.0.0/gems/strong_migrations-2.5.2/lib/strong_migrations/migration.rb:12:in 'Kernel#catch'
/home/jit/workspace/vendor/bundle/ruby/4.0.0/gems/strong_migrations-2.5.2/lib/strong_migrations/migration.rb:12:in 'StrongMigrations::Migration#method_missing'
/home/jit/workspace/db/operators_migrate/20251230133000_rename_identity_status_columns_to_status_id.rb:13:in 'block in RenameIdentityStatusColumnsToStatusId#change'
/home/jit/workspace/vendor/bundle/ruby/4.0.0/gems/strong_migrations-2.5.2/lib/strong_migrations/migration.rb:31:in 'block in StrongMigrations::Migration#safety_assured'
/home/jit/workspace/vendor/bundle/ruby/4.0.0/gems/strong_migrations-2.5.2/lib/strong_migrations/checker.rb:30:in 'StrongMigrations::Checker.safety_assured'
/home/jit/workspace/vendor/bundle/ruby/4.0.0/gems/strong_migrations-2.5.2/lib/strong_migrations/migration.rb:30:in 'StrongMigrations::Migration#safety_assured'
/home/jit/workspace/db/operators_migrate/20251230133000_rename_identity_status_columns_to_status_id.rb:5:in 'RenameIdentityStatusColumnsToStatusId#change'
/home/jit/workspace/vendor/bundle/ruby/4.0.0/bundler/gems/rails-0d1b4918594c/activerecord/lib/active_record/migration.rb:996:in 'ActiveRecord::Migration#exec_migration'
/home/jit/workspace/vendor/bundle/ruby/4.0.0/bundler/gems/rails-0d1b4918594c/activerecord/lib/active_record/migration.rb:980:in 'block (2 levels) in ActiveRecord::Migration#migrate'
/home/jit/workspace/vendor/bundle/ruby/4.0.0/bundler/gems/rails-0d1b4918594c/activesupport/lib/active_support/benchmark.rb:17:in 'ActiveSupport::Benchmark.realtime'
/home/jit/workspace/vendor/bundle/ruby/4.0.0/bundler/gems/rails-0d1b4918594c/activerecord/lib/active_record/migration.rb:979:in 'block in ActiveRecord::Migration#migrate'
/home/jit/workspace/vendor/bundle/ruby/4.0.0/bundler/gems/rails-0d1b4918594c/activerecord/lib/active_record/connection_adapters/abstract/connection_pool.rb:457:in 'ActiveRecord::ConnectionAdapters::ConnectionPool#with_connection'
/home/jit/workspace/vendor/bundle/ruby/4.0.0/bundler/gems/rails-0d1b4918594c/activerecord/lib/active_record/migration.rb:978:in 'ActiveRecord::Migration#migrate'
/home/jit/workspace/vendor/bundle/ruby/4.0.0/gems/strong_migrations-2.5.2/lib/strong_migrations/migration.rb:5:in 'StrongMigrations::Migration#migrate'
/home/jit/workspace/vendor/bundle/ruby/4.0.0/bundler/gems/rails-0d1b4918594c/activerecord/lib/active_record/migration.rb:1196:in 'ActiveRecord::MigrationProxy#migrate'
/home/jit/workspace/vendor/bundle/ruby/4.0.0/bundler/gems/rails-0d1b4918594c/activerecord/lib/active_record/migration.rb:1545:in 'block in ActiveRecord::Migrator#execute_migration_in_transaction'
/home/jit/workspace/vendor/bundle/ruby/4.0.0/bundler/gems/rails-0d1b4918594c/activerecord/lib/active_record/connection_adapters/abstract/transaction.rb:647:in 'block in ActiveRecord::ConnectionAdapters::TransactionManager#within_new_transaction'
/home/jit/workspace/vendor/bundle/ruby/4.0.0/bundler/gems/rails-0d1b4918594c/activesupport/lib/active_support/concurrency/null_lock.rb:9:in 'ActiveSupport::Concurrency::NullLock#synchronize'
/home/jit/workspace/vendor/bundle/ruby/4.0.0/bundler/gems/rails-0d1b4918594c/activerecord/lib/active_record/connection_adapters/abstract/transaction.rb:644:in 'ActiveRecord::ConnectionAdapters::TransactionManager#within_new_transaction'
/home/jit/workspace/vendor/bundle/ruby/4.0.0/bundler/gems/rails-0d1b4918594c/activerecord/lib/active_record/connection_adapters/abstract/database_statements.rb:441:in 'ActiveRecord::ConnectionAdapters::DatabaseStatements#within_new_transaction'
/home/jit/workspace/vendor/bundle/ruby/4.0.0/bundler/gems/rails-0d1b4918594c/activerecord/lib/active_record/connection_adapters/abstract/database_statements.rb:431:in 'ActiveRecord::ConnectionAdapters::DatabaseStatements#transaction'
/home/jit/workspace/vendor/bundle/ruby/4.0.0/bundler/gems/rails-0d1b4918594c/activerecord/lib/active_record/migration.rb:1596:in 'ActiveRecord::Migrator#ddl_transaction'
/home/jit/workspace/vendor/bundle/ruby/4.0.0/gems/strong_migrations-2.5.2/lib/strong_migrations/migrator.rb:5:in 'StrongMigrations::Migrator#ddl_transaction'
/home/jit/workspace/vendor/bundle/ruby/4.0.0/bundler/gems/rails-0d1b4918594c/activerecord/lib/active_record/migration.rb:1544:in 'ActiveRecord::Migrator#execute_migration_in_transaction'
/home/jit/workspace/vendor/bundle/ruby/4.0.0/bundler/gems/rails-0d1b4918594c/activerecord/lib/active_record/migration.rb:1518:in 'Array#each'
/home/jit/workspace/vendor/bundle/ruby/4.0.0/bundler/gems/rails-0d1b4918594c/activerecord/lib/active_record/migration.rb:1518:in 'ActiveRecord::Migrator#migrate_without_lock'
/home/jit/workspace/vendor/bundle/ruby/4.0.0/bundler/gems/rails-0d1b4918594c/activerecord/lib/active_record/migration.rb:1463:in 'block in ActiveRecord::Migrator#migrate'
/home/jit/workspace/vendor/bundle/ruby/4.0.0/bundler/gems/rails-0d1b4918594c/activerecord/lib/active_record/migration.rb:1616:in 'ActiveRecord::Migrator#with_advisory_lock'
/home/jit/workspace/vendor/bundle/ruby/4.0.0/bundler/gems/rails-0d1b4918594c/activerecord/lib/active_record/migration.rb:1463:in 'ActiveRecord::Migrator#migrate'
/home/jit/workspace/vendor/bundle/ruby/4.0.0/bundler/gems/rails-0d1b4918594c/activerecord/lib/active_record/migration.rb:1270:in 'ActiveRecord::MigrationContext#up'
/home/jit/workspace/vendor/bundle/ruby/4.0.0/gems/strong_migrations-2.5.2/lib/strong_migrations/migration_context.rb:4:in 'StrongMigrations::MigrationContext#up'
/home/jit/workspace/vendor/bundle/ruby/4.0.0/bundler/gems/rails-0d1b4918594c/activerecord/lib/active_record/migration.rb:1245:in 'ActiveRecord::MigrationContext#migrate'
/home/jit/workspace/vendor/bundle/ruby/4.0.0/bundler/gems/rails-0d1b4918594c/activerecord/lib/active_record/tasks/database_tasks.rb:275:in 'ActiveRecord::Tasks::DatabaseTasks#migrate'
/home/jit/workspace/vendor/bundle/ruby/4.0.0/bundler/gems/rails-0d1b4918594c/activerecord/lib/active_record/tasks/database_tasks.rb:260:in 'block (3 levels) in ActiveRecord::Tasks::DatabaseTasks#migrate_all'
/home/jit/workspace/vendor/bundle/ruby/4.0.0/bundler/gems/rails-0d1b4918594c/activerecord/lib/active_record/connection_adapters/abstract/connection_pool.rb:463:in 'ActiveRecord::ConnectionAdapters::ConnectionPool#with_connection'
/home/jit/workspace/vendor/bundle/ruby/4.0.0/bundler/gems/rails-0d1b4918594c/activerecord/lib/active_record/tasks/database_tasks.rb:548:in 'block in ActiveRecord::Tasks::DatabaseTasks#with_temporary_connection'
/home/jit/workspace/vendor/bundle/ruby/4.0.0/bundler/gems/rails-0d1b4918594c/activerecord/lib/active_record/tasks/database_tasks.rb:569:in 'ActiveRecord::Tasks::DatabaseTasks#with_temporary_pool'
/home/jit/workspace/vendor/bundle/ruby/4.0.0/bundler/gems/rails-0d1b4918594c/activerecord/lib/active_record/tasks/database_tasks.rb:547:in 'ActiveRecord::Tasks::DatabaseTasks#with_temporary_connection'
/home/jit/workspace/vendor/bundle/ruby/4.0.0/bundler/gems/rails-0d1b4918594c/activerecord/lib/active_record/tasks/database_tasks.rb:259:in 'block (2 levels) in ActiveRecord::Tasks::DatabaseTasks#migrate_all'
/home/jit/workspace/vendor/bundle/ruby/4.0.0/bundler/gems/rails-0d1b4918594c/activerecord/lib/active_record/tasks/database_tasks.rb:258:in 'Array#each'
/home/jit/workspace/vendor/bundle/ruby/4.0.0/bundler/gems/rails-0d1b4918594c/activerecord/lib/active_record/tasks/database_tasks.rb:258:in 'block in ActiveRecord::Tasks::DatabaseTasks#migrate_all'
/home/jit/workspace/vendor/bundle/ruby/4.0.0/bundler/gems/rails-0d1b4918594c/activerecord/lib/active_record/tasks/database_tasks.rb:257:in 'Array#each'
/home/jit/workspace/vendor/bundle/ruby/4.0.0/bundler/gems/rails-0d1b4918594c/activerecord/lib/active_record/tasks/database_tasks.rb:257:in 'ActiveRecord::Tasks::DatabaseTasks#migrate_all'
/home/jit/workspace/vendor/bundle/ruby/4.0.0/bundler/gems/rails-0d1b4918594c/activerecord/lib/active_record/railties/databases.rake:90:in 'block (2 levels) in <main>'
/home/jit/workspace/vendor/bundle/ruby/4.0.0/gems/rake-13.3.1/lib/rake/task.rb:281:in 'block in Rake::Task#execute'
/home/jit/workspace/vendor/bundle/ruby/4.0.0/gems/rake-13.3.1/lib/rake/task.rb:281:in 'Array#each'
/home/jit/workspace/vendor/bundle/ruby/4.0.0/gems/rake-13.3.1/lib/rake/task.rb:281:in 'Rake::Task#execute'
/home/jit/workspace/vendor/bundle/ruby/4.0.0/gems/rake-13.3.1/lib/rake/task.rb:219:in 'block in Rake::Task#invoke_with_call_chain'
/home/jit/workspace/vendor/bundle/ruby/4.0.0/gems/rake-13.3.1/lib/rake/task.rb:199:in 'Monitor#synchronize'
/home/jit/workspace/vendor/bundle/ruby/4.0.0/gems/rake-13.3.1/lib/rake/task.rb:199:in 'Rake::Task#invoke_with_call_chain'
/home/jit/workspace/vendor/bundle/ruby/4.0.0/gems/rake-13.3.1/lib/rake/task.rb:188:in 'Rake::Task#invoke'
/home/jit/workspace/vendor/bundle/ruby/4.0.0/gems/rake-13.3.1/lib/rake/application.rb:188:in 'Rake::Application#invoke_task'
/home/jit/workspace/vendor/bundle/ruby/4.0.0/gems/rake-13.3.1/lib/rake/application.rb:138:in 'block (2 levels) in Rake::Application#top_level'
/home/jit/workspace/vendor/bundle/ruby/4.0.0/gems/rake-13.3.1/lib/rake/application.rb:138:in 'Array#each'
/home/jit/workspace/vendor/bundle/ruby/4.0.0/gems/rake-13.3.1/lib/rake/application.rb:138:in 'block in Rake::Application#top_level'
/home/jit/workspace/vendor/bundle/ruby/4.0.0/gems/rake-13.3.1/lib/rake/application.rb:147:in 'Rake::Application#run_with_threads'
/home/jit/workspace/vendor/bundle/ruby/4.0.0/gems/rake-13.3.1/lib/rake/application.rb:132:in 'Rake::Application#top_level'
/home/jit/workspace/vendor/bundle/ruby/4.0.0/bundler/gems/rails-0d1b4918594c/railties/lib/rails/commands/rake/rake_command.rb:30:in 'block (3 levels) in Rails::Command::RakeCommand.perform'
/home/jit/workspace/vendor/bundle/ruby/4.0.0/bundler/gems/rails-0d1b4918594c/activesupport/lib/active_support/error_reporter.rb:117:in 'ActiveSupport::ErrorReporter#record'
/home/jit/workspace/vendor/bundle/ruby/4.0.0/bundler/gems/rails-0d1b4918594c/railties/lib/rails/commands/rake/rake_command.rb:29:in 'block (2 levels) in Rails::Command::RakeCommand.perform'
/home/jit/workspace/vendor/bundle/ruby/4.0.0/gems/rake-13.3.1/lib/rake/application.rb:214:in 'Rake::Application#standard_exception_handling'
/home/jit/workspace/vendor/bundle/ruby/4.0.0/bundler/gems/rails-0d1b4918594c/railties/lib/rails/commands/rake/rake_command.rb:28:in 'block in Rails::Command::RakeCommand.perform'
/home/jit/workspace/vendor/bundle/ruby/4.0.0/bundler/gems/rails-0d1b4918594c/railties/lib/rails/commands/rake/rake_command.rb:49:in 'block in Rails::Command::RakeCommand.with_rake'
/home/jit/workspace/vendor/bundle/ruby/4.0.0/gems/rake-13.3.1/lib/rake/rake_module.rb:59:in 'Rake.with_application'
/home/jit/workspace/vendor/bundle/ruby/4.0.0/bundler/gems/rails-0d1b4918594c/railties/lib/rails/commands/rake/rake_command.rb:46:in 'Rails::Command::RakeCommand.with_rake'
/home/jit/workspace/vendor/bundle/ruby/4.0.0/bundler/gems/rails-0d1b4918594c/railties/lib/rails/commands/rake/rake_command.rb:20:in 'Rails::Command::RakeCommand.perform'
/home/jit/workspace/vendor/bundle/ruby/4.0.0/bundler/gems/rails-0d1b4918594c/railties/lib/rails/command.rb:150:in 'Rails::Command.invoke_rake'
/home/jit/workspace/vendor/bundle/ruby/4.0.0/bundler/gems/rails-0d1b4918594c/railties/lib/rails/command.rb:67:in 'block in Rails::Command.invoke'
/home/jit/workspace/vendor/bundle/ruby/4.0.0/bundler/gems/rails-0d1b4918594c/railties/lib/rails/command.rb:143:in 'Rails::Command.with_argv'
/home/jit/workspace/vendor/bundle/ruby/4.0.0/bundler/gems/rails-0d1b4918594c/railties/lib/rails/command.rb:63:in 'Rails::Command.invoke'
/home/jit/workspace/vendor/bundle/ruby/4.0.0/bundler/gems/rails-0d1b4918594c/railties/lib/rails/commands.rb:18:in '<main>'
/home/jit/workspace/vendor/bundle/ruby/4.0.0/gems/bootsnap-1.20.1/lib/bootsnap/load_path_cache/core_ext/kernel_require.rb:30:in 'Kernel#require'

Caused by:
ActiveRecord::StatementInvalid: PG::UndefinedTable: ERROR:  relation "users" does not exist (ActiveRecord::StatementInvalid)
LINE 10:  WHERE a.attrelid = '"users"'::regclass
                             ^
/home/jit/workspace/vendor/bundle/ruby/4.0.0/bundler/gems/rails-0d1b4918594c/activerecord/lib/active_record/connection_adapters/postgresql/database_statements.rb:193:in 'PG::Connection#exec'
/home/jit/workspace/vendor/bundle/ruby/4.0.0/bundler/gems/rails-0d1b4918594c/activerecord/lib/active_record/connection_adapters/postgresql/database_statements.rb:193:in 'ActiveRecord::ConnectionAdapters::PostgreSQL::DatabaseStatements#perform_query'
/home/jit/workspace/vendor/bundle/ruby/4.0.0/bundler/gems/rails-0d1b4918594c/activerecord/lib/active_record/connection_adapters/abstract/database_statements.rb:611:in 'block (2 levels) in ActiveRecord::ConnectionAdapters::DatabaseStatements#execute_intent'
/home/jit/workspace/vendor/bundle/ruby/4.0.0/bundler/gems/rails-0d1b4918594c/activerecord/lib/active_record/connection_adapters/abstract_adapter.rb:1093:in 'block in ActiveRecord::ConnectionAdapters::AbstractAdapter#with_raw_connection'
/home/jit/workspace/vendor/bundle/ruby/4.0.0/bundler/gems/rails-0d1b4918594c/activesupport/lib/active_support/concurrency/null_lock.rb:9:in 'ActiveSupport::Concurrency::NullLock#synchronize'
/home/jit/workspace/vendor/bundle/ruby/4.0.0/bundler/gems/rails-0d1b4918594c/activerecord/lib/active_record/connection_adapters/abstract_adapter.rb:1062:in 'ActiveRecord::ConnectionAdapters::AbstractAdapter#with_raw_connection'
/home/jit/workspace/vendor/bundle/ruby/4.0.0/bundler/gems/rails-0d1b4918594c/activerecord/lib/active_record/connection_adapters/abstract/database_statements.rb:610:in 'block in ActiveRecord::ConnectionAdapters::DatabaseStatements#execute_intent'
/home/jit/workspace/vendor/bundle/ruby/4.0.0/bundler/gems/rails-0d1b4918594c/activesupport/lib/active_support/notifications/instrumenter.rb:58:in 'ActiveSupport::Notifications::Instrumenter#instrument'
/home/jit/workspace/vendor/bundle/ruby/4.0.0/bundler/gems/rails-0d1b4918594c/activerecord/lib/active_record/connection_adapters/abstract_adapter.rb:1216:in 'ActiveRecord::ConnectionAdapters::AbstractAdapter#log'
/home/jit/workspace/vendor/bundle/ruby/4.0.0/bundler/gems/rails-0d1b4918594c/activerecord/lib/active_record/connection_adapters/abstract/database_statements.rb:608:in 'ActiveRecord::ConnectionAdapters::DatabaseStatements#execute_intent'
/home/jit/workspace/vendor/bundle/ruby/4.0.0/bundler/gems/rails-0d1b4918594c/activerecord/lib/active_record/connection_adapters/query_intent.rb:318:in 'ActiveRecord::ConnectionAdapters::QueryIntent#run_query!'
/home/jit/workspace/vendor/bundle/ruby/4.0.0/bundler/gems/rails-0d1b4918594c/activerecord/lib/active_record/connection_adapters/query_intent.rb:168:in 'ActiveRecord::ConnectionAdapters::QueryIntent#execute!'
/home/jit/workspace/vendor/bundle/ruby/4.0.0/bundler/gems/rails-0d1b4918594c/activerecord/lib/active_record/connection_adapters/postgresql/database_statements.rb:16:in 'ActiveRecord::ConnectionAdapters::PostgreSQL::DatabaseStatements#query_rows'
/home/jit/workspace/vendor/bundle/ruby/4.0.0/bundler/gems/rails-0d1b4918594c/activerecord/lib/active_record/connection_adapters/postgresql_adapter.rb:1085:in 'ActiveRecord::ConnectionAdapters::PostgreSQLAdapter#column_definitions'
/home/jit/workspace/vendor/bundle/ruby/4.0.0/bundler/gems/rails-0d1b4918594c/activerecord/lib/active_record/connection_adapters/abstract/schema_statements.rb:110:in 'ActiveRecord::ConnectionAdapters::SchemaStatements#columns'
/home/jit/workspace/vendor/bundle/ruby/4.0.0/bundler/gems/rails-0d1b4918594c/activerecord/lib/active_record/connection_adapters/abstract/schema_statements.rb:142:in 'ActiveRecord::ConnectionAdapters::SchemaStatements#column_exists?'
/home/jit/workspace/vendor/bundle/ruby/4.0.0/bundler/gems/rails-0d1b4918594c/activerecord/lib/active_record/migration/default_strategy.rb:10:in 'ActiveRecord::Migration::DefaultStrategy#method_missing'
/home/jit/workspace/vendor/bundle/ruby/4.0.0/bundler/gems/rails-0d1b4918594c/activerecord/lib/active_record/migration.rb:1061:in 'block in ActiveRecord::Migration#method_missing'
/home/jit/workspace/vendor/bundle/ruby/4.0.0/bundler/gems/rails-0d1b4918594c/activerecord/lib/active_record/migration.rb:1027:in 'block in ActiveRecord::Migration#say_with_time'
/home/jit/workspace/vendor/bundle/ruby/4.0.0/bundler/gems/rails-0d1b4918594c/activesupport/lib/active_support/benchmark.rb:17:in 'ActiveSupport::Benchmark.realtime'
/home/jit/workspace/vendor/bundle/ruby/4.0.0/bundler/gems/rails-0d1b4918594c/activerecord/lib/active_record/migration.rb:1027:in 'ActiveRecord::Migration#say_with_time'
/home/jit/workspace/vendor/bundle/ruby/4.0.0/bundler/gems/rails-0d1b4918594c/activerecord/lib/active_record/migration.rb:1050:in 'ActiveRecord::Migration#method_missing'
/home/jit/workspace/vendor/bundle/ruby/4.0.0/gems/strong_migrations-2.5.2/lib/strong_migrations/migration.rb:14:in 'block (2 levels) in StrongMigrations::Migration#method_missing'
/home/jit/workspace/vendor/bundle/ruby/4.0.0/gems/strong_migrations-2.5.2/lib/strong_migrations/checker.rb:127:in 'StrongMigrations::Checker#perform_method'
/home/jit/workspace/vendor/bundle/ruby/4.0.0/gems/strong_migrations-2.5.2/lib/strong_migrations/checker.rb:112:in 'StrongMigrations::Checker#perform'
/home/jit/workspace/vendor/bundle/ruby/4.0.0/gems/strong_migrations-2.5.2/lib/strong_migrations/migration.rb:13:in 'block in StrongMigrations::Migration#method_missing'
/home/jit/workspace/vendor/bundle/ruby/4.0.0/gems/strong_migrations-2.5.2/lib/strong_migrations/migration.rb:12:in 'Kernel#catch'
/home/jit/workspace/vendor/bundle/ruby/4.0.0/gems/strong_migrations-2.5.2/lib/strong_migrations/migration.rb:12:in 'StrongMigrations::Migration#method_missing'
/home/jit/workspace/db/operators_migrate/20251230133000_rename_identity_status_columns_to_status_id.rb:13:in 'block in RenameIdentityStatusColumnsToStatusId#change'
/home/jit/workspace/vendor/bundle/ruby/4.0.0/gems/strong_migrations-2.5.2/lib/strong_migrations/migration.rb:31:in 'block in StrongMigrations::Migration#safety_assured'
/home/jit/workspace/vendor/bundle/ruby/4.0.0/gems/strong_migrations-2.5.2/lib/strong_migrations/checker.rb:30:in 'StrongMigrations::Checker.safety_assured'
/home/jit/workspace/vendor/bundle/ruby/4.0.0/gems/strong_migrations-2.5.2/lib/strong_migrations/migration.rb:30:in 'StrongMigrations::Migration#safety_assured'
/home/jit/workspace/db/operators_migrate/20251230133000_rename_identity_status_columns_to_status_id.rb:5:in 'RenameIdentityStatusColumnsToStatusId#change'
/home/jit/workspace/vendor/bundle/ruby/4.0.0/bundler/gems/rails-0d1b4918594c/activerecord/lib/active_record/migration.rb:996:in 'ActiveRecord::Migration#exec_migration'
/home/jit/workspace/vendor/bundle/ruby/4.0.0/bundler/gems/rails-0d1b4918594c/activerecord/lib/active_record/migration.rb:980:in 'block (2 levels) in ActiveRecord::Migration#migrate'
/home/jit/workspace/vendor/bundle/ruby/4.0.0/bundler/gems/rails-0d1b4918594c/activesupport/lib/active_support/benchmark.rb:17:in 'ActiveSupport::Benchmark.realtime'
/home/jit/workspace/vendor/bundle/ruby/4.0.0/bundler/gems/rails-0d1b4918594c/activerecord/lib/active_record/migration.rb:979:in 'block in ActiveRecord::Migration#migrate'
/home/jit/workspace/vendor/bundle/ruby/4.0.0/bundler/gems/rails-0d1b4918594c/activerecord/lib/active_record/connection_adapters/abstract/connection_pool.rb:457:in 'ActiveRecord::ConnectionAdapters::ConnectionPool#with_connection'
/home/jit/workspace/vendor/bundle/ruby/4.0.0/bundler/gems/rails-0d1b4918594c/activerecord/lib/active_record/migration.rb:978:in 'ActiveRecord::Migration#migrate'
/home/jit/workspace/vendor/bundle/ruby/4.0.0/gems/strong_migrations-2.5.2/lib/strong_migrations/migration.rb:5:in 'StrongMigrations::Migration#migrate'
/home/jit/workspace/vendor/bundle/ruby/4.0.0/bundler/gems/rails-0d1b4918594c/activerecord/lib/active_record/migration.rb:1196:in 'ActiveRecord::MigrationProxy#migrate'
/home/jit/workspace/vendor/bundle/ruby/4.0.0/bundler/gems/rails-0d1b4918594c/activerecord/lib/active_record/migration.rb:1545:in 'block in ActiveRecord::Migrator#execute_migration_in_transaction'
/home/jit/workspace/vendor/bundle/ruby/4.0.0/bundler/gems/rails-0d1b4918594c/activerecord/lib/active_record/connection_adapters/abstract/transaction.rb:647:in 'block in ActiveRecord::ConnectionAdapters::TransactionManager#within_new_transaction'
/home/jit/workspace/vendor/bundle/ruby/4.0.0/bundler/gems/rails-0d1b4918594c/activesupport/lib/active_support/concurrency/null_lock.rb:9:in 'ActiveSupport::Concurrency::NullLock#synchronize'
/home/jit/workspace/vendor/bundle/ruby/4.0.0/bundler/gems/rails-0d1b4918594c/activerecord/lib/active_record/connection_adapters/abstract/transaction.rb:644:in 'ActiveRecord::ConnectionAdapters::TransactionManager#within_new_transaction'
/home/jit/workspace/vendor/bundle/ruby/4.0.0/bundler/gems/rails-0d1b4918594c/activerecord/lib/active_record/connection_adapters/abstract/database_statements.rb:441:in 'ActiveRecord::ConnectionAdapters::DatabaseStatements#within_new_transaction'
/home/jit/workspace/vendor/bundle/ruby/4.0.0/bundler/gems/rails-0d1b4918594c/activerecord/lib/active_record/connection_adapters/abstract/database_statements.rb:431:in 'ActiveRecord::ConnectionAdapters::DatabaseStatements#transaction'
/home/jit/workspace/vendor/bundle/ruby/4.0.0/bundler/gems/rails-0d1b4918594c/activerecord/lib/active_record/migration.rb:1596:in 'ActiveRecord::Migrator#ddl_transaction'
/home/jit/workspace/vendor/bundle/ruby/4.0.0/gems/strong_migrations-2.5.2/lib/strong_migrations/migrator.rb:5:in 'StrongMigrations::Migrator#ddl_transaction'
/home/jit/workspace/vendor/bundle/ruby/4.0.0/bundler/gems/rails-0d1b4918594c/activerecord/lib/active_record/migration.rb:1544:in 'ActiveRecord::Migrator#execute_migration_in_transaction'
/home/jit/workspace/vendor/bundle/ruby/4.0.0/bundler/gems/rails-0d1b4918594c/activerecord/lib/active_record/migration.rb:1518:in 'Array#each'
/home/jit/workspace/vendor/bundle/ruby/4.0.0/bundler/gems/rails-0d1b4918594c/activerecord/lib/active_record/migration.rb:1518:in 'ActiveRecord::Migrator#migrate_without_lock'
/home/jit/workspace/vendor/bundle/ruby/4.0.0/bundler/gems/rails-0d1b4918594c/activerecord/lib/active_record/migration.rb:1463:in 'block in ActiveRecord::Migrator#migrate'
/home/jit/workspace/vendor/bundle/ruby/4.0.0/bundler/gems/rails-0d1b4918594c/activerecord/lib/active_record/migration.rb:1616:in 'ActiveRecord::Migrator#with_advisory_lock'
/home/jit/workspace/vendor/bundle/ruby/4.0.0/bundler/gems/rails-0d1b4918594c/activerecord/lib/active_record/migration.rb:1463:in 'ActiveRecord::Migrator#migrate'
/home/jit/workspace/vendor/bundle/ruby/4.0.0/bundler/gems/rails-0d1b4918594c/activerecord/lib/active_record/migration.rb:1270:in 'ActiveRecord::MigrationContext#up'
/home/jit/workspace/vendor/bundle/ruby/4.0.0/gems/strong_migrations-2.5.2/lib/strong_migrations/migration_context.rb:4:in 'StrongMigrations::MigrationContext#up'
/home/jit/workspace/vendor/bundle/ruby/4.0.0/bundler/gems/rails-0d1b4918594c/activerecord/lib/active_record/migration.rb:1245:in 'ActiveRecord::MigrationContext#migrate'
/home/jit/workspace/vendor/bundle/ruby/4.0.0/bundler/gems/rails-0d1b4918594c/activerecord/lib/active_record/tasks/database_tasks.rb:275:in 'ActiveRecord::Tasks::DatabaseTasks#migrate'
/home/jit/workspace/vendor/bundle/ruby/4.0.0/bundler/gems/rails-0d1b4918594c/activerecord/lib/active_record/tasks/database_tasks.rb:260:in 'block (3 levels) in ActiveRecord::Tasks::DatabaseTasks#migrate_all'
/home/jit/workspace/vendor/bundle/ruby/4.0.0/bundler/gems/rails-0d1b4918594c/activerecord/lib/active_record/connection_adapters/abstract/connection_pool.rb:463:in 'ActiveRecord::ConnectionAdapters::ConnectionPool#with_connection'
/home/jit/workspace/vendor/bundle/ruby/4.0.0/bundler/gems/rails-0d1b4918594c/activerecord/lib/active_record/tasks/database_tasks.rb:548:in 'block in ActiveRecord::Tasks::DatabaseTasks#with_temporary_connection'
/home/jit/workspace/vendor/bundle/ruby/4.0.0/bundler/gems/rails-0d1b4918594c/activerecord/lib/active_record/tasks/database_tasks.rb:569:in 'ActiveRecord::Tasks::DatabaseTasks#with_temporary_pool'
/home/jit/workspace/vendor/bundle/ruby/4.0.0/bundler/gems/rails-0d1b4918594c/activerecord/lib/active_record/tasks/database_tasks.rb:547:in 'ActiveRecord::Tasks::DatabaseTasks#with_temporary_connection'
/home/jit/workspace/vendor/bundle/ruby/4.0.0/bundler/gems/rails-0d1b4918594c/activerecord/lib/active_record/tasks/database_tasks.rb:259:in 'block (2 levels) in ActiveRecord::Tasks::DatabaseTasks#migrate_all'
/home/jit/workspace/vendor/bundle/ruby/4.0.0/bundler/gems/rails-0d1b4918594c/activerecord/lib/active_record/tasks/database_tasks.rb:258:in 'Array#each'
/home/jit/workspace/vendor/bundle/ruby/4.0.0/bundler/gems/rails-0d1b4918594c/activerecord/lib/active_record/tasks/database_tasks.rb:258:in 'block in ActiveRecord::Tasks::DatabaseTasks#migrate_all'
/home/jit/workspace/vendor/bundle/ruby/4.0.0/bundler/gems/rails-0d1b4918594c/activerecord/lib/active_record/tasks/database_tasks.rb:257:in 'Array#each'
/home/jit/workspace/vendor/bundle/ruby/4.0.0/bundler/gems/rails-0d1b4918594c/activerecord/lib/active_record/tasks/database_tasks.rb:257:in 'ActiveRecord::Tasks::DatabaseTasks#migrate_all'
/home/jit/workspace/vendor/bundle/ruby/4.0.0/bundler/gems/rails-0d1b4918594c/activerecord/lib/active_record/railties/databases.rake:90:in 'block (2 levels) in <main>'
/home/jit/workspace/vendor/bundle/ruby/4.0.0/gems/rake-13.3.1/lib/rake/task.rb:281:in 'block in Rake::Task#execute'
/home/jit/workspace/vendor/bundle/ruby/4.0.0/gems/rake-13.3.1/lib/rake/task.rb:281:in 'Array#each'
/home/jit/workspace/vendor/bundle/ruby/4.0.0/gems/rake-13.3.1/lib/rake/task.rb:281:in 'Rake::Task#execute'
/home/jit/workspace/vendor/bundle/ruby/4.0.0/gems/rake-13.3.1/lib/rake/task.rb:219:in 'block in Rake::Task#invoke_with_call_chain'
/home/jit/workspace/vendor/bundle/ruby/4.0.0/gems/rake-13.3.1/lib/rake/task.rb:199:in 'Monitor#synchronize'
/home/jit/workspace/vendor/bundle/ruby/4.0.0/gems/rake-13.3.1/lib/rake/task.rb:199:in 'Rake::Task#invoke_with_call_chain'
/home/jit/workspace/vendor/bundle/ruby/4.0.0/gems/rake-13.3.1/lib/rake/task.rb:188:in 'Rake::Task#invoke'
/home/jit/workspace/vendor/bundle/ruby/4.0.0/gems/rake-13.3.1/lib/rake/application.rb:188:in 'Rake::Application#invoke_task'
/home/jit/workspace/vendor/bundle/ruby/4.0.0/gems/rake-13.3.1/lib/rake/application.rb:138:in 'block (2 levels) in Rake::Application#top_level'
/home/jit/workspace/vendor/bundle/ruby/4.0.0/gems/rake-13.3.1/lib/rake/application.rb:138:in 'Array#each'
/home/jit/workspace/vendor/bundle/ruby/4.0.0/gems/rake-13.3.1/lib/rake/application.rb:138:in 'block in Rake::Application#top_level'
/home/jit/workspace/vendor/bundle/ruby/4.0.0/gems/rake-13.3.1/lib/rake/application.rb:147:in 'Rake::Application#run_with_threads'
/home/jit/workspace/vendor/bundle/ruby/4.0.0/gems/rake-13.3.1/lib/rake/application.rb:132:in 'Rake::Application#top_level'
/home/jit/workspace/vendor/bundle/ruby/4.0.0/bundler/gems/rails-0d1b4918594c/railties/lib/rails/commands/rake/rake_command.rb:30:in 'block (3 levels) in Rails::Command::RakeCommand.perform'
/home/jit/workspace/vendor/bundle/ruby/4.0.0/bundler/gems/rails-0d1b4918594c/activesupport/lib/active_support/error_reporter.rb:117:in 'ActiveSupport::ErrorReporter#record'
/home/jit/workspace/vendor/bundle/ruby/4.0.0/bundler/gems/rails-0d1b4918594c/railties/lib/rails/commands/rake/rake_command.rb:29:in 'block (2 levels) in Rails::Command::RakeCommand.perform'
/home/jit/workspace/vendor/bundle/ruby/4.0.0/gems/rake-13.3.1/lib/rake/application.rb:214:in 'Rake::Application#standard_exception_handling'
/home/jit/workspace/vendor/bundle/ruby/4.0.0/bundler/gems/rails-0d1b4918594c/railties/lib/rails/commands/rake/rake_command.rb:28:in 'block in Rails::Command::RakeCommand.perform'
/home/jit/workspace/vendor/bundle/ruby/4.0.0/bundler/gems/rails-0d1b4918594c/railties/lib/rails/commands/rake/rake_command.rb:49:in 'block in Rails::Command::RakeCommand.with_rake'
/home/jit/workspace/vendor/bundle/ruby/4.0.0/gems/rake-13.3.1/lib/rake/rake_module.rb:59:in 'Rake.with_application'
/home/jit/workspace/vendor/bundle/ruby/4.0.0/bundler/gems/rails-0d1b4918594c/railties/lib/rails/commands/rake/rake_command.rb:46:in 'Rails::Command::RakeCommand.with_rake'
/home/jit/workspace/vendor/bundle/ruby/4.0.0/bundler/gems/rails-0d1b4918594c/railties/lib/rails/commands/rake/rake_command.rb:20:in 'Rails::Command::RakeCommand.perform'
/home/jit/workspace/vendor/bundle/ruby/4.0.0/bundler/gems/rails-0d1b4918594c/railties/lib/rails/command.rb:150:in 'Rails::Command.invoke_rake'
/home/jit/workspace/vendor/bundle/ruby/4.0.0/bundler/gems/rails-0d1b4918594c/railties/lib/rails/command.rb:67:in 'block in Rails::Command.invoke'
/home/jit/workspace/vendor/bundle/ruby/4.0.0/bundler/gems/rails-0d1b4918594c/railties/lib/rails/command.rb:143:in 'Rails::Command.with_argv'
/home/jit/workspace/vendor/bundle/ruby/4.0.0/bundler/gems/rails-0d1b4918594c/railties/lib/rails/command.rb:63:in 'Rails::Command.invoke'
/home/jit/workspace/vendor/bundle/ruby/4.0.0/bundler/gems/rails-0d1b4918594c/railties/lib/rails/commands.rb:18:in '<main>'
/home/jit/workspace/vendor/bundle/ruby/4.0.0/gems/bootsnap-1.20.1/lib/bootsnap/load_path_cache/core_ext/kernel_require.rb:30:in 'Kernel#require'

Caused by:
PG::UndefinedTable: ERROR:  relation "users" does not exist (PG::UndefinedTable)
LINE 10:  WHERE a.attrelid = '"users"'::regclass
                             ^
/home/jit/workspace/vendor/bundle/ruby/4.0.0/bundler/gems/rails-0d1b4918594c/activerecord/lib/active_record/connection_adapters/postgresql/database_statements.rb:193:in 'PG::Connection#exec'
/home/jit/workspace/vendor/bundle/ruby/4.0.0/bundler/gems/rails-0d1b4918594c/activerecord/lib/active_record/connection_adapters/postgresql/database_statements.rb:193:in 'ActiveRecord::ConnectionAdapters::PostgreSQL::DatabaseStatements#perform_query'
/home/jit/workspace/vendor/bundle/ruby/4.0.0/bundler/gems/rails-0d1b4918594c/activerecord/lib/active_record/connection_adapters/abstract/database_statements.rb:611:in 'block (2 levels) in ActiveRecord::ConnectionAdapters::DatabaseStatements#execute_intent'
/home/jit/workspace/vendor/bundle/ruby/4.0.0/bundler/gems/rails-0d1b4918594c/activerecord/lib/active_record/connection_adapters/abstract_adapter.rb:1093:in 'block in ActiveRecord::ConnectionAdapters::AbstractAdapter#with_raw_connection'
/home/jit/workspace/vendor/bundle/ruby/4.0.0/bundler/gems/rails-0d1b4918594c/activesupport/lib/active_support/concurrency/null_lock.rb:9:in 'ActiveSupport::Concurrency::NullLock#synchronize'
/home/jit/workspace/vendor/bundle/ruby/4.0.0/bundler/gems/rails-0d1b4918594c/activerecord/lib/active_record/connection_adapters/abstract_adapter.rb:1062:in 'ActiveRecord::ConnectionAdapters::AbstractAdapter#with_raw_connection'
/home/jit/workspace/vendor/bundle/ruby/4.0.0/bundler/gems/rails-0d1b4918594c/activerecord/lib/active_record/connection_adapters/abstract/database_statements.rb:610:in 'block in ActiveRecord::ConnectionAdapters::DatabaseStatements#execute_intent'
/home/jit/workspace/vendor/bundle/ruby/4.0.0/bundler/gems/rails-0d1b4918594c/activesupport/lib/active_support/notifications/instrumenter.rb:58:in 'ActiveSupport::Notifications::Instrumenter#instrument'
/home/jit/workspace/vendor/bundle/ruby/4.0.0/bundler/gems/rails-0d1b4918594c/activerecord/lib/active_record/connection_adapters/abstract_adapter.rb:1216:in 'ActiveRecord::ConnectionAdapters::AbstractAdapter#log'
/home/jit/workspace/vendor/bundle/ruby/4.0.0/bundler/gems/rails-0d1b4918594c/activerecord/lib/active_record/connection_adapters/abstract/database_statements.rb:608:in 'ActiveRecord::ConnectionAdapters::DatabaseStatements#execute_intent'
/home/jit/workspace/vendor/bundle/ruby/4.0.0/bundler/gems/rails-0d1b4918594c/activerecord/lib/active_record/connection_adapters/query_intent.rb:318:in 'ActiveRecord::ConnectionAdapters::QueryIntent#run_query!'
/home/jit/workspace/vendor/bundle/ruby/4.0.0/bundler/gems/rails-0d1b4918594c/activerecord/lib/active_record/connection_adapters/query_intent.rb:168:in 'ActiveRecord::ConnectionAdapters::QueryIntent#execute!'
/home/jit/workspace/vendor/bundle/ruby/4.0.0/bundler/gems/rails-0d1b4918594c/activerecord/lib/active_record/connection_adapters/postgresql/database_statements.rb:16:in 'ActiveRecord::ConnectionAdapters::PostgreSQL::DatabaseStatements#query_rows'
/home/jit/workspace/vendor/bundle/ruby/4.0.0/bundler/gems/rails-0d1b4918594c/activerecord/lib/active_record/connection_adapters/postgresql_adapter.rb:1085:in 'ActiveRecord::ConnectionAdapters::PostgreSQLAdapter#column_definitions'
/home/jit/workspace/vendor/bundle/ruby/4.0.0/bundler/gems/rails-0d1b4918594c/activerecord/lib/active_record/connection_adapters/abstract/schema_statements.rb:110:in 'ActiveRecord::ConnectionAdapters::SchemaStatements#columns'
/home/jit/workspace/vendor/bundle/ruby/4.0.0/bundler/gems/rails-0d1b4918594c/activerecord/lib/active_record/connection_adapters/abstract/schema_statements.rb:142:in 'ActiveRecord::ConnectionAdapters::SchemaStatements#column_exists?'
/home/jit/workspace/vendor/bundle/ruby/4.0.0/bundler/gems/rails-0d1b4918594c/activerecord/lib/active_record/migration/default_strategy.rb:10:in 'ActiveRecord::Migration::DefaultStrategy#method_missing'
/home/jit/workspace/vendor/bundle/ruby/4.0.0/bundler/gems/rails-0d1b4918594c/activerecord/lib/active_record/migration.rb:1061:in 'block in ActiveRecord::Migration#method_missing'
/home/jit/workspace/vendor/bundle/ruby/4.0.0/bundler/gems/rails-0d1b4918594c/activerecord/lib/active_record/migration.rb:1027:in 'block in ActiveRecord::Migration#say_with_time'
/home/jit/workspace/vendor/bundle/ruby/4.0.0/bundler/gems/rails-0d1b4918594c/activesupport/lib/active_support/benchmark.rb:17:in 'ActiveSupport::Benchmark.realtime'
/home/jit/workspace/vendor/bundle/ruby/4.0.0/bundler/gems/rails-0d1b4918594c/activerecord/lib/active_record/migration.rb:1027:in 'ActiveRecord::Migration#say_with_time'
/home/jit/workspace/vendor/bundle/ruby/4.0.0/bundler/gems/rails-0d1b4918594c/activerecord/lib/active_record/migration.rb:1050:in 'ActiveRecord::Migration#method_missing'
/home/jit/workspace/vendor/bundle/ruby/4.0.0/gems/strong_migrations-2.5.2/lib/strong_migrations/migration.rb:14:in 'block (2 levels) in StrongMigrations::Migration#method_missing'
/home/jit/workspace/vendor/bundle/ruby/4.0.0/gems/strong_migrations-2.5.2/lib/strong_migrations/checker.rb:127:in 'StrongMigrations::Checker#perform_method'
/home/jit/workspace/vendor/bundle/ruby/4.0.0/gems/strong_migrations-2.5.2/lib/strong_migrations/checker.rb:112:in 'StrongMigrations::Checker#perform'
/home/jit/workspace/vendor/bundle/ruby/4.0.0/gems/strong_migrations-2.5.2/lib/strong_migrations/migration.rb:13:in 'block in StrongMigrations::Migration#method_missing'
/home/jit/workspace/vendor/bundle/ruby/4.0.0/gems/strong_migrations-2.5.2/lib/strong_migrations/migration.rb:12:in 'Kernel#catch'
/home/jit/workspace/vendor/bundle/ruby/4.0.0/gems/strong_migrations-2.5.2/lib/strong_migrations/migration.rb:12:in 'StrongMigrations::Migration#method_missing'
/home/jit/workspace/db/operators_migrate/20251230133000_rename_identity_status_columns_to_status_id.rb:13:in 'block in RenameIdentityStatusColumnsToStatusId#change'
/home/jit/workspace/vendor/bundle/ruby/4.0.0/gems/strong_migrations-2.5.2/lib/strong_migrations/migration.rb:31:in 'block in StrongMigrations::Migration#safety_assured'
/home/jit/workspace/vendor/bundle/ruby/4.0.0/gems/strong_migrations-2.5.2/lib/strong_migrations/checker.rb:30:in 'StrongMigrations::Checker.safety_assured'
/home/jit/workspace/vendor/bundle/ruby/4.0.0/gems/strong_migrations-2.5.2/lib/strong_migrations/migration.rb:30:in 'StrongMigrations::Migration#safety_assured'
/home/jit/workspace/db/operators_migrate/20251230133000_rename_identity_status_columns_to_status_id.rb:5:in 'RenameIdentityStatusColumnsToStatusId#change'
/home/jit/workspace/vendor/bundle/ruby/4.0.0/bundler/gems/rails-0d1b4918594c/activerecord/lib/active_record/migration.rb:996:in 'ActiveRecord::Migration#exec_migration'
/home/jit/workspace/vendor/bundle/ruby/4.0.0/bundler/gems/rails-0d1b4918594c/activerecord/lib/active_record/migration.rb:980:in 'block (2 levels) in ActiveRecord::Migration#migrate'
/home/jit/workspace/vendor/bundle/ruby/4.0.0/bundler/gems/rails-0d1b4918594c/activesupport/lib/active_support/benchmark.rb:17:in 'ActiveSupport::Benchmark.realtime'
/home/jit/workspace/vendor/bundle/ruby/4.0.0/bundler/gems/rails-0d1b4918594c/activerecord/lib/active_record/migration.rb:979:in 'block in ActiveRecord::Migration#migrate'
/home/jit/workspace/vendor/bundle/ruby/4.0.0/bundler/gems/rails-0d1b4918594c/activerecord/lib/active_record/connection_adapters/abstract/connection_pool.rb:457:in 'ActiveRecord::ConnectionAdapters::ConnectionPool#with_connection'
/home/jit/workspace/vendor/bundle/ruby/4.0.0/bundler/gems/rails-0d1b4918594c/activerecord/lib/active_record/migration.rb:978:in 'ActiveRecord::Migration#migrate'
/home/jit/workspace/vendor/bundle/ruby/4.0.0/gems/strong_migrations-2.5.2/lib/strong_migrations/migration.rb:5:in 'StrongMigrations::Migration#migrate'
/home/jit/workspace/vendor/bundle/ruby/4.0.0/bundler/gems/rails-0d1b4918594c/activerecord/lib/active_record/migration.rb:1196:in 'ActiveRecord::MigrationProxy#migrate'
/home/jit/workspace/vendor/bundle/ruby/4.0.0/bundler/gems/rails-0d1b4918594c/activerecord/lib/active_record/migration.rb:1545:in 'block in ActiveRecord::Migrator#execute_migration_in_transaction'
/home/jit/workspace/vendor/bundle/ruby/4.0.0/bundler/gems/rails-0d1b4918594c/activerecord/lib/active_record/connection_adapters/abstract/transaction.rb:647:in 'block in ActiveRecord::ConnectionAdapters::TransactionManager#within_new_transaction'
/home/jit/workspace/vendor/bundle/ruby/4.0.0/bundler/gems/rails-0d1b4918594c/activesupport/lib/active_support/concurrency/null_lock.rb:9:in 'ActiveSupport::Concurrency::NullLock#synchronize'
/home/jit/workspace/vendor/bundle/ruby/4.0.0/bundler/gems/rails-0d1b4918594c/activerecord/lib/active_record/connection_adapters/abstract/transaction.rb:644:in 'ActiveRecord::ConnectionAdapters::TransactionManager#within_new_transaction'
/home/jit/workspace/vendor/bundle/ruby/4.0.0/bundler/gems/rails-0d1b4918594c/activerecord/lib/active_record/connection_adapters/abstract/database_statements.rb:441:in 'ActiveRecord::ConnectionAdapters::DatabaseStatements#within_new_transaction'
/home/jit/workspace/vendor/bundle/ruby/4.0.0/bundler/gems/rails-0d1b4918594c/activerecord/lib/active_record/connection_adapters/abstract/database_statements.rb:431:in 'ActiveRecord::ConnectionAdapters::DatabaseStatements#transaction'
/home/jit/workspace/vendor/bundle/ruby/4.0.0/bundler/gems/rails-0d1b4918594c/activerecord/lib/active_record/migration.rb:1596:in 'ActiveRecord::Migrator#ddl_transaction'
/home/jit/workspace/vendor/bundle/ruby/4.0.0/gems/strong_migrations-2.5.2/lib/strong_migrations/migrator.rb:5:in 'StrongMigrations::Migrator#ddl_transaction'
/home/jit/workspace/vendor/bundle/ruby/4.0.0/bundler/gems/rails-0d1b4918594c/activerecord/lib/active_record/migration.rb:1544:in 'ActiveRecord::Migrator#execute_migration_in_transaction'
/home/jit/workspace/vendor/bundle/ruby/4.0.0/bundler/gems/rails-0d1b4918594c/activerecord/lib/active_record/migration.rb:1518:in 'Array#each'
/home/jit/workspace/vendor/bundle/ruby/4.0.0/bundler/gems/rails-0d1b4918594c/activerecord/lib/active_record/migration.rb:1518:in 'ActiveRecord::Migrator#migrate_without_lock'
/home/jit/workspace/vendor/bundle/ruby/4.0.0/bundler/gems/rails-0d1b4918594c/activerecord/lib/active_record/migration.rb:1463:in 'block in ActiveRecord::Migrator#migrate'
/home/jit/workspace/vendor/bundle/ruby/4.0.0/bundler/gems/rails-0d1b4918594c/activerecord/lib/active_record/migration.rb:1616:in 'ActiveRecord::Migrator#with_advisory_lock'
/home/jit/workspace/vendor/bundle/ruby/4.0.0/bundler/gems/rails-0d1b4918594c/activerecord/lib/active_record/migration.rb:1463:in 'ActiveRecord::Migrator#migrate'
/home/jit/workspace/vendor/bundle/ruby/4.0.0/bundler/gems/rails-0d1b4918594c/activerecord/lib/active_record/migration.rb:1270:in 'ActiveRecord::MigrationContext#up'
/home/jit/workspace/vendor/bundle/ruby/4.0.0/gems/strong_migrations-2.5.2/lib/strong_migrations/migration_context.rb:4:in 'StrongMigrations::MigrationContext#up'
/home/jit/workspace/vendor/bundle/ruby/4.0.0/bundler/gems/rails-0d1b4918594c/activerecord/lib/active_record/migration.rb:1245:in 'ActiveRecord::MigrationContext#migrate'
/home/jit/workspace/vendor/bundle/ruby/4.0.0/bundler/gems/rails-0d1b4918594c/activerecord/lib/active_record/tasks/database_tasks.rb:275:in 'ActiveRecord::Tasks::DatabaseTasks#migrate'
/home/jit/workspace/vendor/bundle/ruby/4.0.0/bundler/gems/rails-0d1b4918594c/activerecord/lib/active_record/tasks/database_tasks.rb:260:in 'block (3 levels) in ActiveRecord::Tasks::DatabaseTasks#migrate_all'
/home/jit/workspace/vendor/bundle/ruby/4.0.0/bundler/gems/rails-0d1b4918594c/activerecord/lib/active_record/connection_adapters/abstract/connection_pool.rb:463:in 'ActiveRecord::ConnectionAdapters::ConnectionPool#with_connection'
/home/jit/workspace/vendor/bundle/ruby/4.0.0/bundler/gems/rails-0d1b4918594c/activerecord/lib/active_record/tasks/database_tasks.rb:548:in 'block in ActiveRecord::Tasks::DatabaseTasks#with_temporary_connection'
/home/jit/workspace/vendor/bundle/ruby/4.0.0/bundler/gems/rails-0d1b4918594c/activerecord/lib/active_record/tasks/database_tasks.rb:569:in 'ActiveRecord::Tasks::DatabaseTasks#with_temporary_pool'
/home/jit/workspace/vendor/bundle/ruby/4.0.0/bundler/gems/rails-0d1b4918594c/activerecord/lib/active_record/tasks/database_tasks.rb:547:in 'ActiveRecord::Tasks::DatabaseTasks#with_temporary_connection'
/home/jit/workspace/vendor/bundle/ruby/4.0.0/bundler/gems/rails-0d1b4918594c/activerecord/lib/active_record/tasks/database_tasks.rb:259:in 'block (2 levels) in ActiveRecord::Tasks::DatabaseTasks#migrate_all'
/home/jit/workspace/vendor/bundle/ruby/4.0.0/bundler/gems/rails-0d1b4918594c/activerecord/lib/active_record/tasks/database_tasks.rb:258:in 'Array#each'
/home/jit/workspace/vendor/bundle/ruby/4.0.0/bundler/gems/rails-0d1b4918594c/activerecord/lib/active_record/tasks/database_tasks.rb:258:in 'block in ActiveRecord::Tasks::DatabaseTasks#migrate_all'
/home/jit/workspace/vendor/bundle/ruby/4.0.0/bundler/gems/rails-0d1b4918594c/activerecord/lib/active_record/tasks/database_tasks.rb:257:in 'Array#each'
/home/jit/workspace/vendor/bundle/ruby/4.0.0/bundler/gems/rails-0d1b4918594c/activerecord/lib/active_record/tasks/database_tasks.rb:257:in 'ActiveRecord::Tasks::DatabaseTasks#migrate_all'
/home/jit/workspace/vendor/bundle/ruby/4.0.0/bundler/gems/rails-0d1b4918594c/activerecord/lib/active_record/railties/databases.rake:90:in 'block (2 levels) in <main>'
/home/jit/workspace/vendor/bundle/ruby/4.0.0/gems/rake-13.3.1/lib/rake/task.rb:281:in 'block in Rake::Task#execute'
/home/jit/workspace/vendor/bundle/ruby/4.0.0/gems/rake-13.3.1/lib/rake/task.rb:281:in 'Array#each'
/home/jit/workspace/vendor/bundle/ruby/4.0.0/gems/rake-13.3.1/lib/rake/task.rb:281:in 'Rake::Task#execute'
/home/jit/workspace/vendor/bundle/ruby/4.0.0/gems/rake-13.3.1/lib/rake/task.rb:219:in 'block in Rake::Task#invoke_with_call_chain'
/home/jit/workspace/vendor/bundle/ruby/4.0.0/gems/rake-13.3.1/lib/rake/task.rb:199:in 'Monitor#synchronize'
/home/jit/workspace/vendor/bundle/ruby/4.0.0/gems/rake-13.3.1/lib/rake/task.rb:199:in 'Rake::Task#invoke_with_call_chain'
/home/jit/workspace/vendor/bundle/ruby/4.0.0/gems/rake-13.3.1/lib/rake/task.rb:188:in 'Rake::Task#invoke'
/home/jit/workspace/vendor/bundle/ruby/4.0.0/gems/rake-13.3.1/lib/rake/application.rb:188:in 'Rake::Application#invoke_task'
/home/jit/workspace/vendor/bundle/ruby/4.0.0/gems/rake-13.3.1/lib/rake/application.rb:138:in 'block (2 levels) in Rake::Application#top_level'
/home/jit/workspace/vendor/bundle/ruby/4.0.0/gems/rake-13.3.1/lib/rake/application.rb:138:in 'Array#each'
/home/jit/workspace/vendor/bundle/ruby/4.0.0/gems/rake-13.3.1/lib/rake/application.rb:138:in 'block in Rake::Application#top_level'
/home/jit/workspace/vendor/bundle/ruby/4.0.0/gems/rake-13.3.1/lib/rake/application.rb:147:in 'Rake::Application#run_with_threads'
/home/jit/workspace/vendor/bundle/ruby/4.0.0/gems/rake-13.3.1/lib/rake/application.rb:132:in 'Rake::Application#top_level'
/home/jit/workspace/vendor/bundle/ruby/4.0.0/bundler/gems/rails-0d1b4918594c/railties/lib/rails/commands/rake/rake_command.rb:30:in 'block (3 levels) in Rails::Command::RakeCommand.perform'
/home/jit/workspace/vendor/bundle/ruby/4.0.0/bundler/gems/rails-0d1b4918594c/activesupport/lib/active_support/error_reporter.rb:117:in 'ActiveSupport::ErrorReporter#record'
/home/jit/workspace/vendor/bundle/ruby/4.0.0/bundler/gems/rails-0d1b4918594c/railties/lib/rails/commands/rake/rake_command.rb:29:in 'block (2 levels) in Rails::Command::RakeCommand.perform'
/home/jit/workspace/vendor/bundle/ruby/4.0.0/gems/rake-13.3.1/lib/rake/application.rb:214:in 'Rake::Application#standard_exception_handling'
/home/jit/workspace/vendor/bundle/ruby/4.0.0/bundler/gems/rails-0d1b4918594c/railties/lib/rails/commands/rake/rake_command.rb:28:in 'block in Rails::Command::RakeCommand.perform'
/home/jit/workspace/vendor/bundle/ruby/4.0.0/bundler/gems/rails-0d1b4918594c/railties/lib/rails/commands/rake/rake_command.rb:49:in 'block in Rails::Command::RakeCommand.with_rake'
/home/jit/workspace/vendor/bundle/ruby/4.0.0/gems/rake-13.3.1/lib/rake/rake_module.rb:59:in 'Rake.with_application'
/home/jit/workspace/vendor/bundle/ruby/4.0.0/bundler/gems/rails-0d1b4918594c/railties/lib/rails/commands/rake/rake_command.rb:46:in 'Rails::Command::RakeCommand.with_rake'
/home/jit/workspace/vendor/bundle/ruby/4.0.0/bundler/gems/rails-0d1b4918594c/railties/lib/rails/commands/rake/rake_command.rb:20:in 'Rails::Command::RakeCommand.perform'
/home/jit/workspace/vendor/bundle/ruby/4.0.0/bundler/gems/rails-0d1b4918594c/railties/lib/rails/command.rb:150:in 'Rails::Command.invoke_rake'
/home/jit/workspace/vendor/bundle/ruby/4.0.0/bundler/gems/rails-0d1b4918594c/railties/lib/rails/command.rb:67:in 'block in Rails::Command.invoke'
/home/jit/workspace/vendor/bundle/ruby/4.0.0/bundler/gems/rails-0d1b4918594c/railties/lib/rails/command.rb:143:in 'Rails::Command.with_argv'
/home/jit/workspace/vendor/bundle/ruby/4.0.0/bundler/gems/rails-0d1b4918594c/railties/lib/rails/command.rb:63:in 'Rails::Command.invoke'
/home/jit/workspace/vendor/bundle/ruby/4.0.0/bundler/gems/rails-0d1b4918594c/railties/lib/rails/commands.rb:18:in '<main>'
/home/jit/workspace/vendor/bundle/ruby/4.0.0/gems/bootsnap-1.20.1/lib/bootsnap/load_path_cache/core_ext/kernel_require.rb:30:in 'Kernel#require'
Tasks: TOP => db:migrate
(See full trace by running task with --trace)
