DEBUGGER: Debugger can attach via UNIX domain socket (/tmp/rdbg-1000/rdbg-383753)
Dropped database 'development_guest_db'
Dropped database 'development_identity_db'
Dropped database 'development_profile_db'
Dropped database 'development_token_db'
Dropped database 'development_business_db'
Dropped database 'development_document_db'
Dropped database 'development_news_db'
Dropped database 'development_billing_db'
Dropped database 'development_message_db'
Dropped database 'development_notification_db'
Dropped database 'development_cache_db'
Dropped database 'development_queue_db'
Dropped database 'development_storage_db'
Dropped database 'development_speciality_db'
Dropped database 'development_universal_db'
Dropped database 'development_operator_db'
Dropped database 'development_avatar_db'
Dropped database 'development_default_db'
Dropped database 'test_guest_db'
Dropped database 'test_identity_db'
Dropped database 'test_profile_db'
Dropped database 'test_token_db'
Dropped database 'test_notification_db'
Dropped database 'test_speciality_db'
Dropped database 'test_cache_db'
Dropped database 'test_queue_db'
Dropped database 'test_storage_db'
Dropped database 'test_business_db'
Dropped database 'test_document_db'
Dropped database 'test_news_db'
Dropped database 'test_billing_db'
Dropped database 'test_message_db'
Dropped database 'test_universal_db'
Dropped database 'test_operator_db'
Dropped database 'test_avatar_db'
Dropped database 'test_default_db'
Created database 'development_guest_db'
Created database 'development_identity_db'
Created database 'development_profile_db'
Created database 'development_token_db'
Created database 'development_business_db'
Created database 'development_document_db'
Created database 'development_news_db'
Created database 'development_billing_db'
Created database 'development_message_db'
Created database 'development_notification_db'
Created database 'development_cache_db'
Created database 'development_queue_db'
Created database 'development_storage_db'
Created database 'development_speciality_db'
Created database 'development_universal_db'
Created database 'development_operator_db'
Created database 'development_avatar_db'
Created database 'development_default_db'
Created database 'test_guest_db'
Created database 'test_identity_db'
Created database 'test_profile_db'
Created database 'test_token_db'
Created database 'test_notification_db'
Created database 'test_speciality_db'
Created database 'test_cache_db'
Created database 'test_queue_db'
Created database 'test_storage_db'
Created database 'test_business_db'
Created database 'test_document_db'
Created database 'test_news_db'
Created database 'test_billing_db'
Created database 'test_message_db'
Created database 'test_universal_db'
Created database 'test_operator_db'
Created database 'test_avatar_db'
Created database 'test_default_db'
