DEBUGGER: Debugger can attach via UNIX domain socket (/tmp/rdbg-1000/rdbg-359195)
Dropped database 'development_guest_db'
Dropped database 'development_identity_db'
Dropped database 'development_profile_db'
Dropped database 'development_token_db'
Dropped database 'development_business_db'
Dropped database 'development_document_db'
Dropped database 'development_news_db'
Dropped database 'development_billing_db'
Dropped database 'development_message_db'
Dropped database 'development_notification_db'
Dropped database 'development_cache_db'
Dropped database 'development_queue_db'
Dropped database 'development_storage_db'
Dropped database 'development_speciality_db'
Dropped database 'development_universal_db'
Dropped database 'development_operator_db'
Dropped database 'development_avatar_db'
Dropped database 'development_default_db'
Dropped database 'test_guest_db'
Dropped database 'test_identity_db'
Dropped database 'test_profile_db'
Dropped database 'test_token_db'
Dropped database 'test_notification_db'
Dropped database 'test_speciality_db'
Dropped database 'test_cache_db'
Dropped database 'test_queue_db'
Dropped database 'test_storage_db'
Dropped database 'test_business_db'
Dropped database 'test_document_db'
Dropped database 'test_news_db'
Dropped database 'test_billing_db'
Dropped database 'test_message_db'
Dropped database 'test_universal_db'
Dropped database 'test_operator_db'
Dropped database 'test_avatar_db'
Dropped database 'test_default_db'
Created database 'development_guest_db'
Created database 'development_identity_db'
Created database 'development_profile_db'
Created database 'development_token_db'
Created database 'development_business_db'
Created database 'development_document_db'
Created database 'development_news_db'
Created database 'development_billing_db'
Created database 'development_message_db'
Created database 'development_notification_db'
Created database 'development_cache_db'
Created database 'development_queue_db'
Created database 'development_storage_db'
Created database 'development_speciality_db'
Created database 'development_universal_db'
Created database 'development_operator_db'
Created database 'development_avatar_db'
Created database 'development_default_db'
Created database 'test_guest_db'
Created database 'test_identity_db'
Created database 'test_profile_db'
Created database 'test_token_db'
Created database 'test_notification_db'
Created database 'test_speciality_db'
Created database 'test_cache_db'
Created database 'test_queue_db'
Created database 'test_storage_db'
Created database 'test_business_db'
Created database 'test_document_db'
Created database 'test_news_db'
Created database 'test_billing_db'
Created database 'test_message_db'
Created database 'test_universal_db'
Created database 'test_operator_db'
Created database 'test_avatar_db'
Created database 'test_default_db'
== 20240627130203 CreateExtensions: migrating =================================
-- extension_enabled?("pgcrypto")
   -> 0.0013s
-- enable_extension("pgcrypto")
   -> 0.0055s
== 20240627130203 CreateExtensions: migrated (0.0132s) ========================

== 20240627130203 CreateExtensions: migrating =================================
-- extension_enabled?("pgcrypto")
   -> 0.0011s
-- enable_extension("pgcrypto")
   -> 0.0051s
== 20240627130203 CreateExtensions: migrated (0.0078s) ========================

== 20240627130203 CreateExtensions: migrating =================================
-- extension_enabled?("pgcrypto")
   -> 0.0011s
-- enable_extension("pgcrypto")
   -> 0.0055s
== 20240627130203 CreateExtensions: migrated (0.0081s) ========================

== 20240627130203 CreateExtensions: migrating =================================
-- extension_enabled?("pgcrypto")
   -> 0.0012s
-- enable_extension("pgcrypto")
   -> 0.0055s
== 20240627130203 CreateExtensions: migrated (0.0084s) ========================

== 20240627130203 CreateExtensions: migrating =================================
-- extension_enabled?("pgcrypto")
   -> 0.0012s
-- enable_extension("pgcrypto")
   -> 0.0052s
== 20240627130203 CreateExtensions: migrated (0.0081s) ========================

== 20240627130203 CreateExtensions: migrating =================================
-- extension_enabled?("pgcrypto")
   -> 0.0011s
-- enable_extension("pgcrypto")
   -> 0.0045s
== 20240627130203 CreateExtensions: migrated (0.0069s) ========================

== 20240827130201 CreateUsers: migrating ======================================
-- create_table(:users, {id: :uuid, default: #<Proc:0x00007f938480b5c8 /home/jit/workspace/db/identities_migrate/20240827130201_create_users.rb:8 (lambda)>})
   -> 0.0039s
== 20240827130201 CreateUsers: migrated (0.0055s) =============================

== 20240827130202 CreateStaffs: migrating =====================================
-- create_table(:staffs, {id: :uuid, default: #<Proc:0x00007f9384210c40 /home/jit/workspace/db/operators_migrate/20240827130202_create_staffs.rb:8 (lambda)>})
   -> 0.0035s
== 20240827130202 CreateStaffs: migrated (0.0048s) ============================

== 20240830171634 CreateUserGoogleAuths: migrating ============================
-- create_table(:user_google_auths, {id: :uuid, default: #<Proc:0x00007f938355ff28 /home/jit/workspace/db/identities_migrate/20240830171634_create_user_google_auths.rb:5 (lambda)>})
   -> 0.0056s
== 20240830171634 CreateUserGoogleAuths: migrated (0.0069s) ===================

== 20240830171643 CreateUserAppleAuths: migrating =============================
-- create_table(:user_apple_auths, {id: :uuid, default: #<Proc:0x00007f9382cc9e40 /home/jit/workspace/db/identities_migrate/20240830171643_create_user_apple_auths.rb:5 (lambda)>})
   -> 0.0052s
== 20240830171643 CreateUserAppleAuths: migrated (0.0064s) ====================

== 20241030051235 CreateAppContactStatuses: migrating =========================
-- create_table(:app_contact_statuses, {id: :string, limit: 255})
   -> 0.0035s
== 20241030051235 CreateAppContactStatuses: migrated (0.0048s) ================

== 20241030051236 CreateComContactStatuses: migrating =========================
-- create_table(:com_contact_statuses, {id: :string, limit: 255})
   -> 0.0020s
== 20241030051236 CreateComContactStatuses: migrated (0.0032s) ================

== 20241030051237 CreateOrgContactStatuses: migrating =========================
-- create_table(:org_contact_statuses, {id: :string, limit: 255})
   -> 0.0064s
== 20241030051237 CreateOrgContactStatuses: migrated (0.0077s) ================

== 20241030051238 CreateAppContactCategories: migrating =======================
-- create_table(:app_contact_categories, {id: false})
   -> 0.0037s
== 20241030051238 CreateAppContactCategories: migrated (0.0049s) ==============

== 20241030051239 CreateComContactCategories: migrating =======================
-- create_table(:com_contact_categories, {id: false})
   -> 0.0022s
== 20241030051239 CreateComContactCategories: migrated (0.0035s) ==============

== 20241030051240 CreateOrgContactCategories: migrating =======================
-- create_table(:org_contact_categories, {id: false})
   -> 0.0027s
== 20241030051240 CreateOrgContactCategories: migrated (0.0047s) ==============

== 20250202121500 CreatePostVersions: migrating ===============================
-- create_table(:post_versions, {id: :uuid, default: #<Proc:0x00007f9380491298 /home/jit/workspace/db/avatars_migrate/20250202121500_create_post_versions.rb:5 (lambda)>})
   -> 0.0046s
-- add_index(:post_versions, [:post_id, :created_at], {order: {created_at: :desc}})
   -> 0.0016s
-- add_index(:post_versions, :public_id, {unique: true})
   -> 0.0007s
== 20250202121500 CreatePostVersions: migrated (0.0120s) ======================

== 20250421131400 CreateUserIdentityOneTimePasswords: migrating ===============
-- create_table(:user_identity_one_time_passwords, {id: false})
   -> 0.0035s
== 20250421131400 CreateUserIdentityOneTimePasswords: migrated (0.0049s) ======

== 20250429231841 CreateStaffIdentityEmails: migrating ========================
-- create_table(:staff_identity_emails, {id: :uuid, default: #<Proc:0x00007f9384268968 /home/jit/workspace/db/operators_migrate/20250429231841_create_staff_identity_emails.rb:5 (lambda)>})
   -> 0.0055s
== 20250429231841 CreateStaffIdentityEmails: migrated (0.0070s) ===============

== 20250429231842 CreateUserIdentityEmails: migrating =========================
-- create_table(:user_identity_emails, {id: :uuid, default: #<Proc:0x00007f938358f138 /home/jit/workspace/db/identities_migrate/20250429231842_create_user_identity_emails.rb:5 (lambda)>})
   -> 0.0050s
== 20250429231842 CreateUserIdentityEmails: migrated (0.0066s) ================

== 20250429234634 CreateStaffIdentityTelephones: migrating ====================
-- create_table(:staff_identity_telephones, {id: :uuid, default: #<Proc:0x00007f93831c59f8 /home/jit/workspace/db/operators_migrate/20250429234634_create_staff_identity_telephones.rb:5 (lambda)>})
   -> 0.0053s
== 20250429234634 CreateStaffIdentityTelephones: migrated (0.0082s) ===========

== 20250429234642 CreateUserIdentityTelephones: migrating =====================
-- create_table(:user_identity_telephones, {id: :uuid, default: #<Proc:0x00007f93807713a0 /home/jit/workspace/db/identities_migrate/20250429234642_create_user_identity_telephones.rb:5 (lambda)>})
   -> 0.0096s
== 20250429234642 CreateUserIdentityTelephones: migrated (0.0131s) ============

== 20250504005603 CreateStaffRecoveryCodes: migrating =========================
-- create_table(:staff_recovery_codes, {id: :uuid, default: #<Proc:0x00007f938479f6e8 /home/jit/workspace/db/operators_migrate/20250504005603_create_staff_recovery_codes.rb:5 (lambda)>})
   -> 0.0069s
== 20250504005603 CreateStaffRecoveryCodes: migrated (0.0086s) ================

== 20250505020716 CreateAppContacts: migrating ================================
-- create_table(:app_contacts, {id: :uuid, default: #<Proc:0x00007f93843f7b58 /home/jit/workspace/db/guests_migrate/20250505020716_create_app_contacts.rb:5 (lambda)>})
   -> 0.0062s
-- add_index(:app_contacts, :token_digest)
   -> 0.0006s
-- add_index(:app_contacts, :token_expires_at)
   -> 0.0008s
-- add_foreign_key(:app_contacts, :app_contact_categories, {column: :contact_category_title, primary_key: :title})
   -> 0.0058s
-- add_foreign_key(:app_contacts, :app_contact_statuses, {column: :contact_status_id, primary_key: :id})
   -> 0.0011s
== 20250505020716 CreateAppContacts: migrated (0.0179s) =======================

== 20250505020717 CreateAppContactTelephones: migrating =======================
-- create_table(:app_contact_telephones, {id: :string})
   -> 0.0043s
-- add_index(:app_contact_telephones, :verifier_expires_at)
   -> 0.0009s
-- add_index(:app_contact_telephones, :telephone_number)
   -> 0.0008s
== 20250505020717 CreateAppContactTelephones: migrated (0.0085s) ==============

== 20250505020718 CreateAppContactEmails: migrating ===========================
-- create_table(:app_contact_emails, {id: :string})
   -> 0.0043s
-- add_index(:app_contact_emails, :verifier_expires_at)
   -> 0.0006s
-- add_index(:app_contact_emails, :email_address)
   -> 0.0007s
== 20250505020718 CreateAppContactEmails: migrated (0.0097s) ==================

== 20250512122515 CreatePersonas: migrating ===================================
-- create_table(:personas, {id: :uuid, default: #<Proc:0x00007f93853b56f8 /home/jit/workspace/db/specialities_migrate/20250512122515_create_personas.rb:5 (lambda)>})
   -> 0.0032s
== 20250512122515 CreatePersonas: migrated (0.0048s) ==========================

== 20250512172856 CreateActiveStorageTables: migrating ========================
-- create_table(:active_storage_blobs, {id: :uuid})
   -> 0.0044s
-- create_table(:active_storage_attachments, {id: :uuid})
   -> 0.0045s
-- create_table(:active_storage_variant_records, {id: :uuid})
   -> 0.0028s
== 20250512172856 CreateActiveStorageTables: migrated (0.0131s) ===============

== 20250801193448 CreateUserIdentityPasskeys: migrating =======================
-- create_table(:user_identity_passkeys, {id: :uuid, default: #<Proc:0x00007f9385704f20 /home/jit/workspace/db/identities_migrate/20250801193448_create_user_identity_passkeys.rb:5 (lambda)>})
   -> 0.0055s
-- add_index(:user_identity_passkeys, :webauthn_id, {unique: true})
   -> 0.0006s
== 20250801193448 CreateUserIdentityPasskeys: migrated (0.0086s) ==============

== 20250801193449 CreateStaffIdentityPasskeys: migrating ======================
-- create_table(:staff_identity_passkeys, {id: :uuid, default: #<Proc:0x00007f93833ddf38 /home/jit/workspace/db/operators_migrate/20250801193449_create_staff_identity_passkeys.rb:5 (lambda)>})
   -> 0.0059s
-- add_index(:staff_identity_passkeys, :webauthn_id, {unique: true})
   -> 0.0007s
== 20250801193449 CreateStaffIdentityPasskeys: migrated (0.0093s) =============

== 20250803215016 CreateGoogleAuths: migrating ================================
-- create_table(:google_auths, {id: :uuid, default: #<Proc:0x00007f938bea5350 /home/jit/workspace/db/identities_migrate/20250803215016_create_google_auths.rb:5 (lambda)>})
   -> 0.0049s
== 20250803215016 CreateGoogleAuths: migrated (0.0062s) =======================

== 20250803215056 CreateAppleAuths: migrating =================================
-- create_table(:apple_auths, {id: :uuid, default: #<Proc:0x00007f938d103560 /home/jit/workspace/db/identities_migrate/20250803215056_create_apple_auths.rb:5 (lambda)>})
   -> 0.0055s
== 20250803215056 CreateAppleAuths: migrated (0.0069s) ========================

== 20250808064814 CreateUserPasskeys: migrating ===============================
-- create_table(:user_passkeys, {id: :uuid, default: #<Proc:0x00007f9383e0e2c8 /home/jit/workspace/db/identities_migrate/20250808064814_create_user_passkeys.rb:5 (lambda)>})
   -> 0.0061s
-- add_index(:user_passkeys, :external_id)
   -> 0.0008s
== 20250808064814 CreateUserPasskeys: migrated (0.0102s) ======================

== 20250808064848 CreateStaffPasskeys: migrating ==============================
-- create_table(:staff_passkeys, {id: :uuid, default: #<Proc:0x00007f9383427fe8 /home/jit/workspace/db/operators_migrate/20250808064848_create_staff_passkeys.rb:5 (lambda)>})
   -> 0.0046s
-- add_index(:staff_passkeys, :external_id)
   -> 0.0006s
== 20250808064848 CreateStaffPasskeys: migrated (0.0077s) =====================

== 20251027061517 CreateOrgContacts: migrating ================================
-- create_table(:org_contacts, {id: :uuid, default: #<Proc:0x00007f93827923a0 /home/jit/workspace/db/guests_migrate/20251027061517_create_org_contacts.rb:5 (lambda)>})
   -> 0.0050s
-- add_index(:org_contacts, :token_digest)
   -> 0.0006s
-- add_index(:org_contacts, :token_expires_at)
   -> 0.0007s
-- add_foreign_key(:org_contacts, :org_contact_categories, {column: :contact_category_title, primary_key: :title})
   -> 0.0019s
-- add_foreign_key(:org_contacts, :org_contact_statuses, {column: :contact_status_id, primary_key: :id})
   -> 0.0028s
== 20251027061517 CreateOrgContacts: migrated (0.0147s) =======================

== 20251027061518 CreateOrgContactEmails: migrating ===========================
-- create_table(:org_contact_emails, {id: :string})
   -> 0.0043s
-- add_index(:org_contact_emails, :verifier_expires_at)
   -> 0.0006s
-- add_index(:org_contact_emails, :email_address)
   -> 0.0008s
== 20251027061518 CreateOrgContactEmails: migrated (0.0080s) ==================

== 20251027061519 CreateOrgContactTelephones: migrating =======================
-- create_table(:org_contact_telephones, {id: :string})
   -> 0.0040s
-- add_index(:org_contact_telephones, :verifier_expires_at)
   -> 0.0006s
-- add_index(:org_contact_telephones, :telephone_number)
   -> 0.0008s
== 20251027061519 CreateOrgContactTelephones: migrated (0.0074s) ==============

== 20251027090731 CreateComContactEmails: migrating ===========================
-- create_table(:com_contact_emails, {id: :string})
   -> 0.0033s
-- add_index(:com_contact_emails, :verifier_expires_at)
   -> 0.0007s
-- add_index(:com_contact_emails, :email_address)
   -> 0.0006s
== 20251027090731 CreateComContactEmails: migrated (0.0066s) ==================

== 20251027092404 CreateComContactTelephones: migrating =======================
-- create_table(:com_contact_telephones, {id: :string})
   -> 0.0026s
-- add_index(:com_contact_telephones, :verifier_expires_at)
   -> 0.0006s
-- add_index(:com_contact_telephones, :telephone_number)
   -> 0.0006s
== 20251027092404 CreateComContactTelephones: migrated (0.0071s) ==============

== 20251027092405 CreateComContacts: migrating ================================
-- create_table(:com_contacts, {id: :uuid, default: #<Proc:0x00007f9385722160 /home/jit/workspace/db/guests_migrate/20251027092405_create_com_contacts.rb:5 (lambda)>})
   -> 0.0063s
-- add_index(:com_contacts, :token_digest)
   -> 0.0006s
-- add_index(:com_contacts, :token_expires_at)
   -> 0.0006s
-- add_foreign_key(:com_contacts, :com_contact_categories, {column: :contact_category_title, primary_key: :title})
   -> 0.0012s
-- add_foreign_key(:com_contacts, :com_contact_statuses, {column: :contact_status_id, primary_key: :id})
   -> 0.0011s
== 20251027092405 CreateComContacts: migrated (0.0121s) =======================

== 20251027102306 CreateComContactTopics: migrating ===========================
-- create_table(:com_contact_topics, {id: :uuid, default: #<Proc:0x00007f938cf11e00 /home/jit/workspace/db/guests_migrate/20251027102306_create_com_contact_topics.rb:5 (lambda)>})
   -> 0.0034s
== 20251027102306 CreateComContactTopics: migrated (0.0045s) ==================

== 20251027102307 CreateComContactHistories: migrating ========================
-- create_table(:com_contact_histories, {id: :uuid, default: #<Proc:0x00007f93841f7bc8 /home/jit/workspace/db/guests_migrate/20251027102307_create_com_contact_histories.rb:5 (lambda)>})
   -> 0.0026s
== 20251027102307 CreateComContactHistories: migrated (0.0037s) ===============

== 20251112034939 UpdateComContactRelations: migrating ========================
-- add_column(:com_contact_emails, :com_contact_id, :uuid)
   -> 0.0014s
-- add_column(:com_contact_telephones, :com_contact_id, :uuid)
   -> 0.0006s
-- add_index(:com_contact_emails, :com_contact_id)
   -> 0.0009s
-- add_index(:com_contact_telephones, :com_contact_id)
   -> 0.0015s
-- execute("UPDATE com_contact_emails SET com_contact_id = contacts.id FROM com_contacts contacts WHERE contacts.com_contact_email_id = com_contact_emails.id::text")
   -> 0.0010s
-- execute("UPDATE com_contact_telephones SET com_contact_id = contacts.id FROM com_contacts contacts WHERE contacts.com_contact_telephone_id = com_contact_telephones.id::text")
   -> 0.0005s
-- change_column_null(:com_contact_emails, :com_contact_id, false)
   -> 0.0005s
-- change_column_null(:com_contact_telephones, :com_contact_id, false)
   -> 0.0005s
-- change_table(:com_contacts, {bulk: true})
   -> 0.0047s
== 20251112034939 UpdateComContactRelations: migrated (0.0145s) ===============

== 20251114051724 CreateUserIdentitySecrets: migrating ========================
-- create_table(:user_identity_secrets, {id: :uuid, default: #<Proc:0x00007f9384798b40 /home/jit/workspace/db/identities_migrate/20251114051724_create_user_identity_secrets.rb:5 (lambda)>})
   -> 0.0054s
== 20251114051724 CreateUserIdentitySecrets: migrated (0.0069s) ===============

== 20251115060000 EnforceStaffIdentitySecretLimit: migrating ==================
-- table_exists?(:staff_identity_secrets)
   -> 0.0002s
== 20251115060000 EnforceStaffIdentitySecretLimit: migrated (0.0017s) =========

== 20251115061000 EnforceUserIdentitySecretLimit: migrating ===================
-- execute("CREATE OR REPLACE FUNCTION check_user_identity_secrets_limit() RETURNS trigger AS $$ DECLARE secrets_count integer; BEGIN SELECT COUNT(*) INTO secrets_count FROM user_identity_secrets WHERE user_id = NEW.user_id; IF secrets_count >= 10 THEN RAISE EXCEPTION 'user_identity_secrets limit (10) exceeded for user %', NEW.user_id USING ERRCODE = '23514'; END IF; RETURN NEW; END; $$ LANGUAGE plpgsql;")
   -> 0.0011s
== 20251115061000 EnforceUserIdentitySecretLimit: migrated (0.0025s) ==========

== 20251115070000 RenameUserEmailsToUserIdentityEmails: migrating =============
-- table_exists?(:user_emails)
   -> 0.0003s
== 20251115070000 RenameUserEmailsToUserIdentityEmails: migrated (0.0017s) ====

== 20251115071000 RenameStaffEmailsToStaffIdentityEmails: migrating ===========
-- table_exists?(:staff_emails)
   -> 0.0004s
== 20251115071000 RenameStaffEmailsToStaffIdentityEmails: migrated (0.0015s) ==

== 20251115072000 RenameUserTelephonesToUserIdentityTelephones: migrating =====
-- table_exists?(:user_telephones)
   -> 0.0002s
== 20251115072000 RenameUserTelephonesToUserIdentityTelephones: migrated (0.0035s) 

== 20251115073000 RenameStaffTelephonesToStaffIdentityTelephones: migrating ===
-- table_exists?(:staff_telephones)
   -> 0.0002s
== 20251115073000 RenameStaffTelephonesToStaffIdentityTelephones: migrated (0.0013s) 

== 20251115074000 CreateUserOtpChallenges: migrating ==========================
-- create_table(:user_otp_challenges, {id: :uuid, default: #<Proc:0x00007f93841fd640 /home/jit/workspace/db/identities_migrate/20251115074000_create_user_otp_challenges.rb:5 (lambda)>})
   -> 0.0038s
-- add_index(:user_otp_challenges, :user_id)
   -> 0.0009s
-- add_index(:user_otp_challenges, :address)
   -> 0.0010s
-- add_index(:user_otp_challenges, :expires_at)
   -> 0.0007s
== 20251115074000 CreateUserOtpChallenges: migrated (0.0094s) =================

== 20251115075000 ChangeOtpCounterToText: migrating ===========================
-- change_column(:user_otp_challenges, :otp_counter, :text)
   -> 0.0059s
== 20251115075000 ChangeOtpCounterToText: migrated (0.0075s) ==================

== 20251115076000 MakeUserIdOptionalInOtpChallenges: migrating ================
-- change_column_null(:user_otp_challenges, :user_id, true)
   -> 0.0031s
== 20251115076000 MakeUserIdOptionalInOtpChallenges: migrated (0.0058s) =======

== 20251115080000 AddOtpFieldsToUserIdentityEmails: migrating =================
-- change_table(:user_identity_emails, {bulk: true})
   -> 0.0658s
== 20251115080000 AddOtpFieldsToUserIdentityEmails: migrated (0.0731s) ========

== 20251115081000 AddOtpFieldsToUserIdentityTelephones: migrating =============
-- change_table(:user_identity_telephones, {bulk: true})
   -> 0.0012s
== 20251115081000 AddOtpFieldsToUserIdentityTelephones: migrated (0.0031s) ====

== 20251115082000 AddOtpFieldsToStaffIdentityEmails: migrating ================
-- change_table(:staff_identity_emails, {bulk: true})
   -> 0.0030s
== 20251115082000 AddOtpFieldsToStaffIdentityEmails: migrated (0.0047s) =======

== 20251115083000 AddOtpFieldsToStaffIdentityTelephones: migrating ============
-- change_table(:staff_identity_telephones, {bulk: true})
   -> 0.0013s
== 20251115083000 AddOtpFieldsToStaffIdentityTelephones: migrated (0.0032s) ===

== 20251115084000 DropUserOtpChallenges: migrating ============================
-- drop_table(:user_otp_challenges)
   -> 0.0037s
== 20251115084000 DropUserOtpChallenges: migrated (0.0062s) ===================

== 20251203053941 AddHotpColumnsToComContactEmails: migrating =================
-- change_table(:com_contact_emails, {bulk: true})
   -> 0.0011s
== 20251203053941 AddHotpColumnsToComContactEmails: migrated (0.0028s) ========

== 20251203054500 AddHotpColumnsToComContactTelephones: migrating =============
-- change_table(:com_contact_telephones, {bulk: true})
   -> 0.0007s
== 20251203054500 AddHotpColumnsToComContactTelephones: migrated (0.0027s) ====

== 20251203124554 AddTitleAndDescriptionToComContactTopics: migrating =========
-- change_table(:com_contact_topics, {bulk: true})
   -> 0.0017s
== 20251203124554 AddTitleAndDescriptionToComContactTopics: migrated (0.0030s) 

== 20251208054612 AddLockingFieldsToStaffIdentities: migrating ================
-- change_table(:staff_identity_emails, {bulk: true})
   -> 0.0019s
-- change_table(:staff_identity_telephones, {bulk: true})
   -> 0.0009s
== 20251208054612 AddLockingFieldsToStaffIdentities: migrated (0.0044s) =======

== 20251208054613 AddLockingFieldsToUserIdentities: migrating =================
-- change_table(:user_identity_emails, {bulk: true})
   -> 0.0020s
-- change_table(:user_identity_telephones, {bulk: true})
   -> 0.0009s
== 20251208054613 AddLockingFieldsToUserIdentities: migrated (0.0045s) ========

== 20251208210540 CreateUserIdentityStatuses: migrating =======================
-- create_table(:user_identity_statuses, {id: :string, limit: 255})
   -> 0.0024s
-- execute("ALTER TABLE user_identity_statuses ALTER COLUMN id SET DEFAULT 'NONE'")
   -> 0.0007s
== 20251208210540 CreateUserIdentityStatuses: migrated (0.0049s) ==============Skipping add_index :users(:withdrawn_at) — column does not exist
Skipping add_index :staffs(:withdrawn_at) — column does not exist


== 20251208210549 CreateStaffIdentityStatuses: migrating ======================
-- create_table(:staff_identity_statuses, {id: :string, limit: 255})
   -> 0.0020s
-- execute("ALTER TABLE staff_identity_statuses ALTER COLUMN id SET DEFAULT 'NONE'")
   -> 0.0007s
== 20251208210549 CreateStaffIdentityStatuses: migrated (0.0043s) =============

== 20251208211240 AddPublicIdAndStaffStatusIdToStaffs: migrating ==============
-- change_table(:staffs, {bulk: true})
   -> 0.0017s
-- add_index(:staffs, :public_id, {unique: true})
   -> 0.0020s
-- add_index(:staffs, :staff_status_id)
   -> 0.0010s
-- add_foreign_key(:staffs, :staff_identity_statuses, {column: :staff_status_id, primary_key: :id})
   -> 0.0018s
== 20251208211240 AddPublicIdAndStaffStatusIdToStaffs: migrated (0.0129s) =====

== 20251208211448 AddPublicIdAndUserStatusIdToUsers: migrating ================
-- change_table(:users, {bulk: true})
   -> 0.0026s
-- add_index(:users, :public_id, {unique: true})
   -> 0.0010s
-- add_index(:users, :user_status_id)
   -> 0.0007s
-- add_foreign_key(:users, :user_identity_statuses, {column: :user_status_id, primary_key: :id})
   -> 0.0018s
== 20251208211448 AddPublicIdAndUserStatusIdToUsers: migrated (0.0111s) =======

== 20251208223048 CreateUserIdentityAudits: migrating =========================
-- create_table(:user_identity_audits, {id: :uuid, default: #<Proc:0x00007f9382b46ca8 /home/jit/workspace/db/identities_migrate/20251208223048_create_user_identity_audits.rb:5 (lambda)>})
   -> 0.0050s
== 20251208223048 CreateUserIdentityAudits: migrated (0.0066s) ================

== 20251208223235 CreateStaffIdentityAudits: migrating ========================
-- create_table(:staff_identity_audits, {id: :uuid, default: #<Proc:0x00007f93806cff28 /home/jit/workspace/db/operators_migrate/20251208223235_create_staff_identity_audits.rb:5 (lambda)>})
   -> 0.0051s
== 20251208223235 CreateStaffIdentityAudits: migrated (0.0079s) ===============

== 20251208230102 CreateUserIdentityAuditEvents: migrating ====================
-- create_table(:user_identity_audit_events, {id: :string, limit: 255})
   -> 0.0020s
-- execute("ALTER TABLE user_identity_audit_events ALTER COLUMN id SET DEFAULT 'NONE'")
   -> 0.0007s
== 20251208230102 CreateUserIdentityAuditEvents: migrated (0.0040s) ===========

== 20251208230132 CreateStaffIdentityAuditEvents: migrating ===================
-- create_table(:staff_identity_audit_events, {id: :string, limit: 255})
   -> 0.0019s
-- execute("ALTER TABLE staff_identity_audit_events ALTER COLUMN id SET DEFAULT 'NONE'")
   -> 0.0007s
== 20251208230132 CreateStaffIdentityAuditEvents: migrated (0.0040s) ==========

== 20251208230200 AddForeignKeysToStaffAuditTables: migrating =================
-- add_foreign_key(:staff_identity_audits, :staff_identity_audit_events, {column: :event_id})
   -> 0.0030s
== 20251208230200 AddForeignKeysToStaffAuditTables: migrated (0.0042s) ========

== 20251208230201 AddForeignKeysToUserAuditTables: migrating ==================
-- add_foreign_key(:user_identity_audits, :user_identity_audit_events, {column: :event_id})
   -> 0.0029s
== 20251208230201 AddForeignKeysToUserAuditTables: migrated (0.0042s) =========

== 20251208234932 CreateUserTokens: migrating =================================
-- create_table(:user_tokens, {id: :uuid, default: #<Proc:0x00007f938046c6c8 /home/jit/workspace/db/tokens_migrate/20251208234932_create_user_tokens.rb:5 (lambda)>})
   -> 0.0026s
== 20251208234932 CreateUserTokens: migrated (0.0038s) ========================

== 20251208235019 CreateStaffTokens: migrating ================================
-- create_table(:staff_tokens, {id: :uuid, default: #<Proc:0x00007f93853eaee8 /home/jit/workspace/db/tokens_migrate/20251208235019_create_staff_tokens.rb:5 (lambda)>})
   -> 0.0025s
== 20251208235019 CreateStaffTokens: migrated (0.0036s) =======================

== 20251209014633 AddIndexToUsersOnWithdrawnAt: migrating =====================
-- column_exists?(:users, :withdrawn_at)
   -> 0.0034s
== 20251209014633 AddIndexToUsersOnWithdrawnAt: migrated (0.0046s) ============

== 20251209014634 AddIndexToStaffsOnWithdrawnAtV2: migrating ==================
-- column_exists?(:staffs, :withdrawn_at)
   -> 0.0030s
== 20251209014634 AddIndexToStaffsOnWithdrawnAtV2: migrated (0.0043s) =========

== 20251209020000 AddWithdrawnAtToStaffs: migrating ===========================
-- column_exists?(:staffs, :withdrawn_at)
   -> 0.0025s
-- add_column(:staffs, :withdrawn_at, :datetime)
   -> 0.0006s
== 20251209020000 AddWithdrawnAtToStaffs: migrated (0.0045s) ==================

== 20251209020001 AddWithdrawnAtToUsers: migrating ============================
-- column_exists?(:users, :withdrawn_at)
   -> 0.0026s
-- add_column(:users, :withdrawn_at, :datetime)
   -> 0.0006s
== 20251209020001 AddWithdrawnAtToUsers: migrated (0.0045s) ===================

== 20251209123000 RenameUserStatusIdToUserIdentityStatusId: migrating =========
-- column_exists?(:users, :user_status_id)
   -> 0.0026s
-- foreign_key_exists?(:users, {column: :user_status_id})
   -> 0.0021s
-- remove_foreign_key(:users, {column: :user_status_id})
   -> 0.0031s
-- rename_column(:users, :user_status_id, :user_identity_status_id)
   -> 0.0037s
-- index_exists?(:users, :user_identity_status_id, {name: "index_users_on_user_status_id"})
   -> 0.0009s
-- index_exists?(:users, :user_status_id)
   -> 0.0009s
-- index_exists?(:users, :user_identity_status_id, {name: "index_users_on_user_identity_status_id"})
   -> 0.0008s
-- add_foreign_key(:users, :user_identity_statuses, {column: :user_identity_status_id, primary_key: :id})
   -> 0.0016s
== 20251209123000 RenameUserStatusIdToUserIdentityStatusId: migrated (0.0188s) 

== 20251209133000 RenameStaffStatusIdToStaffIdentityStatusId: migrating =======
-- column_exists?(:staffs, :staff_status_id)
   -> 0.0037s
-- foreign_key_exists?(:staffs, {column: :staff_status_id})
   -> 0.0020s
-- remove_foreign_key(:staffs, {column: :staff_status_id})
   -> 0.0026s
-- rename_column(:staffs, :staff_status_id, :staff_identity_status_id)
   -> 0.0035s
-- index_exists?(:staffs, :staff_identity_status_id, {name: "index_staffs_on_staff_status_id"})
   -> 0.0009s
-- index_exists?(:staffs, :staff_status_id)
   -> 0.0009s
-- index_exists?(:staffs, :staff_identity_status_id, {name: "index_staffs_on_staff_identity_status_id"})
   -> 0.0008s
-- foreign_key_exists?(:staffs, {column: :staff_identity_status_id})
   -> 0.0008s
-- add_foreign_key(:staffs, :staff_identity_statuses, {column: :staff_identity_status_id, primary_key: :id})
   -> 0.0015s
== 20251209133000 RenameStaffStatusIdToStaffIdentityStatusId: migrated (0.0180s) 

== 20251209143000 AddAuditEventIdIndexToStaffs: migrating =====================
-- index_exists?(:staffs, :withdrawn_at, {name: "index_staffs_on_withdrawn_at"})
   -> 0.0036s
-- add_index(:staffs, :withdrawn_at, {name: "index_staffs_on_withdrawn_at", where: "withdrawn_at IS NOT NULL"})
   -> 0.0050s
-- index_exists?(:staff_identity_audits, :event_id, {name: "index_staff_identity_audits_on_event_id"})
   -> 0.0011s
-- add_index(:staff_identity_audits, :event_id, {name: "index_staff_identity_audits_on_event_id"})
   -> 0.0008s
== 20251209143000 AddAuditEventIdIndexToStaffs: migrated (0.0131s) ============

== 20251209143001 AddAuditEventIdIndexToUsers: migrating ======================
-- index_exists?(:users, :withdrawn_at, {name: "index_users_on_withdrawn_at"})
   -> 0.0037s
-- add_index(:users, :withdrawn_at, {name: "index_users_on_withdrawn_at", where: "withdrawn_at IS NOT NULL"})
   -> 0.0049s
-- index_exists?(:user_identity_audits, :event_id, {name: "index_user_identity_audits_on_event_id"})
   -> 0.0010s
-- add_index(:user_identity_audits, :event_id, {name: "index_user_identity_audits_on_event_id"})
   -> 0.0009s
== 20251209143001 AddAuditEventIdIndexToUsers: migrated (0.0136s) =============

== 20251209180000 CreateOrgContactTopics: migrating ===========================
-- create_table(:org_contact_topics, {id: :uuid, default: #<Proc:0x00007f9383051c20 /home/jit/workspace/db/guests_migrate/20251209180000_create_org_contact_topics.rb:5 (lambda)>})
   -> 0.0060s
== 20251209180000 CreateOrgContactTopics: migrated (0.0075s) ==================

== 20251209181000 CreateAppContactTopics: migrating ===========================
-- create_table(:app_contact_topics, {id: :uuid, default: #<Proc:0x00007f938046c330 /home/jit/workspace/db/guests_migrate/20251209181000_create_app_contact_topics.rb:5 (lambda)>})
   -> 0.0049s
== 20251209181000 CreateAppContactTopics: migrated (0.0062s) ==================

== 20251211075546 CreateOrganizations: migrating ==============================
-- create_table(:organizations, {id: :uuid, default: #<Proc:0x00007f938d20c0b0 /home/jit/workspace/db/operators_migrate/20251211075546_create_organizations.rb:5 (lambda)>})
   -> 0.0032s
== 20251211075546 CreateOrganizations: migrated (0.0045s) =====================

== 20251211075547 CreateUserOrganizations: migrating ==========================
-- create_table(:user_organizations, {id: :uuid, default: #<Proc:0x00007f9384370ab8 /home/jit/workspace/db/operators_migrate/20251211075547_create_user_organizations.rb:5 (lambda)>})
   -> 0.0054s
== 20251211075547 CreateUserOrganizations: migrated (0.0068s) =================

== 20251211081312 CreateRoles: migrating ======================================
-- create_table(:roles, {id: :uuid, default: #<Proc:0x00007f93835c4b80 /home/jit/workspace/db/identities_migrate/20251211081312_create_roles.rb:5 (lambda)>})
   -> 0.0038s
== 20251211081312 CreateRoles: migrated (0.0049s) =============================

== 20251211090000 CreateRoleAssignments: migrating ============================
-- create_table(:role_assignments, {id: :uuid, default: #<Proc:0x00007f9382e4eba8 /home/jit/workspace/db/operators_migrate/20251211090000_create_role_assignments.rb:5 (lambda)>})
   -> 0.0028s
-- add_index(:role_assignments, :user_id)
   -> 0.0007s
-- add_index(:role_assignments, :staff_id)
   -> 0.0008s
-- add_index(:role_assignments, [:user_id, :role_id], {unique: true, name: "index_role_assignments_on_user_role"})
   -> 0.0009s
-- add_index(:role_assignments, [:staff_id, :role_id], {unique: true, name: "index_role_assignments_on_staff_role"})
   -> 0.0006s
-- add_index(:role_assignments, :role_id)
   -> 0.0007s
-- add_foreign_key(:role_assignments, :staffs, {on_delete: :cascade})
   -> 0.0024s
== 20251211090000 CreateRoleAssignments: migrated (0.0129s) ===================

== 20251211100000 AddOrganizationToRoles: migrating ===========================
-- add_column(:roles, :organization_id, :uuid)
   -> 0.0007s
-- add_index(:roles, :organization_id)
   -> 0.0014s
-- change_column_null(:roles, :organization_id, false)
   -> 0.0006s
== 20251211100000 AddOrganizationToRoles: migrated (0.0071s) ==================

== 20251211100100 RemoveOrganizationFromRoleAssignments: migrating ============
== 20251211100100 RemoveOrganizationFromRoleAssignments: migrated (0.0000s) ===

== 20251211163246 CreateUserIdentityEmailStatuses: migrating ==================
-- create_table(:user_identity_email_statuses, {id: :string, limit: 255})
   -> 0.0023s
-- execute("ALTER TABLE user_identity_email_statuses ALTER COLUMN id SET DEFAULT 'UNVERIFIED'")
   -> 0.0007s
== 20251211163246 CreateUserIdentityEmailStatuses: migrated (0.0049s) =========

== 20251211163301 AddUserIdentityEmailStatusToUserIdentityEmails: migrating ===
-- column_exists?(:user_identity_emails, :user_identity_email_status_id)
   -> 0.0035s
-- add_column(:user_identity_emails, :user_identity_email_status_id, :string, {limit: 255, default: "UNVERIFIED", null: false})
   -> 0.0021s
-- index_exists?(:user_identity_emails, :user_identity_email_status_id)
   -> 0.0033s
-- add_index(:user_identity_emails, :user_identity_email_status_id)
   -> 0.0009s
-- foreign_key_exists?(:user_identity_emails, :user_identity_email_statuses)
   -> 0.0012s
-- add_foreign_key(:user_identity_emails, :user_identity_email_statuses)
   -> 0.0022s
== 20251211163301 AddUserIdentityEmailStatusToUserIdentityEmails: migrated (0.0151s) 

== 20251211163754 CreateUserIdentityTelephoneStatuses: migrating ==============
-- create_table(:user_identity_telephone_statuses, {id: :string, limit: 255})
   -> 0.0019s
-- execute("ALTER TABLE user_identity_telephone_statuses ALTER COLUMN id SET DEFAULT 'UNVERIFIED'")
   -> 0.0006s
== 20251211163754 CreateUserIdentityTelephoneStatuses: migrated (0.0042s) =====

== 20251211163810 AddUserIdentityTelephoneStatusToUserIdentityTelephones: migrating 
-- column_exists?(:user_identity_telephones, :user_identity_telephone_status_id)
   -> 0.0034s
-- add_column(:user_identity_telephones, :user_identity_telephone_status_id, :string, {limit: 255, default: "UNVERIFIED", null: false})
   -> 0.0014s
-- index_exists?(:user_identity_telephones, :user_identity_telephone_status_id)
   -> 0.0030s
-- add_index(:user_identity_telephones, :user_identity_telephone_status_id)
   -> 0.0024s
-- foreign_key_exists?(:user_identity_telephones, :user_identity_telephone_statuses)
   -> 0.0013s
-- add_foreign_key(:user_identity_telephones, :user_identity_telephone_statuses)
   -> 0.0015s
== 20251211163810 AddUserIdentityTelephoneStatusToUserIdentityTelephones: migrated (0.0178s) 

== 20251211164035 CreateStaffIdentityEmailStatuses: migrating =================
-- create_table(:staff_identity_email_statuses, {id: :string, limit: 255})
   -> 0.0019s
-- execute("ALTER TABLE staff_identity_email_statuses ALTER COLUMN id SET DEFAULT 'UNVERIFIED'")
   -> 0.0006s
== 20251211164035 CreateStaffIdentityEmailStatuses: migrated (0.0042s) ========

== 20251211164051 AddStaffIdentityEmailStatusToStaffIdentityEmails: migrating =
-- column_exists?(:staff_identity_emails, :staff_identity_email_status_id)
   -> 0.0031s
-- add_column(:staff_identity_emails, :staff_identity_email_status_id, :string, {limit: 255, default: "UNVERIFIED", null: false})
   -> 0.0013s
-- index_exists?(:staff_identity_emails, :staff_identity_email_status_id)
   -> 0.0036s
-- add_index(:staff_identity_emails, :staff_identity_email_status_id)
   -> 0.0010s
-- foreign_key_exists?(:staff_identity_emails, :staff_identity_email_statuses)
   -> 0.0015s
-- add_foreign_key(:staff_identity_emails, :staff_identity_email_statuses)
   -> 0.0015s
== 20251211164051 AddStaffIdentityEmailStatusToStaffIdentityEmails: migrated (0.0146s) 

== 20251211164106 CreateStaffIdentityTelephoneStatuses: migrating =============
-- create_table(:staff_identity_telephone_statuses, {id: :string, limit: 255})
   -> 0.0022s
-- execute("ALTER TABLE staff_identity_telephone_statuses ALTER COLUMN id SET DEFAULT 'UNVERIFIED'")
   -> 0.0006s
== 20251211164106 CreateStaffIdentityTelephoneStatuses: migrated (0.0040s) ====

== 20251211164122 AddStaffIdentityTelephoneStatusToStaffIdentityTelephones: migrating 
-- column_exists?(:staff_identity_telephones, :staff_identity_telephone_status_id)
   -> 0.0049s
-- add_column(:staff_identity_telephones, :staff_identity_telephone_status_id, :string, {limit: 255, default: "UNVERIFIED", null: false})
   -> 0.0016s
-- index_exists?(:staff_identity_telephones, :staff_identity_telephone_status_id)
   -> 0.0032s
-- add_index(:staff_identity_telephones, :staff_identity_telephone_status_id)
   -> 0.0013s
-- foreign_key_exists?(:staff_identity_telephones, :staff_identity_telephone_statuses)
   -> 0.0013s
-- add_foreign_key(:staff_identity_telephones, :staff_identity_telephone_statuses)
   -> 0.0014s
== 20251211164122 AddStaffIdentityTelephoneStatusToStaffIdentityTelephones: migrated (0.0165s) 

== 20251211170000 FixUserIdentityStatusIdDefault: migrating ===================
-- change_column_default(:users, :user_identity_status_id, {from: "NONE", to: nil})
   -> 0.0050s
-- change_column_null(:users, :user_identity_status_id, true)
   -> 0.0007s
== 20251211170000 FixUserIdentityStatusIdDefault: migrated (0.0071s) ==========

== 20251211170001 FixStaffIdentityStatusIdDefault: migrating ==================
-- change_column_default(:staffs, :staff_identity_status_id, {from: "NONE", to: nil})
   -> 0.0036s
-- change_column_null(:staffs, :staff_identity_status_id, true)
   -> 0.0006s
== 20251211170001 FixStaffIdentityStatusIdDefault: migrated (0.0058s) =========

== 20251212163532 CreateUserIdentitySecretStatuses: migrating =================
-- create_table(:user_identity_secret_statuses, {id: :string, limit: 255, primary_key: :id})
   -> 0.0019s
== 20251212163532 CreateUserIdentitySecretStatuses: migrated (0.0032s) ========

== 20251212163533 AddUserIdentitySecretStatusToUserIdentitySecrets: migrating =
-- column_exists?(:user_identity_secrets, :user_identity_secret_status_id)
   -> 0.0032s
-- add_column(:user_identity_secrets, :user_identity_secret_status_id, :string, {limit: 255, default: "ACTIVE", null: false})
   -> 0.0015s
-- index_exists?(:user_identity_secrets, :user_identity_secret_status_id)
   -> 0.0031s
-- add_index(:user_identity_secrets, :user_identity_secret_status_id)
   -> 0.0011s
-- foreign_key_exists?(:user_identity_secrets, :user_identity_secret_statuses)
   -> 0.0014s
-- add_foreign_key(:user_identity_secrets, :user_identity_secret_statuses, {column: :user_identity_secret_status_id, primary_key: :id})
   -> 0.0016s
== 20251212163533 AddUserIdentitySecretStatusToUserIdentitySecrets: migrated (0.0140s) 

== 20251212163534 CreateUserIdentityPasskeyStatuses: migrating ================
-- create_table(:user_identity_passkey_statuses, {id: :string, limit: 255, primary_key: :id})
   -> 0.0019s
== 20251212163534 CreateUserIdentityPasskeyStatuses: migrated (0.0038s) =======

== 20251212163535 CreateUserIdentityGoogleAuthStatuses: migrating =============
-- create_table(:user_identity_google_auth_statuses, {id: :string, limit: 255, primary_key: :id})
   -> 0.0018s
== 20251212163535 CreateUserIdentityGoogleAuthStatuses: migrated (0.0033s) ====

== 20251212163536 CreateUserIdentityAppleAuthStatuses: migrating ==============
-- create_table(:user_identity_apple_auth_statuses, {id: :string, limit: 255, primary_key: :id})
   -> 0.0018s
== 20251212163536 CreateUserIdentityAppleAuthStatuses: migrated (0.0031s) =====

== 20251212163537 AddUserIdentityPasskeyStatusToUserIdentityPasskeys: migrating 
-- column_exists?(:user_identity_passkeys, :user_identity_passkey_status_id)
   -> 0.0074s
-- add_column(:user_identity_passkeys, :user_identity_passkey_status_id, :string, {limit: 255, default: "ACTIVE", null: false})
   -> 0.0017s
-- index_exists?(:user_identity_passkeys, :user_identity_passkey_status_id)
   -> 0.0030s
-- add_index(:user_identity_passkeys, :user_identity_passkey_status_id)
   -> 0.0016s
-- foreign_key_exists?(:user_identity_passkeys, :user_identity_passkey_statuses)
   -> 0.0013s
-- add_foreign_key(:user_identity_passkeys, :user_identity_passkey_statuses, {column: :user_identity_passkey_status_id, primary_key: :id})
   -> 0.0014s
== 20251212163537 AddUserIdentityPasskeyStatusToUserIdentityPasskeys: migrated (0.0186s) 

== 20251212163538 AddUserIdentityGoogleAuthStatusToUserGoogleAuths: migrating =
-- column_exists?(:user_google_auths, :user_identity_google_auth_status_id)
   -> 0.0029s
-- add_column(:user_google_auths, :user_identity_google_auth_status_id, :string, {limit: 255, default: "ACTIVE", null: false})
   -> 0.0012s
-- index_exists?(:user_google_auths, :user_identity_google_auth_status_id)
   -> 0.0031s
-- add_index(:user_google_auths, :user_identity_google_auth_status_id)
   -> 0.0010s
-- foreign_key_exists?(:user_google_auths, :user_identity_google_auth_statuses)
   -> 0.0013s
-- add_foreign_key(:user_google_auths, :user_identity_google_auth_statuses, {column: :user_identity_google_auth_status_id, primary_key: :id})
   -> 0.0014s
== 20251212163538 AddUserIdentityGoogleAuthStatusToUserGoogleAuths: migrated (0.0132s) 

== 20251212163539 AddUserIdentityAppleAuthStatusToUserAppleAuths: migrating ===
-- column_exists?(:user_apple_auths, :user_identity_apple_auth_status_id)
   -> 0.0025s
-- add_column(:user_apple_auths, :user_identity_apple_auth_status_id, :string, {limit: 255, default: "ACTIVE", null: false})
   -> 0.0013s
-- index_exists?(:user_apple_auths, :user_identity_apple_auth_status_id)
   -> 0.0031s
-- add_index(:user_apple_auths, :user_identity_apple_auth_status_id)
   -> 0.0010s
-- foreign_key_exists?(:user_apple_auths, :user_identity_apple_auth_statuses)
   -> 0.0013s
-- add_foreign_key(:user_apple_auths, :user_identity_apple_auth_statuses, {column: :user_identity_apple_auth_status_id, primary_key: :id})
   -> 0.0014s
== 20251212163539 AddUserIdentityAppleAuthStatusToUserAppleAuths: migrated (0.0131s) 

== 20251212163540 RenameStaffIdentityAuditEventToStatus: migrating ============
-- rename_table(:staff_identity_audit_events, :staff_identity_audit_statuses)
   -> 0.0070s
-- rename_column(:staff_identity_audits, :event_id, :status_id)
   -> 0.0030s
== 20251212163540 RenameStaffIdentityAuditEventToStatus: migrated (0.0118s) ===

== 20251212163541 UpdateStaffIdentityAuditsForeignKey: migrating ==============
-- table_exists?(:staff_identity_audits)
   -> 0.0002s
-- table_exists?(:staff_identity_audit_statuses)
   -> 0.0002s
-- foreign_key_exists?(:staff_identity_audits, {column: :status_id})
   -> 0.0024s
== 20251212163541 UpdateStaffIdentityAuditsForeignKey: migrated (0.0041s) =====

== 20251212163542 RenameUserIdentityAuditEventToStatus: migrating =============
-- rename_table(:user_identity_audit_events, :user_identity_audit_statuses)
   -> 0.0070s
-- rename_column(:user_identity_audits, :event_id, :status_id)
   -> 0.0029s
== 20251212163542 RenameUserIdentityAuditEventToStatus: migrated (0.0111s) ====

== 20251212163543 ConsolidateOneTimePassword: migrating =======================
-- change_table(:user_identity_one_time_passwords, {bulk: true})
   -> 0.0009s
-- change_column_null(:user_identity_one_time_passwords, :private_key, false)
   -> 0.0012s
-- change_column_null(:user_identity_one_time_passwords, :last_otp_at, false)
   -> 0.0005s
-- remove_column(:user_identity_one_time_passwords, :hmac_based_one_time_password_id, :binary)
   -> 0.0010s
== 20251212163543 ConsolidateOneTimePassword: migrated (0.0139s) ==============

== 20251212163545 CreateUserIdentityOneTimePasswordStatuses: migrating ========
-- create_table(:user_identity_one_time_password_statuses, {id: :string, primary_key: :id})
   -> 0.0023s
-- add_column(:user_identity_one_time_passwords, :user_identity_one_time_password_status_id, :string)
   -> 0.0005s
-- add_foreign_key(:user_identity_one_time_passwords, :user_identity_one_time_password_statuses, {column: :user_identity_one_time_password_status_id, primary_key: :id})
   -> 0.0016s
== 20251212163545 CreateUserIdentityOneTimePasswordStatuses: migrated (0.0058s) 

== 20251212163546 InsertUserIdentityOneTimePasswordStatuses: migrating ========
== 20251212163546 InsertUserIdentityOneTimePasswordStatuses: migrated (0.0000s) 

== 20251212163547 SetDefaultUserIdentityStatus: migrating =====================
-- execute("UPDATE users SET user_identity_status_id = 'NONE' WHERE user_identity_status_id IS NULL")
   -> 0.0009s
-- change_column_default(:users, :user_identity_status_id, {from: nil, to: "NONE"})
   -> 0.0040s
== 20251212163547 SetDefaultUserIdentityStatus: migrated (0.0064s) ============

== 20251212163548 SetDefaultStaffIdentityStatus: migrating ====================
-- execute("UPDATE staffs SET staff_identity_status_id = 'NONE' WHERE staff_identity_status_id IS NULL")
   -> 0.0016s
-- change_column_default(:staffs, :staff_identity_status_id, {from: nil, to: "NONE"})
   -> 0.0038s
== 20251212163548 SetDefaultStaffIdentityStatus: migrated (0.0072s) ===========

bin/rails aborted!
ActiveRecord::NoDatabaseError: Database not found: development_identity_db. Available database configurations can be found in config/database.yml. (ActiveRecord::NoDatabaseError)

To resolve this error:

- Create the database by running:

    bin/rails db:create

- Verify that config/database.yml contains the correct database name.
/home/jit/workspace/vendor/bundle/ruby/4.0.0/bundler/gems/rails-0d1b4918594c/activerecord/lib/active_record/connection_adapters/postgresql_adapter.rb:63:in 'ActiveRecord::ConnectionAdapters::PostgreSQLAdapter.new_client'
/home/jit/workspace/vendor/bundle/ruby/4.0.0/bundler/gems/rails-0d1b4918594c/activerecord/lib/active_record/connection_adapters/postgresql_adapter.rb:985:in 'ActiveRecord::ConnectionAdapters::PostgreSQLAdapter#connect'
/home/jit/workspace/vendor/bundle/ruby/4.0.0/bundler/gems/rails-0d1b4918594c/activerecord/lib/active_record/connection_adapters/postgresql_adapter.rb:997:in 'ActiveRecord::ConnectionAdapters::PostgreSQLAdapter#reconnect'
/home/jit/workspace/vendor/bundle/ruby/4.0.0/bundler/gems/rails-0d1b4918594c/activerecord/lib/active_record/connection_adapters/abstract_adapter.rb:726:in 'block (2 levels) in ActiveRecord::ConnectionAdapters::AbstractAdapter#reconnect!'
/home/jit/workspace/vendor/bundle/ruby/4.0.0/bundler/gems/rails-0d1b4918594c/activerecord/lib/active_record/connection_adapters/abstract_adapter.rb:1327:in 'ActiveRecord::ConnectionAdapters::AbstractAdapter#attempt_configure_connection'
/home/jit/workspace/vendor/bundle/ruby/4.0.0/bundler/gems/rails-0d1b4918594c/activerecord/lib/active_record/connection_adapters/abstract_adapter.rb:723:in 'block in ActiveRecord::ConnectionAdapters::AbstractAdapter#reconnect!'
/home/jit/workspace/vendor/bundle/ruby/4.0.0/bundler/gems/rails-0d1b4918594c/activesupport/lib/active_support/concurrency/null_lock.rb:9:in 'ActiveSupport::Concurrency::NullLock#synchronize'
/home/jit/workspace/vendor/bundle/ruby/4.0.0/bundler/gems/rails-0d1b4918594c/activerecord/lib/active_record/connection_adapters/abstract_adapter.rb:722:in 'ActiveRecord::ConnectionAdapters::AbstractAdapter#reconnect!'
/home/jit/workspace/vendor/bundle/ruby/4.0.0/bundler/gems/rails-0d1b4918594c/activerecord/lib/active_record/connection_adapters/abstract_adapter.rb:837:in 'block in ActiveRecord::ConnectionAdapters::AbstractAdapter#verify!'
/home/jit/workspace/vendor/bundle/ruby/4.0.0/bundler/gems/rails-0d1b4918594c/activesupport/lib/active_support/concurrency/null_lock.rb:9:in 'ActiveSupport::Concurrency::NullLock#synchronize'
/home/jit/workspace/vendor/bundle/ruby/4.0.0/bundler/gems/rails-0d1b4918594c/activerecord/lib/active_record/connection_adapters/abstract_adapter.rb:824:in 'ActiveRecord::ConnectionAdapters::AbstractAdapter#verify!'
/home/jit/workspace/vendor/bundle/ruby/4.0.0/bundler/gems/rails-0d1b4918594c/activerecord/lib/active_record/connection_adapters/abstract_adapter.rb:846:in 'ActiveRecord::ConnectionAdapters::AbstractAdapter#connect!'
/home/jit/workspace/vendor/bundle/ruby/4.0.0/bundler/gems/rails-0d1b4918594c/activerecord/lib/active_record/connection_adapters/abstract_adapter.rb:1063:in 'block in ActiveRecord::ConnectionAdapters::AbstractAdapter#with_raw_connection'
/home/jit/workspace/vendor/bundle/ruby/4.0.0/bundler/gems/rails-0d1b4918594c/activesupport/lib/active_support/concurrency/null_lock.rb:9:in 'ActiveSupport::Concurrency::NullLock#synchronize'
/home/jit/workspace/vendor/bundle/ruby/4.0.0/bundler/gems/rails-0d1b4918594c/activerecord/lib/active_record/connection_adapters/abstract_adapter.rb:1062:in 'ActiveRecord::ConnectionAdapters::AbstractAdapter#with_raw_connection'
/home/jit/workspace/vendor/bundle/ruby/4.0.0/bundler/gems/rails-0d1b4918594c/activerecord/lib/active_record/connection_adapters/postgresql/quoting.rb:128:in 'ActiveRecord::ConnectionAdapters::PostgreSQL::Quoting#quote_string'
/home/jit/workspace/vendor/bundle/ruby/4.0.0/bundler/gems/rails-0d1b4918594c/activerecord/lib/active_record/connection_adapters/abstract/quoting.rb:75:in 'ActiveRecord::ConnectionAdapters::Quoting#quote'
/home/jit/workspace/vendor/bundle/ruby/4.0.0/bundler/gems/rails-0d1b4918594c/activerecord/lib/active_record/connection_adapters/postgresql/quoting.rb:122:in 'ActiveRecord::ConnectionAdapters::PostgreSQL::Quoting#quote'
/home/jit/workspace/vendor/bundle/ruby/4.0.0/bundler/gems/rails-0d1b4918594c/activerecord/lib/active_record/connection_adapters/postgresql/schema_statements.rb:1327:in 'ActiveRecord::ConnectionAdapters::PostgreSQL::SchemaStatements#quoted_scope'
/home/jit/workspace/vendor/bundle/ruby/4.0.0/bundler/gems/rails-0d1b4918594c/activerecord/lib/active_record/connection_adapters/postgresql/schema_statements.rb:1304:in 'ActiveRecord::ConnectionAdapters::PostgreSQL::SchemaStatements#data_source_sql'
/home/jit/workspace/vendor/bundle/ruby/4.0.0/bundler/gems/rails-0d1b4918594c/activerecord/lib/active_record/connection_adapters/abstract/schema_statements.rb:61:in 'ActiveRecord::ConnectionAdapters::SchemaStatements#table_exists?'
/home/jit/workspace/vendor/bundle/ruby/4.0.0/bundler/gems/rails-0d1b4918594c/activerecord/lib/active_record/schema_migration.rb:55:in 'block in ActiveRecord::SchemaMigration#create_table'
/home/jit/workspace/vendor/bundle/ruby/4.0.0/bundler/gems/rails-0d1b4918594c/activerecord/lib/active_record/connection_adapters/abstract/connection_pool.rb:457:in 'ActiveRecord::ConnectionAdapters::ConnectionPool#with_connection'
/home/jit/workspace/vendor/bundle/ruby/4.0.0/bundler/gems/rails-0d1b4918594c/activerecord/lib/active_record/schema_migration.rb:54:in 'ActiveRecord::SchemaMigration#create_table'
/home/jit/workspace/vendor/bundle/ruby/4.0.0/bundler/gems/rails-0d1b4918594c/activerecord/lib/active_record/migration.rb:1440:in 'ActiveRecord::Migrator#initialize'
/home/jit/workspace/vendor/bundle/ruby/4.0.0/bundler/gems/rails-0d1b4918594c/activerecord/lib/active_record/migration.rb:1270:in 'ActiveRecord::MigrationContext#up'
/home/jit/workspace/vendor/bundle/ruby/4.0.0/gems/strong_migrations-2.5.2/lib/strong_migrations/migration_context.rb:4:in 'StrongMigrations::MigrationContext#up'
/home/jit/workspace/vendor/bundle/ruby/4.0.0/bundler/gems/rails-0d1b4918594c/activerecord/lib/active_record/migration.rb:1245:in 'ActiveRecord::MigrationContext#migrate'
/home/jit/workspace/vendor/bundle/ruby/4.0.0/bundler/gems/rails-0d1b4918594c/activerecord/lib/active_record/tasks/database_tasks.rb:275:in 'ActiveRecord::Tasks::DatabaseTasks#migrate'
/home/jit/workspace/vendor/bundle/ruby/4.0.0/bundler/gems/rails-0d1b4918594c/activerecord/lib/active_record/tasks/database_tasks.rb:260:in 'block (3 levels) in ActiveRecord::Tasks::DatabaseTasks#migrate_all'
/home/jit/workspace/vendor/bundle/ruby/4.0.0/bundler/gems/rails-0d1b4918594c/activerecord/lib/active_record/connection_adapters/abstract/connection_pool.rb:463:in 'ActiveRecord::ConnectionAdapters::ConnectionPool#with_connection'
/home/jit/workspace/vendor/bundle/ruby/4.0.0/bundler/gems/rails-0d1b4918594c/activerecord/lib/active_record/tasks/database_tasks.rb:548:in 'block in ActiveRecord::Tasks::DatabaseTasks#with_temporary_connection'
/home/jit/workspace/vendor/bundle/ruby/4.0.0/bundler/gems/rails-0d1b4918594c/activerecord/lib/active_record/tasks/database_tasks.rb:569:in 'ActiveRecord::Tasks::DatabaseTasks#with_temporary_pool'
/home/jit/workspace/vendor/bundle/ruby/4.0.0/bundler/gems/rails-0d1b4918594c/activerecord/lib/active_record/tasks/database_tasks.rb:547:in 'ActiveRecord::Tasks::DatabaseTasks#with_temporary_connection'
/home/jit/workspace/vendor/bundle/ruby/4.0.0/bundler/gems/rails-0d1b4918594c/activerecord/lib/active_record/tasks/database_tasks.rb:259:in 'block (2 levels) in ActiveRecord::Tasks::DatabaseTasks#migrate_all'
/home/jit/workspace/vendor/bundle/ruby/4.0.0/bundler/gems/rails-0d1b4918594c/activerecord/lib/active_record/tasks/database_tasks.rb:258:in 'Array#each'
/home/jit/workspace/vendor/bundle/ruby/4.0.0/bundler/gems/rails-0d1b4918594c/activerecord/lib/active_record/tasks/database_tasks.rb:258:in 'block in ActiveRecord::Tasks::DatabaseTasks#migrate_all'
/home/jit/workspace/vendor/bundle/ruby/4.0.0/bundler/gems/rails-0d1b4918594c/activerecord/lib/active_record/tasks/database_tasks.rb:257:in 'Array#each'
/home/jit/workspace/vendor/bundle/ruby/4.0.0/bundler/gems/rails-0d1b4918594c/activerecord/lib/active_record/tasks/database_tasks.rb:257:in 'ActiveRecord::Tasks::DatabaseTasks#migrate_all'
/home/jit/workspace/vendor/bundle/ruby/4.0.0/bundler/gems/rails-0d1b4918594c/activerecord/lib/active_record/railties/databases.rake:90:in 'block (2 levels) in <main>'
/home/jit/workspace/vendor/bundle/ruby/4.0.0/gems/rake-13.3.1/lib/rake/task.rb:281:in 'block in Rake::Task#execute'
/home/jit/workspace/vendor/bundle/ruby/4.0.0/gems/rake-13.3.1/lib/rake/task.rb:281:in 'Array#each'
/home/jit/workspace/vendor/bundle/ruby/4.0.0/gems/rake-13.3.1/lib/rake/task.rb:281:in 'Rake::Task#execute'
/home/jit/workspace/vendor/bundle/ruby/4.0.0/gems/rake-13.3.1/lib/rake/task.rb:219:in 'block in Rake::Task#invoke_with_call_chain'
/home/jit/workspace/vendor/bundle/ruby/4.0.0/gems/rake-13.3.1/lib/rake/task.rb:199:in 'Monitor#synchronize'
/home/jit/workspace/vendor/bundle/ruby/4.0.0/gems/rake-13.3.1/lib/rake/task.rb:199:in 'Rake::Task#invoke_with_call_chain'
/home/jit/workspace/vendor/bundle/ruby/4.0.0/gems/rake-13.3.1/lib/rake/task.rb:243:in 'block in Rake::Task#invoke_prerequisites'
/home/jit/workspace/vendor/bundle/ruby/4.0.0/gems/rake-13.3.1/lib/rake/task.rb:241:in 'Array#each'
/home/jit/workspace/vendor/bundle/ruby/4.0.0/gems/rake-13.3.1/lib/rake/task.rb:241:in 'Rake::Task#invoke_prerequisites'
/home/jit/workspace/vendor/bundle/ruby/4.0.0/gems/rake-13.3.1/lib/rake/task.rb:218:in 'block in Rake::Task#invoke_with_call_chain'
/home/jit/workspace/vendor/bundle/ruby/4.0.0/gems/rake-13.3.1/lib/rake/task.rb:199:in 'Monitor#synchronize'
/home/jit/workspace/vendor/bundle/ruby/4.0.0/gems/rake-13.3.1/lib/rake/task.rb:199:in 'Rake::Task#invoke_with_call_chain'
/home/jit/workspace/vendor/bundle/ruby/4.0.0/gems/rake-13.3.1/lib/rake/task.rb:188:in 'Rake::Task#invoke'
/home/jit/workspace/vendor/bundle/ruby/4.0.0/gems/rake-13.3.1/lib/rake/application.rb:188:in 'Rake::Application#invoke_task'
/home/jit/workspace/vendor/bundle/ruby/4.0.0/gems/rake-13.3.1/lib/rake/application.rb:138:in 'block (2 levels) in Rake::Application#top_level'
/home/jit/workspace/vendor/bundle/ruby/4.0.0/gems/rake-13.3.1/lib/rake/application.rb:138:in 'Array#each'
/home/jit/workspace/vendor/bundle/ruby/4.0.0/gems/rake-13.3.1/lib/rake/application.rb:138:in 'block in Rake::Application#top_level'
/home/jit/workspace/vendor/bundle/ruby/4.0.0/gems/rake-13.3.1/lib/rake/application.rb:147:in 'Rake::Application#run_with_threads'
/home/jit/workspace/vendor/bundle/ruby/4.0.0/gems/rake-13.3.1/lib/rake/application.rb:132:in 'Rake::Application#top_level'
/home/jit/workspace/vendor/bundle/ruby/4.0.0/bundler/gems/rails-0d1b4918594c/railties/lib/rails/commands/rake/rake_command.rb:30:in 'block (3 levels) in Rails::Command::RakeCommand.perform'
/home/jit/workspace/vendor/bundle/ruby/4.0.0/bundler/gems/rails-0d1b4918594c/activesupport/lib/active_support/error_reporter.rb:117:in 'ActiveSupport::ErrorReporter#record'
/home/jit/workspace/vendor/bundle/ruby/4.0.0/bundler/gems/rails-0d1b4918594c/railties/lib/rails/commands/rake/rake_command.rb:29:in 'block (2 levels) in Rails::Command::RakeCommand.perform'
/home/jit/workspace/vendor/bundle/ruby/4.0.0/gems/rake-13.3.1/lib/rake/application.rb:214:in 'Rake::Application#standard_exception_handling'
/home/jit/workspace/vendor/bundle/ruby/4.0.0/bundler/gems/rails-0d1b4918594c/railties/lib/rails/commands/rake/rake_command.rb:28:in 'block in Rails::Command::RakeCommand.perform'
/home/jit/workspace/vendor/bundle/ruby/4.0.0/bundler/gems/rails-0d1b4918594c/railties/lib/rails/commands/rake/rake_command.rb:49:in 'block in Rails::Command::RakeCommand.with_rake'
/home/jit/workspace/vendor/bundle/ruby/4.0.0/gems/rake-13.3.1/lib/rake/rake_module.rb:59:in 'Rake.with_application'
/home/jit/workspace/vendor/bundle/ruby/4.0.0/bundler/gems/rails-0d1b4918594c/railties/lib/rails/commands/rake/rake_command.rb:46:in 'Rails::Command::RakeCommand.with_rake'
/home/jit/workspace/vendor/bundle/ruby/4.0.0/bundler/gems/rails-0d1b4918594c/railties/lib/rails/commands/rake/rake_command.rb:20:in 'Rails::Command::RakeCommand.perform'
/home/jit/workspace/vendor/bundle/ruby/4.0.0/bundler/gems/rails-0d1b4918594c/railties/lib/rails/command.rb:150:in 'Rails::Command.invoke_rake'
/home/jit/workspace/vendor/bundle/ruby/4.0.0/bundler/gems/rails-0d1b4918594c/railties/lib/rails/command.rb:67:in 'block in Rails::Command.invoke'
/home/jit/workspace/vendor/bundle/ruby/4.0.0/bundler/gems/rails-0d1b4918594c/railties/lib/rails/command.rb:143:in 'Rails::Command.with_argv'
/home/jit/workspace/vendor/bundle/ruby/4.0.0/bundler/gems/rails-0d1b4918594c/railties/lib/rails/command.rb:63:in 'Rails::Command.invoke'
/home/jit/workspace/vendor/bundle/ruby/4.0.0/bundler/gems/rails-0d1b4918594c/railties/lib/rails/commands.rb:18:in '<main>'
/home/jit/workspace/vendor/bundle/ruby/4.0.0/gems/bootsnap-1.20.1/lib/bootsnap/load_path_cache/core_ext/kernel_require.rb:30:in 'Kernel#require'

Caused by:
PG::ConnectionBad: connection to server at "172.19.0.5", port 5432 failed: FATAL:  database "development_identity_db" does not exist (PG::ConnectionBad)
/home/jit/workspace/vendor/bundle/ruby/4.0.0/gems/pg-1.6.3-x86_64-linux/lib/pg/connection.rb:751:in 'PG::Connection::Pollable#polling_loop'
/home/jit/workspace/vendor/bundle/ruby/4.0.0/gems/pg-1.6.3-x86_64-linux/lib/pg/connection.rb:795:in 'PG::Connection#async_connect_or_reset'
/home/jit/workspace/vendor/bundle/ruby/4.0.0/gems/pg-1.6.3-x86_64-linux/lib/pg/connection.rb:951:in 'PG::Connection.connect_to_hosts'
/home/jit/workspace/vendor/bundle/ruby/4.0.0/gems/pg-1.6.3-x86_64-linux/lib/pg/connection.rb:871:in 'PG::Connection.new'
/home/jit/workspace/vendor/bundle/ruby/4.0.0/gems/pg-1.6.3-x86_64-linux/lib/pg.rb:88:in 'PG.connect'
/home/jit/workspace/vendor/bundle/ruby/4.0.0/bundler/gems/rails-0d1b4918594c/activerecord/lib/active_record/connection_adapters/postgresql_adapter.rb:58:in 'ActiveRecord::ConnectionAdapters::PostgreSQLAdapter.new_client'
/home/jit/workspace/vendor/bundle/ruby/4.0.0/bundler/gems/rails-0d1b4918594c/activerecord/lib/active_record/connection_adapters/postgresql_adapter.rb:985:in 'ActiveRecord::ConnectionAdapters::PostgreSQLAdapter#connect'
/home/jit/workspace/vendor/bundle/ruby/4.0.0/bundler/gems/rails-0d1b4918594c/activerecord/lib/active_record/connection_adapters/postgresql_adapter.rb:997:in 'ActiveRecord::ConnectionAdapters::PostgreSQLAdapter#reconnect'
/home/jit/workspace/vendor/bundle/ruby/4.0.0/bundler/gems/rails-0d1b4918594c/activerecord/lib/active_record/connection_adapters/abstract_adapter.rb:726:in 'block (2 levels) in ActiveRecord::ConnectionAdapters::AbstractAdapter#reconnect!'
/home/jit/workspace/vendor/bundle/ruby/4.0.0/bundler/gems/rails-0d1b4918594c/activerecord/lib/active_record/connection_adapters/abstract_adapter.rb:1327:in 'ActiveRecord::ConnectionAdapters::AbstractAdapter#attempt_configure_connection'
/home/jit/workspace/vendor/bundle/ruby/4.0.0/bundler/gems/rails-0d1b4918594c/activerecord/lib/active_record/connection_adapters/abstract_adapter.rb:723:in 'block in ActiveRecord::ConnectionAdapters::AbstractAdapter#reconnect!'
/home/jit/workspace/vendor/bundle/ruby/4.0.0/bundler/gems/rails-0d1b4918594c/activesupport/lib/active_support/concurrency/null_lock.rb:9:in 'ActiveSupport::Concurrency::NullLock#synchronize'
/home/jit/workspace/vendor/bundle/ruby/4.0.0/bundler/gems/rails-0d1b4918594c/activerecord/lib/active_record/connection_adapters/abstract_adapter.rb:722:in 'ActiveRecord::ConnectionAdapters::AbstractAdapter#reconnect!'
/home/jit/workspace/vendor/bundle/ruby/4.0.0/bundler/gems/rails-0d1b4918594c/activerecord/lib/active_record/connection_adapters/abstract_adapter.rb:837:in 'block in ActiveRecord::ConnectionAdapters::AbstractAdapter#verify!'
/home/jit/workspace/vendor/bundle/ruby/4.0.0/bundler/gems/rails-0d1b4918594c/activesupport/lib/active_support/concurrency/null_lock.rb:9:in 'ActiveSupport::Concurrency::NullLock#synchronize'
/home/jit/workspace/vendor/bundle/ruby/4.0.0/bundler/gems/rails-0d1b4918594c/activerecord/lib/active_record/connection_adapters/abstract_adapter.rb:824:in 'ActiveRecord::ConnectionAdapters::AbstractAdapter#verify!'
/home/jit/workspace/vendor/bundle/ruby/4.0.0/bundler/gems/rails-0d1b4918594c/activerecord/lib/active_record/connection_adapters/abstract_adapter.rb:846:in 'ActiveRecord::ConnectionAdapters::AbstractAdapter#connect!'
/home/jit/workspace/vendor/bundle/ruby/4.0.0/bundler/gems/rails-0d1b4918594c/activerecord/lib/active_record/connection_adapters/abstract_adapter.rb:1063:in 'block in ActiveRecord::ConnectionAdapters::AbstractAdapter#with_raw_connection'
/home/jit/workspace/vendor/bundle/ruby/4.0.0/bundler/gems/rails-0d1b4918594c/activesupport/lib/active_support/concurrency/null_lock.rb:9:in 'ActiveSupport::Concurrency::NullLock#synchronize'
/home/jit/workspace/vendor/bundle/ruby/4.0.0/bundler/gems/rails-0d1b4918594c/activerecord/lib/active_record/connection_adapters/abstract_adapter.rb:1062:in 'ActiveRecord::ConnectionAdapters::AbstractAdapter#with_raw_connection'
/home/jit/workspace/vendor/bundle/ruby/4.0.0/bundler/gems/rails-0d1b4918594c/activerecord/lib/active_record/connection_adapters/postgresql/quoting.rb:128:in 'ActiveRecord::ConnectionAdapters::PostgreSQL::Quoting#quote_string'
/home/jit/workspace/vendor/bundle/ruby/4.0.0/bundler/gems/rails-0d1b4918594c/activerecord/lib/active_record/connection_adapters/abstract/quoting.rb:75:in 'ActiveRecord::ConnectionAdapters::Quoting#quote'
/home/jit/workspace/vendor/bundle/ruby/4.0.0/bundler/gems/rails-0d1b4918594c/activerecord/lib/active_record/connection_adapters/postgresql/quoting.rb:122:in 'ActiveRecord::ConnectionAdapters::PostgreSQL::Quoting#quote'
/home/jit/workspace/vendor/bundle/ruby/4.0.0/bundler/gems/rails-0d1b4918594c/activerecord/lib/active_record/connection_adapters/postgresql/schema_statements.rb:1327:in 'ActiveRecord::ConnectionAdapters::PostgreSQL::SchemaStatements#quoted_scope'
/home/jit/workspace/vendor/bundle/ruby/4.0.0/bundler/gems/rails-0d1b4918594c/activerecord/lib/active_record/connection_adapters/postgresql/schema_statements.rb:1304:in 'ActiveRecord::ConnectionAdapters::PostgreSQL::SchemaStatements#data_source_sql'
/home/jit/workspace/vendor/bundle/ruby/4.0.0/bundler/gems/rails-0d1b4918594c/activerecord/lib/active_record/connection_adapters/abstract/schema_statements.rb:61:in 'ActiveRecord::ConnectionAdapters::SchemaStatements#table_exists?'
/home/jit/workspace/vendor/bundle/ruby/4.0.0/bundler/gems/rails-0d1b4918594c/activerecord/lib/active_record/schema_migration.rb:55:in 'block in ActiveRecord::SchemaMigration#create_table'
/home/jit/workspace/vendor/bundle/ruby/4.0.0/bundler/gems/rails-0d1b4918594c/activerecord/lib/active_record/connection_adapters/abstract/connection_pool.rb:457:in 'ActiveRecord::ConnectionAdapters::ConnectionPool#with_connection'
/home/jit/workspace/vendor/bundle/ruby/4.0.0/bundler/gems/rails-0d1b4918594c/activerecord/lib/active_record/schema_migration.rb:54:in 'ActiveRecord::SchemaMigration#create_table'
/home/jit/workspace/vendor/bundle/ruby/4.0.0/bundler/gems/rails-0d1b4918594c/activerecord/lib/active_record/migration.rb:1440:in 'ActiveRecord::Migrator#initialize'
/home/jit/workspace/vendor/bundle/ruby/4.0.0/bundler/gems/rails-0d1b4918594c/activerecord/lib/active_record/migration.rb:1270:in 'ActiveRecord::MigrationContext#up'
/home/jit/workspace/vendor/bundle/ruby/4.0.0/gems/strong_migrations-2.5.2/lib/strong_migrations/migration_context.rb:4:in 'StrongMigrations::MigrationContext#up'
/home/jit/workspace/vendor/bundle/ruby/4.0.0/bundler/gems/rails-0d1b4918594c/activerecord/lib/active_record/migration.rb:1245:in 'ActiveRecord::MigrationContext#migrate'
/home/jit/workspace/vendor/bundle/ruby/4.0.0/bundler/gems/rails-0d1b4918594c/activerecord/lib/active_record/tasks/database_tasks.rb:275:in 'ActiveRecord::Tasks::DatabaseTasks#migrate'
/home/jit/workspace/vendor/bundle/ruby/4.0.0/bundler/gems/rails-0d1b4918594c/activerecord/lib/active_record/tasks/database_tasks.rb:260:in 'block (3 levels) in ActiveRecord::Tasks::DatabaseTasks#migrate_all'
/home/jit/workspace/vendor/bundle/ruby/4.0.0/bundler/gems/rails-0d1b4918594c/activerecord/lib/active_record/connection_adapters/abstract/connection_pool.rb:463:in 'ActiveRecord::ConnectionAdapters::ConnectionPool#with_connection'
/home/jit/workspace/vendor/bundle/ruby/4.0.0/bundler/gems/rails-0d1b4918594c/activerecord/lib/active_record/tasks/database_tasks.rb:548:in 'block in ActiveRecord::Tasks::DatabaseTasks#with_temporary_connection'
/home/jit/workspace/vendor/bundle/ruby/4.0.0/bundler/gems/rails-0d1b4918594c/activerecord/lib/active_record/tasks/database_tasks.rb:569:in 'ActiveRecord::Tasks::DatabaseTasks#with_temporary_pool'
/home/jit/workspace/vendor/bundle/ruby/4.0.0/bundler/gems/rails-0d1b4918594c/activerecord/lib/active_record/tasks/database_tasks.rb:547:in 'ActiveRecord::Tasks::DatabaseTasks#with_temporary_connection'
/home/jit/workspace/vendor/bundle/ruby/4.0.0/bundler/gems/rails-0d1b4918594c/activerecord/lib/active_record/tasks/database_tasks.rb:259:in 'block (2 levels) in ActiveRecord::Tasks::DatabaseTasks#migrate_all'
/home/jit/workspace/vendor/bundle/ruby/4.0.0/bundler/gems/rails-0d1b4918594c/activerecord/lib/active_record/tasks/database_tasks.rb:258:in 'Array#each'
/home/jit/workspace/vendor/bundle/ruby/4.0.0/bundler/gems/rails-0d1b4918594c/activerecord/lib/active_record/tasks/database_tasks.rb:258:in 'block in ActiveRecord::Tasks::DatabaseTasks#migrate_all'
/home/jit/workspace/vendor/bundle/ruby/4.0.0/bundler/gems/rails-0d1b4918594c/activerecord/lib/active_record/tasks/database_tasks.rb:257:in 'Array#each'
/home/jit/workspace/vendor/bundle/ruby/4.0.0/bundler/gems/rails-0d1b4918594c/activerecord/lib/active_record/tasks/database_tasks.rb:257:in 'ActiveRecord::Tasks::DatabaseTasks#migrate_all'
/home/jit/workspace/vendor/bundle/ruby/4.0.0/bundler/gems/rails-0d1b4918594c/activerecord/lib/active_record/railties/databases.rake:90:in 'block (2 levels) in <main>'
/home/jit/workspace/vendor/bundle/ruby/4.0.0/gems/rake-13.3.1/lib/rake/task.rb:281:in 'block in Rake::Task#execute'
/home/jit/workspace/vendor/bundle/ruby/4.0.0/gems/rake-13.3.1/lib/rake/task.rb:281:in 'Array#each'
/home/jit/workspace/vendor/bundle/ruby/4.0.0/gems/rake-13.3.1/lib/rake/task.rb:281:in 'Rake::Task#execute'
/home/jit/workspace/vendor/bundle/ruby/4.0.0/gems/rake-13.3.1/lib/rake/task.rb:219:in 'block in Rake::Task#invoke_with_call_chain'
/home/jit/workspace/vendor/bundle/ruby/4.0.0/gems/rake-13.3.1/lib/rake/task.rb:199:in 'Monitor#synchronize'
/home/jit/workspace/vendor/bundle/ruby/4.0.0/gems/rake-13.3.1/lib/rake/task.rb:199:in 'Rake::Task#invoke_with_call_chain'
/home/jit/workspace/vendor/bundle/ruby/4.0.0/gems/rake-13.3.1/lib/rake/task.rb:243:in 'block in Rake::Task#invoke_prerequisites'
/home/jit/workspace/vendor/bundle/ruby/4.0.0/gems/rake-13.3.1/lib/rake/task.rb:241:in 'Array#each'
/home/jit/workspace/vendor/bundle/ruby/4.0.0/gems/rake-13.3.1/lib/rake/task.rb:241:in 'Rake::Task#invoke_prerequisites'
/home/jit/workspace/vendor/bundle/ruby/4.0.0/gems/rake-13.3.1/lib/rake/task.rb:218:in 'block in Rake::Task#invoke_with_call_chain'
/home/jit/workspace/vendor/bundle/ruby/4.0.0/gems/rake-13.3.1/lib/rake/task.rb:199:in 'Monitor#synchronize'
/home/jit/workspace/vendor/bundle/ruby/4.0.0/gems/rake-13.3.1/lib/rake/task.rb:199:in 'Rake::Task#invoke_with_call_chain'
/home/jit/workspace/vendor/bundle/ruby/4.0.0/gems/rake-13.3.1/lib/rake/task.rb:188:in 'Rake::Task#invoke'
/home/jit/workspace/vendor/bundle/ruby/4.0.0/gems/rake-13.3.1/lib/rake/application.rb:188:in 'Rake::Application#invoke_task'
/home/jit/workspace/vendor/bundle/ruby/4.0.0/gems/rake-13.3.1/lib/rake/application.rb:138:in 'block (2 levels) in Rake::Application#top_level'
/home/jit/workspace/vendor/bundle/ruby/4.0.0/gems/rake-13.3.1/lib/rake/application.rb:138:in 'Array#each'
/home/jit/workspace/vendor/bundle/ruby/4.0.0/gems/rake-13.3.1/lib/rake/application.rb:138:in 'block in Rake::Application#top_level'
/home/jit/workspace/vendor/bundle/ruby/4.0.0/gems/rake-13.3.1/lib/rake/application.rb:147:in 'Rake::Application#run_with_threads'
/home/jit/workspace/vendor/bundle/ruby/4.0.0/gems/rake-13.3.1/lib/rake/application.rb:132:in 'Rake::Application#top_level'
/home/jit/workspace/vendor/bundle/ruby/4.0.0/bundler/gems/rails-0d1b4918594c/railties/lib/rails/commands/rake/rake_command.rb:30:in 'block (3 levels) in Rails::Command::RakeCommand.perform'
/home/jit/workspace/vendor/bundle/ruby/4.0.0/bundler/gems/rails-0d1b4918594c/activesupport/lib/active_support/error_reporter.rb:117:in 'ActiveSupport::ErrorReporter#record'
/home/jit/workspace/vendor/bundle/ruby/4.0.0/bundler/gems/rails-0d1b4918594c/railties/lib/rails/commands/rake/rake_command.rb:29:in 'block (2 levels) in Rails::Command::RakeCommand.perform'
/home/jit/workspace/vendor/bundle/ruby/4.0.0/gems/rake-13.3.1/lib/rake/application.rb:214:in 'Rake::Application#standard_exception_handling'
/home/jit/workspace/vendor/bundle/ruby/4.0.0/bundler/gems/rails-0d1b4918594c/railties/lib/rails/commands/rake/rake_command.rb:28:in 'block in Rails::Command::RakeCommand.perform'
/home/jit/workspace/vendor/bundle/ruby/4.0.0/bundler/gems/rails-0d1b4918594c/railties/lib/rails/commands/rake/rake_command.rb:49:in 'block in Rails::Command::RakeCommand.with_rake'
/home/jit/workspace/vendor/bundle/ruby/4.0.0/gems/rake-13.3.1/lib/rake/rake_module.rb:59:in 'Rake.with_application'
/home/jit/workspace/vendor/bundle/ruby/4.0.0/bundler/gems/rails-0d1b4918594c/railties/lib/rails/commands/rake/rake_command.rb:46:in 'Rails::Command::RakeCommand.with_rake'
/home/jit/workspace/vendor/bundle/ruby/4.0.0/bundler/gems/rails-0d1b4918594c/railties/lib/rails/commands/rake/rake_command.rb:20:in 'Rails::Command::RakeCommand.perform'
/home/jit/workspace/vendor/bundle/ruby/4.0.0/bundler/gems/rails-0d1b4918594c/railties/lib/rails/command.rb:150:in 'Rails::Command.invoke_rake'
/home/jit/workspace/vendor/bundle/ruby/4.0.0/bundler/gems/rails-0d1b4918594c/railties/lib/rails/command.rb:67:in 'block in Rails::Command.invoke'
/home/jit/workspace/vendor/bundle/ruby/4.0.0/bundler/gems/rails-0d1b4918594c/railties/lib/rails/command.rb:143:in 'Rails::Command.with_argv'
/home/jit/workspace/vendor/bundle/ruby/4.0.0/bundler/gems/rails-0d1b4918594c/railties/lib/rails/command.rb:63:in 'Rails::Command.invoke'
/home/jit/workspace/vendor/bundle/ruby/4.0.0/bundler/gems/rails-0d1b4918594c/railties/lib/rails/commands.rb:18:in '<main>'
/home/jit/workspace/vendor/bundle/ruby/4.0.0/gems/bootsnap-1.20.1/lib/bootsnap/load_path_cache/core_ext/kernel_require.rb:30:in 'Kernel#require'
Tasks: TOP => db:migrate:reset => db:migrate
(See full trace by running task with --trace)
