DEBUGGER: Debugger can attach via UNIX domain socket (/tmp/rdbg-1000/rdbg-343780)
Dropped database 'development_guest_db'
Dropped database 'development_identity_db'
Dropped database 'development_profile_db'
Dropped database 'development_token_db'
Dropped database 'development_business_db'
Dropped database 'development_document_db'
Dropped database 'development_news_db'
Dropped database 'development_billing_db'
Dropped database 'development_message_db'
Dropped database 'development_notification_db'
Dropped database 'development_cache_db'
Dropped database 'development_queue_db'
Dropped database 'development_storage_db'
Dropped database 'development_speciality_db'
Dropped database 'development_universal_db'
Dropped database 'development_operator_db'
Dropped database 'development_avatar_db'
Dropped database 'development_default_db'
Dropped database 'test_guest_db'
Dropped database 'test_identity_db'
Dropped database 'test_profile_db'
Dropped database 'test_token_db'
Dropped database 'test_notification_db'
Dropped database 'test_speciality_db'
Dropped database 'test_cache_db'
Dropped database 'test_queue_db'
Dropped database 'test_storage_db'
Dropped database 'test_business_db'
Dropped database 'test_document_db'
Dropped database 'test_news_db'
Dropped database 'test_billing_db'
Dropped database 'test_message_db'
Dropped database 'test_universal_db'
Dropped database 'test_operator_db'
Dropped database 'test_avatar_db'
Dropped database 'test_default_db'
Created database 'development_guest_db'
Created database 'development_identity_db'
Created database 'development_profile_db'
Created database 'development_token_db'
Created database 'development_business_db'
Created database 'development_document_db'
Created database 'development_news_db'
Created database 'development_billing_db'
Created database 'development_message_db'
Created database 'development_notification_db'
Created database 'development_cache_db'
Created database 'development_queue_db'
Created database 'development_storage_db'
Created database 'development_speciality_db'
Created database 'development_universal_db'
Created database 'development_operator_db'
Created database 'development_avatar_db'
Created database 'development_default_db'
Created database 'test_guest_db'
Created database 'test_identity_db'
Created database 'test_profile_db'
Created database 'test_token_db'
Created database 'test_notification_db'
Created database 'test_speciality_db'
Created database 'test_cache_db'
Created database 'test_queue_db'
Created database 'test_storage_db'
Created database 'test_business_db'
Created database 'test_document_db'
Created database 'test_news_db'
Created database 'test_billing_db'
Created database 'test_message_db'
Created database 'test_universal_db'
Created database 'test_operator_db'
Created database 'test_avatar_db'
Created database 'test_default_db'
== 20240627130203 CreateExtensions: migrating =================================
-- extension_enabled?("pgcrypto")
   -> 0.0012s
-- enable_extension("pgcrypto")
   -> 0.0053s
== 20240627130203 CreateExtensions: migrated (0.0126s) ========================

== 20240627130203 CreateExtensions: migrating =================================
-- extension_enabled?("pgcrypto")
   -> 0.0012s
-- enable_extension("pgcrypto")
   -> 0.0048s
== 20240627130203 CreateExtensions: migrated (0.0075s) ========================

== 20240627130203 CreateExtensions: migrating =================================
-- extension_enabled?("pgcrypto")
   -> 0.0011s
-- enable_extension("pgcrypto")
   -> 0.0051s
== 20240627130203 CreateExtensions: migrated (0.0077s) ========================

== 20240627130203 CreateExtensions: migrating =================================
-- extension_enabled?("pgcrypto")
   -> 0.0014s
-- enable_extension("pgcrypto")
   -> 0.0055s
== 20240627130203 CreateExtensions: migrated (0.0088s) ========================

== 20240627130203 CreateExtensions: migrating =================================
-- extension_enabled?("pgcrypto")
   -> 0.0011s
-- enable_extension("pgcrypto")
   -> 0.0053s
== 20240627130203 CreateExtensions: migrated (0.0081s) ========================

== 20240627130203 CreateExtensions: migrating =================================
-- extension_enabled?("pgcrypto")
   -> 0.0013s
-- enable_extension("pgcrypto")
   -> 0.0053s
== 20240627130203 CreateExtensions: migrated (0.0106s) ========================

== 20240827130201 CreateUsers: migrating ======================================
-- create_table(:users, {id: :uuid, default: #<Proc:0x00007f80a8a5d888 /home/jit/workspace/db/identities_migrate/20240827130201_create_users.rb:8 (lambda)>})
   -> 0.0041s
== 20240827130201 CreateUsers: migrated (0.0053s) =============================

== 20240827130202 CreateStaffs: migrating =====================================
-- create_table(:staffs, {id: :uuid, default: #<Proc:0x00007f809f87f600 /home/jit/workspace/db/operators_migrate/20240827130202_create_staffs.rb:8 (lambda)>})
   -> 0.0036s
== 20240827130202 CreateStaffs: migrated (0.0050s) ============================

== 20240830171634 CreateUserGoogleAuths: migrating ============================
-- create_table(:user_google_auths, {id: :uuid, default: #<Proc:0x00007f809eee4b68 /home/jit/workspace/db/identities_migrate/20240830171634_create_user_google_auths.rb:5 (lambda)>})
   -> 0.0054s
== 20240830171634 CreateUserGoogleAuths: migrated (0.0067s) ===================

== 20240830171643 CreateUserAppleAuths: migrating =============================
-- create_table(:user_apple_auths, {id: :uuid, default: #<Proc:0x00007f809ea8d150 /home/jit/workspace/db/identities_migrate/20240830171643_create_user_apple_auths.rb:5 (lambda)>})
   -> 0.0048s
== 20240830171643 CreateUserAppleAuths: migrated (0.0061s) ====================

== 20241030051235 CreateAppContactStatuses: migrating =========================
-- create_table(:app_contact_statuses, {id: :string, limit: 255})
   -> 0.0051s
== 20241030051235 CreateAppContactStatuses: migrated (0.0064s) ================

== 20241030051236 CreateComContactStatuses: migrating =========================
-- create_table(:com_contact_statuses, {id: :string, limit: 255})
   -> 0.0023s
== 20241030051236 CreateComContactStatuses: migrated (0.0036s) ================

== 20241030051237 CreateOrgContactStatuses: migrating =========================
-- create_table(:org_contact_statuses, {id: :string, limit: 255})
   -> 0.0064s
== 20241030051237 CreateOrgContactStatuses: migrated (0.0077s) ================

== 20241030051238 CreateAppContactCategories: migrating =======================
-- create_table(:app_contact_categories, {id: false})
   -> 0.0033s
== 20241030051238 CreateAppContactCategories: migrated (0.0046s) ==============

== 20241030051239 CreateComContactCategories: migrating =======================
-- create_table(:com_contact_categories, {id: false})
   -> 0.0022s
== 20241030051239 CreateComContactCategories: migrated (0.0036s) ==============

== 20241030051240 CreateOrgContactCategories: migrating =======================
-- create_table(:org_contact_categories, {id: false})
   -> 0.0021s
== 20241030051240 CreateOrgContactCategories: migrated (0.0032s) ==============

== 20250202121500 CreatePostVersions: migrating ===============================
-- create_table(:post_versions, {id: :uuid, default: #<Proc:0x00007f80a799b428 /home/jit/workspace/db/avatars_migrate/20250202121500_create_post_versions.rb:5 (lambda)>})
   -> 0.0042s
-- add_index(:post_versions, [:post_id, :created_at], {order: {created_at: :desc}})
   -> 0.0014s
-- add_index(:post_versions, :public_id, {unique: true})
   -> 0.0010s
== 20250202121500 CreatePostVersions: migrated (0.0091s) ======================

== 20250421131400 CreateUserIdentityOneTimePasswords: migrating ===============
-- create_table(:user_identity_one_time_passwords, {id: false})
   -> 0.0038s
== 20250421131400 CreateUserIdentityOneTimePasswords: migrated (0.0050s) ======

== 20250429231841 CreateStaffIdentityEmails: migrating ========================
-- create_table(:staff_identity_emails, {id: :uuid, default: #<Proc:0x00007f80a1123170 /home/jit/workspace/db/operators_migrate/20250429231841_create_staff_identity_emails.rb:5 (lambda)>})
   -> 0.0057s
== 20250429231841 CreateStaffIdentityEmails: migrated (0.0070s) ===============

== 20250429231842 CreateUserIdentityEmails: migrating =========================
-- create_table(:user_identity_emails, {id: :uuid, default: #<Proc:0x00007f809ef33588 /home/jit/workspace/db/identities_migrate/20250429231842_create_user_identity_emails.rb:5 (lambda)>})
   -> 0.0051s
== 20250429231842 CreateUserIdentityEmails: migrated (0.0066s) ================

== 20250429234634 CreateStaffIdentityTelephones: migrating ====================
-- create_table(:staff_identity_telephones, {id: :uuid, default: #<Proc:0x00007f8067ecf740 /home/jit/workspace/db/operators_migrate/20250429234634_create_staff_identity_telephones.rb:5 (lambda)>})
   -> 0.0078s
== 20250429234634 CreateStaffIdentityTelephones: migrated (0.0101s) ===========

== 20250429234642 CreateUserIdentityTelephones: migrating =====================
-- create_table(:user_identity_telephones, {id: :uuid, default: #<Proc:0x00007f80a8c40858 /home/jit/workspace/db/identities_migrate/20250429234642_create_user_identity_telephones.rb:5 (lambda)>})
   -> 0.0098s
== 20250429234642 CreateUserIdentityTelephones: migrated (0.0111s) ============

== 20250504005603 CreateStaffRecoveryCodes: migrating =========================
-- create_table(:staff_recovery_codes, {id: :uuid, default: #<Proc:0x00007f809f821f00 /home/jit/workspace/db/identities_migrate/20250504005603_create_staff_recovery_codes.rb:5 (lambda)>})
bin/rails aborted!
StandardError: An error has occurred, this and all later migrations canceled: (StandardError)

PG::UndefinedTable: ERROR:  relation "staffs" does not exist
/home/jit/workspace/vendor/bundle/ruby/4.0.0/bundler/gems/rails-0d1b4918594c/activerecord/lib/active_record/connection_adapters/postgresql/database_statements.rb:193:in 'PG::Connection#exec'
/home/jit/workspace/vendor/bundle/ruby/4.0.0/bundler/gems/rails-0d1b4918594c/activerecord/lib/active_record/connection_adapters/postgresql/database_statements.rb:193:in 'ActiveRecord::ConnectionAdapters::PostgreSQL::DatabaseStatements#perform_query'
/home/jit/workspace/vendor/bundle/ruby/4.0.0/bundler/gems/rails-0d1b4918594c/activerecord/lib/active_record/connection_adapters/abstract/database_statements.rb:611:in 'block (2 levels) in ActiveRecord::ConnectionAdapters::DatabaseStatements#execute_intent'
/home/jit/workspace/vendor/bundle/ruby/4.0.0/bundler/gems/rails-0d1b4918594c/activerecord/lib/active_record/connection_adapters/abstract_adapter.rb:1093:in 'block in ActiveRecord::ConnectionAdapters::AbstractAdapter#with_raw_connection'
/home/jit/workspace/vendor/bundle/ruby/4.0.0/bundler/gems/rails-0d1b4918594c/activesupport/lib/active_support/concurrency/null_lock.rb:9:in 'ActiveSupport::Concurrency::NullLock#synchronize'
/home/jit/workspace/vendor/bundle/ruby/4.0.0/bundler/gems/rails-0d1b4918594c/activerecord/lib/active_record/connection_adapters/abstract_adapter.rb:1062:in 'ActiveRecord::ConnectionAdapters::AbstractAdapter#with_raw_connection'
/home/jit/workspace/vendor/bundle/ruby/4.0.0/bundler/gems/rails-0d1b4918594c/activerecord/lib/active_record/connection_adapters/abstract/database_statements.rb:610:in 'block in ActiveRecord::ConnectionAdapters::DatabaseStatements#execute_intent'
/home/jit/workspace/vendor/bundle/ruby/4.0.0/bundler/gems/rails-0d1b4918594c/activesupport/lib/active_support/notifications/instrumenter.rb:58:in 'ActiveSupport::Notifications::Instrumenter#instrument'
/home/jit/workspace/vendor/bundle/ruby/4.0.0/bundler/gems/rails-0d1b4918594c/activerecord/lib/active_record/connection_adapters/abstract_adapter.rb:1216:in 'ActiveRecord::ConnectionAdapters::AbstractAdapter#log'
/home/jit/workspace/vendor/bundle/ruby/4.0.0/bundler/gems/rails-0d1b4918594c/activerecord/lib/active_record/connection_adapters/abstract/database_statements.rb:608:in 'ActiveRecord::ConnectionAdapters::DatabaseStatements#execute_intent'
/home/jit/workspace/vendor/bundle/ruby/4.0.0/bundler/gems/rails-0d1b4918594c/activerecord/lib/active_record/connection_adapters/query_intent.rb:318:in 'ActiveRecord::ConnectionAdapters::QueryIntent#run_query!'
/home/jit/workspace/vendor/bundle/ruby/4.0.0/bundler/gems/rails-0d1b4918594c/activerecord/lib/active_record/connection_adapters/query_intent.rb:168:in 'ActiveRecord::ConnectionAdapters::QueryIntent#execute!'
/home/jit/workspace/vendor/bundle/ruby/4.0.0/bundler/gems/rails-0d1b4918594c/activerecord/lib/active_record/connection_adapters/abstract/database_statements.rb:164:in 'ActiveRecord::ConnectionAdapters::DatabaseStatements#execute'
/home/jit/workspace/vendor/bundle/ruby/4.0.0/bundler/gems/rails-0d1b4918594c/activerecord/lib/active_record/connection_adapters/abstract/query_cache.rb:25:in 'ActiveRecord::ConnectionAdapters::AbstractAdapter#execute'
/home/jit/workspace/vendor/bundle/ruby/4.0.0/bundler/gems/rails-0d1b4918594c/activerecord/lib/active_record/connection_adapters/postgresql/database_statements.rb:42:in 'ActiveRecord::ConnectionAdapters::PostgreSQL::DatabaseStatements#execute'
/home/jit/workspace/vendor/bundle/ruby/4.0.0/bundler/gems/rails-0d1b4918594c/activerecord/lib/active_record/connection_adapters/abstract/schema_statements.rb:313:in 'ActiveRecord::ConnectionAdapters::SchemaStatements#create_table'
/home/jit/workspace/vendor/bundle/ruby/4.0.0/bundler/gems/rails-0d1b4918594c/activerecord/lib/active_record/migration/default_strategy.rb:10:in 'ActiveRecord::Migration::DefaultStrategy#method_missing'
/home/jit/workspace/vendor/bundle/ruby/4.0.0/bundler/gems/rails-0d1b4918594c/activerecord/lib/active_record/migration.rb:1061:in 'block in ActiveRecord::Migration#method_missing'
/home/jit/workspace/vendor/bundle/ruby/4.0.0/bundler/gems/rails-0d1b4918594c/activerecord/lib/active_record/migration.rb:1027:in 'block in ActiveRecord::Migration#say_with_time'
/home/jit/workspace/vendor/bundle/ruby/4.0.0/bundler/gems/rails-0d1b4918594c/activesupport/lib/active_support/benchmark.rb:17:in 'ActiveSupport::Benchmark.realtime'
/home/jit/workspace/vendor/bundle/ruby/4.0.0/bundler/gems/rails-0d1b4918594c/activerecord/lib/active_record/migration.rb:1027:in 'ActiveRecord::Migration#say_with_time'
/home/jit/workspace/vendor/bundle/ruby/4.0.0/bundler/gems/rails-0d1b4918594c/activerecord/lib/active_record/migration.rb:1050:in 'ActiveRecord::Migration#method_missing'
/home/jit/workspace/vendor/bundle/ruby/4.0.0/gems/strong_migrations-2.5.2/lib/strong_migrations/migration.rb:14:in 'block (2 levels) in StrongMigrations::Migration#method_missing'
/home/jit/workspace/vendor/bundle/ruby/4.0.0/gems/strong_migrations-2.5.2/lib/strong_migrations/checker.rb:127:in 'StrongMigrations::Checker#perform_method'
/home/jit/workspace/vendor/bundle/ruby/4.0.0/gems/strong_migrations-2.5.2/lib/strong_migrations/checker.rb:112:in 'StrongMigrations::Checker#perform'
/home/jit/workspace/vendor/bundle/ruby/4.0.0/gems/strong_migrations-2.5.2/lib/strong_migrations/migration.rb:13:in 'block in StrongMigrations::Migration#method_missing'
/home/jit/workspace/vendor/bundle/ruby/4.0.0/gems/strong_migrations-2.5.2/lib/strong_migrations/migration.rb:12:in 'Kernel#catch'
/home/jit/workspace/vendor/bundle/ruby/4.0.0/gems/strong_migrations-2.5.2/lib/strong_migrations/migration.rb:12:in 'StrongMigrations::Migration#method_missing'
/home/jit/workspace/vendor/bundle/ruby/4.0.0/bundler/gems/rails-0d1b4918594c/activerecord/lib/active_record/migration.rb:582:in 'ActiveRecord::Migration::Current#create_table'
/home/jit/workspace/db/identities_migrate/20250504005603_create_staff_recovery_codes.rb:5:in 'CreateStaffRecoveryCodes#change'
/home/jit/workspace/vendor/bundle/ruby/4.0.0/bundler/gems/rails-0d1b4918594c/activerecord/lib/active_record/migration.rb:996:in 'ActiveRecord::Migration#exec_migration'
/home/jit/workspace/vendor/bundle/ruby/4.0.0/bundler/gems/rails-0d1b4918594c/activerecord/lib/active_record/migration.rb:980:in 'block (2 levels) in ActiveRecord::Migration#migrate'
/home/jit/workspace/vendor/bundle/ruby/4.0.0/bundler/gems/rails-0d1b4918594c/activesupport/lib/active_support/benchmark.rb:17:in 'ActiveSupport::Benchmark.realtime'
/home/jit/workspace/vendor/bundle/ruby/4.0.0/bundler/gems/rails-0d1b4918594c/activerecord/lib/active_record/migration.rb:979:in 'block in ActiveRecord::Migration#migrate'
/home/jit/workspace/vendor/bundle/ruby/4.0.0/bundler/gems/rails-0d1b4918594c/activerecord/lib/active_record/connection_adapters/abstract/connection_pool.rb:457:in 'ActiveRecord::ConnectionAdapters::ConnectionPool#with_connection'
/home/jit/workspace/vendor/bundle/ruby/4.0.0/bundler/gems/rails-0d1b4918594c/activerecord/lib/active_record/migration.rb:978:in 'ActiveRecord::Migration#migrate'
/home/jit/workspace/vendor/bundle/ruby/4.0.0/gems/strong_migrations-2.5.2/lib/strong_migrations/migration.rb:5:in 'StrongMigrations::Migration#migrate'
/home/jit/workspace/vendor/bundle/ruby/4.0.0/bundler/gems/rails-0d1b4918594c/activerecord/lib/active_record/migration.rb:1196:in 'ActiveRecord::MigrationProxy#migrate'
/home/jit/workspace/vendor/bundle/ruby/4.0.0/bundler/gems/rails-0d1b4918594c/activerecord/lib/active_record/migration.rb:1545:in 'block in ActiveRecord::Migrator#execute_migration_in_transaction'
/home/jit/workspace/vendor/bundle/ruby/4.0.0/bundler/gems/rails-0d1b4918594c/activerecord/lib/active_record/connection_adapters/abstract/transaction.rb:647:in 'block in ActiveRecord::ConnectionAdapters::TransactionManager#within_new_transaction'
/home/jit/workspace/vendor/bundle/ruby/4.0.0/bundler/gems/rails-0d1b4918594c/activesupport/lib/active_support/concurrency/null_lock.rb:9:in 'ActiveSupport::Concurrency::NullLock#synchronize'
/home/jit/workspace/vendor/bundle/ruby/4.0.0/bundler/gems/rails-0d1b4918594c/activerecord/lib/active_record/connection_adapters/abstract/transaction.rb:644:in 'ActiveRecord::ConnectionAdapters::TransactionManager#within_new_transaction'
/home/jit/workspace/vendor/bundle/ruby/4.0.0/bundler/gems/rails-0d1b4918594c/activerecord/lib/active_record/connection_adapters/abstract/database_statements.rb:441:in 'ActiveRecord::ConnectionAdapters::DatabaseStatements#within_new_transaction'
/home/jit/workspace/vendor/bundle/ruby/4.0.0/bundler/gems/rails-0d1b4918594c/activerecord/lib/active_record/connection_adapters/abstract/database_statements.rb:431:in 'ActiveRecord::ConnectionAdapters::DatabaseStatements#transaction'
/home/jit/workspace/vendor/bundle/ruby/4.0.0/bundler/gems/rails-0d1b4918594c/activerecord/lib/active_record/migration.rb:1596:in 'ActiveRecord::Migrator#ddl_transaction'
/home/jit/workspace/vendor/bundle/ruby/4.0.0/gems/strong_migrations-2.5.2/lib/strong_migrations/migrator.rb:5:in 'StrongMigrations::Migrator#ddl_transaction'
/home/jit/workspace/vendor/bundle/ruby/4.0.0/bundler/gems/rails-0d1b4918594c/activerecord/lib/active_record/migration.rb:1544:in 'ActiveRecord::Migrator#execute_migration_in_transaction'
/home/jit/workspace/vendor/bundle/ruby/4.0.0/bundler/gems/rails-0d1b4918594c/activerecord/lib/active_record/migration.rb:1518:in 'Array#each'
/home/jit/workspace/vendor/bundle/ruby/4.0.0/bundler/gems/rails-0d1b4918594c/activerecord/lib/active_record/migration.rb:1518:in 'ActiveRecord::Migrator#migrate_without_lock'
/home/jit/workspace/vendor/bundle/ruby/4.0.0/bundler/gems/rails-0d1b4918594c/activerecord/lib/active_record/migration.rb:1463:in 'block in ActiveRecord::Migrator#migrate'
/home/jit/workspace/vendor/bundle/ruby/4.0.0/bundler/gems/rails-0d1b4918594c/activerecord/lib/active_record/migration.rb:1616:in 'ActiveRecord::Migrator#with_advisory_lock'
/home/jit/workspace/vendor/bundle/ruby/4.0.0/bundler/gems/rails-0d1b4918594c/activerecord/lib/active_record/migration.rb:1463:in 'ActiveRecord::Migrator#migrate'
/home/jit/workspace/vendor/bundle/ruby/4.0.0/bundler/gems/rails-0d1b4918594c/activerecord/lib/active_record/migration.rb:1270:in 'ActiveRecord::MigrationContext#up'
/home/jit/workspace/vendor/bundle/ruby/4.0.0/gems/strong_migrations-2.5.2/lib/strong_migrations/migration_context.rb:4:in 'StrongMigrations::MigrationContext#up'
/home/jit/workspace/vendor/bundle/ruby/4.0.0/bundler/gems/rails-0d1b4918594c/activerecord/lib/active_record/migration.rb:1245:in 'ActiveRecord::MigrationContext#migrate'
/home/jit/workspace/vendor/bundle/ruby/4.0.0/bundler/gems/rails-0d1b4918594c/activerecord/lib/active_record/tasks/database_tasks.rb:275:in 'ActiveRecord::Tasks::DatabaseTasks#migrate'
/home/jit/workspace/vendor/bundle/ruby/4.0.0/bundler/gems/rails-0d1b4918594c/activerecord/lib/active_record/tasks/database_tasks.rb:260:in 'block (3 levels) in ActiveRecord::Tasks::DatabaseTasks#migrate_all'
/home/jit/workspace/vendor/bundle/ruby/4.0.0/bundler/gems/rails-0d1b4918594c/activerecord/lib/active_record/connection_adapters/abstract/connection_pool.rb:463:in 'ActiveRecord::ConnectionAdapters::ConnectionPool#with_connection'
/home/jit/workspace/vendor/bundle/ruby/4.0.0/bundler/gems/rails-0d1b4918594c/activerecord/lib/active_record/tasks/database_tasks.rb:548:in 'block in ActiveRecord::Tasks::DatabaseTasks#with_temporary_connection'
/home/jit/workspace/vendor/bundle/ruby/4.0.0/bundler/gems/rails-0d1b4918594c/activerecord/lib/active_record/tasks/database_tasks.rb:569:in 'ActiveRecord::Tasks::DatabaseTasks#with_temporary_pool'
/home/jit/workspace/vendor/bundle/ruby/4.0.0/bundler/gems/rails-0d1b4918594c/activerecord/lib/active_record/tasks/database_tasks.rb:547:in 'ActiveRecord::Tasks::DatabaseTasks#with_temporary_connection'
/home/jit/workspace/vendor/bundle/ruby/4.0.0/bundler/gems/rails-0d1b4918594c/activerecord/lib/active_record/tasks/database_tasks.rb:259:in 'block (2 levels) in ActiveRecord::Tasks::DatabaseTasks#migrate_all'
/home/jit/workspace/vendor/bundle/ruby/4.0.0/bundler/gems/rails-0d1b4918594c/activerecord/lib/active_record/tasks/database_tasks.rb:258:in 'Array#each'
/home/jit/workspace/vendor/bundle/ruby/4.0.0/bundler/gems/rails-0d1b4918594c/activerecord/lib/active_record/tasks/database_tasks.rb:258:in 'block in ActiveRecord::Tasks::DatabaseTasks#migrate_all'
/home/jit/workspace/vendor/bundle/ruby/4.0.0/bundler/gems/rails-0d1b4918594c/activerecord/lib/active_record/tasks/database_tasks.rb:257:in 'Array#each'
/home/jit/workspace/vendor/bundle/ruby/4.0.0/bundler/gems/rails-0d1b4918594c/activerecord/lib/active_record/tasks/database_tasks.rb:257:in 'ActiveRecord::Tasks::DatabaseTasks#migrate_all'
/home/jit/workspace/vendor/bundle/ruby/4.0.0/bundler/gems/rails-0d1b4918594c/activerecord/lib/active_record/railties/databases.rake:90:in 'block (2 levels) in <main>'
/home/jit/workspace/vendor/bundle/ruby/4.0.0/gems/rake-13.3.1/lib/rake/task.rb:281:in 'block in Rake::Task#execute'
/home/jit/workspace/vendor/bundle/ruby/4.0.0/gems/rake-13.3.1/lib/rake/task.rb:281:in 'Array#each'
/home/jit/workspace/vendor/bundle/ruby/4.0.0/gems/rake-13.3.1/lib/rake/task.rb:281:in 'Rake::Task#execute'
/home/jit/workspace/vendor/bundle/ruby/4.0.0/gems/rake-13.3.1/lib/rake/task.rb:219:in 'block in Rake::Task#invoke_with_call_chain'
/home/jit/workspace/vendor/bundle/ruby/4.0.0/gems/rake-13.3.1/lib/rake/task.rb:199:in 'Monitor#synchronize'
/home/jit/workspace/vendor/bundle/ruby/4.0.0/gems/rake-13.3.1/lib/rake/task.rb:199:in 'Rake::Task#invoke_with_call_chain'
/home/jit/workspace/vendor/bundle/ruby/4.0.0/gems/rake-13.3.1/lib/rake/task.rb:243:in 'block in Rake::Task#invoke_prerequisites'
/home/jit/workspace/vendor/bundle/ruby/4.0.0/gems/rake-13.3.1/lib/rake/task.rb:241:in 'Array#each'
/home/jit/workspace/vendor/bundle/ruby/4.0.0/gems/rake-13.3.1/lib/rake/task.rb:241:in 'Rake::Task#invoke_prerequisites'
/home/jit/workspace/vendor/bundle/ruby/4.0.0/gems/rake-13.3.1/lib/rake/task.rb:218:in 'block in Rake::Task#invoke_with_call_chain'
/home/jit/workspace/vendor/bundle/ruby/4.0.0/gems/rake-13.3.1/lib/rake/task.rb:199:in 'Monitor#synchronize'
/home/jit/workspace/vendor/bundle/ruby/4.0.0/gems/rake-13.3.1/lib/rake/task.rb:199:in 'Rake::Task#invoke_with_call_chain'
/home/jit/workspace/vendor/bundle/ruby/4.0.0/gems/rake-13.3.1/lib/rake/task.rb:188:in 'Rake::Task#invoke'
/home/jit/workspace/vendor/bundle/ruby/4.0.0/gems/rake-13.3.1/lib/rake/application.rb:188:in 'Rake::Application#invoke_task'
/home/jit/workspace/vendor/bundle/ruby/4.0.0/gems/rake-13.3.1/lib/rake/application.rb:138:in 'block (2 levels) in Rake::Application#top_level'
/home/jit/workspace/vendor/bundle/ruby/4.0.0/gems/rake-13.3.1/lib/rake/application.rb:138:in 'Array#each'
/home/jit/workspace/vendor/bundle/ruby/4.0.0/gems/rake-13.3.1/lib/rake/application.rb:138:in 'block in Rake::Application#top_level'
/home/jit/workspace/vendor/bundle/ruby/4.0.0/gems/rake-13.3.1/lib/rake/application.rb:147:in 'Rake::Application#run_with_threads'
/home/jit/workspace/vendor/bundle/ruby/4.0.0/gems/rake-13.3.1/lib/rake/application.rb:132:in 'Rake::Application#top_level'
/home/jit/workspace/vendor/bundle/ruby/4.0.0/bundler/gems/rails-0d1b4918594c/railties/lib/rails/commands/rake/rake_command.rb:30:in 'block (3 levels) in Rails::Command::RakeCommand.perform'
/home/jit/workspace/vendor/bundle/ruby/4.0.0/bundler/gems/rails-0d1b4918594c/activesupport/lib/active_support/error_reporter.rb:117:in 'ActiveSupport::ErrorReporter#record'
/home/jit/workspace/vendor/bundle/ruby/4.0.0/bundler/gems/rails-0d1b4918594c/railties/lib/rails/commands/rake/rake_command.rb:29:in 'block (2 levels) in Rails::Command::RakeCommand.perform'
/home/jit/workspace/vendor/bundle/ruby/4.0.0/gems/rake-13.3.1/lib/rake/application.rb:214:in 'Rake::Application#standard_exception_handling'
/home/jit/workspace/vendor/bundle/ruby/4.0.0/bundler/gems/rails-0d1b4918594c/railties/lib/rails/commands/rake/rake_command.rb:28:in 'block in Rails::Command::RakeCommand.perform'
/home/jit/workspace/vendor/bundle/ruby/4.0.0/bundler/gems/rails-0d1b4918594c/railties/lib/rails/commands/rake/rake_command.rb:49:in 'block in Rails::Command::RakeCommand.with_rake'
/home/jit/workspace/vendor/bundle/ruby/4.0.0/gems/rake-13.3.1/lib/rake/rake_module.rb:59:in 'Rake.with_application'
/home/jit/workspace/vendor/bundle/ruby/4.0.0/bundler/gems/rails-0d1b4918594c/railties/lib/rails/commands/rake/rake_command.rb:46:in 'Rails::Command::RakeCommand.with_rake'
/home/jit/workspace/vendor/bundle/ruby/4.0.0/bundler/gems/rails-0d1b4918594c/railties/lib/rails/commands/rake/rake_command.rb:20:in 'Rails::Command::RakeCommand.perform'
/home/jit/workspace/vendor/bundle/ruby/4.0.0/bundler/gems/rails-0d1b4918594c/railties/lib/rails/command.rb:150:in 'Rails::Command.invoke_rake'
/home/jit/workspace/vendor/bundle/ruby/4.0.0/bundler/gems/rails-0d1b4918594c/railties/lib/rails/command.rb:67:in 'block in Rails::Command.invoke'
/home/jit/workspace/vendor/bundle/ruby/4.0.0/bundler/gems/rails-0d1b4918594c/railties/lib/rails/command.rb:143:in 'Rails::Command.with_argv'
/home/jit/workspace/vendor/bundle/ruby/4.0.0/bundler/gems/rails-0d1b4918594c/railties/lib/rails/command.rb:63:in 'Rails::Command.invoke'
/home/jit/workspace/vendor/bundle/ruby/4.0.0/bundler/gems/rails-0d1b4918594c/railties/lib/rails/commands.rb:18:in '<main>'
/home/jit/workspace/vendor/bundle/ruby/4.0.0/gems/bootsnap-1.20.1/lib/bootsnap/load_path_cache/core_ext/kernel_require.rb:30:in 'Kernel#require'

Caused by:
ActiveRecord::StatementInvalid: PG::UndefinedTable: ERROR:  relation "staffs" does not exist (ActiveRecord::StatementInvalid)
/home/jit/workspace/vendor/bundle/ruby/4.0.0/bundler/gems/rails-0d1b4918594c/activerecord/lib/active_record/connection_adapters/postgresql/database_statements.rb:193:in 'PG::Connection#exec'
/home/jit/workspace/vendor/bundle/ruby/4.0.0/bundler/gems/rails-0d1b4918594c/activerecord/lib/active_record/connection_adapters/postgresql/database_statements.rb:193:in 'ActiveRecord::ConnectionAdapters::PostgreSQL::DatabaseStatements#perform_query'
/home/jit/workspace/vendor/bundle/ruby/4.0.0/bundler/gems/rails-0d1b4918594c/activerecord/lib/active_record/connection_adapters/abstract/database_statements.rb:611:in 'block (2 levels) in ActiveRecord::ConnectionAdapters::DatabaseStatements#execute_intent'
/home/jit/workspace/vendor/bundle/ruby/4.0.0/bundler/gems/rails-0d1b4918594c/activerecord/lib/active_record/connection_adapters/abstract_adapter.rb:1093:in 'block in ActiveRecord::ConnectionAdapters::AbstractAdapter#with_raw_connection'
/home/jit/workspace/vendor/bundle/ruby/4.0.0/bundler/gems/rails-0d1b4918594c/activesupport/lib/active_support/concurrency/null_lock.rb:9:in 'ActiveSupport::Concurrency::NullLock#synchronize'
/home/jit/workspace/vendor/bundle/ruby/4.0.0/bundler/gems/rails-0d1b4918594c/activerecord/lib/active_record/connection_adapters/abstract_adapter.rb:1062:in 'ActiveRecord::ConnectionAdapters::AbstractAdapter#with_raw_connection'
/home/jit/workspace/vendor/bundle/ruby/4.0.0/bundler/gems/rails-0d1b4918594c/activerecord/lib/active_record/connection_adapters/abstract/database_statements.rb:610:in 'block in ActiveRecord::ConnectionAdapters::DatabaseStatements#execute_intent'
/home/jit/workspace/vendor/bundle/ruby/4.0.0/bundler/gems/rails-0d1b4918594c/activesupport/lib/active_support/notifications/instrumenter.rb:58:in 'ActiveSupport::Notifications::Instrumenter#instrument'
/home/jit/workspace/vendor/bundle/ruby/4.0.0/bundler/gems/rails-0d1b4918594c/activerecord/lib/active_record/connection_adapters/abstract_adapter.rb:1216:in 'ActiveRecord::ConnectionAdapters::AbstractAdapter#log'
/home/jit/workspace/vendor/bundle/ruby/4.0.0/bundler/gems/rails-0d1b4918594c/activerecord/lib/active_record/connection_adapters/abstract/database_statements.rb:608:in 'ActiveRecord::ConnectionAdapters::DatabaseStatements#execute_intent'
/home/jit/workspace/vendor/bundle/ruby/4.0.0/bundler/gems/rails-0d1b4918594c/activerecord/lib/active_record/connection_adapters/query_intent.rb:318:in 'ActiveRecord::ConnectionAdapters::QueryIntent#run_query!'
/home/jit/workspace/vendor/bundle/ruby/4.0.0/bundler/gems/rails-0d1b4918594c/activerecord/lib/active_record/connection_adapters/query_intent.rb:168:in 'ActiveRecord::ConnectionAdapters::QueryIntent#execute!'
/home/jit/workspace/vendor/bundle/ruby/4.0.0/bundler/gems/rails-0d1b4918594c/activerecord/lib/active_record/connection_adapters/abstract/database_statements.rb:164:in 'ActiveRecord::ConnectionAdapters::DatabaseStatements#execute'
/home/jit/workspace/vendor/bundle/ruby/4.0.0/bundler/gems/rails-0d1b4918594c/activerecord/lib/active_record/connection_adapters/abstract/query_cache.rb:25:in 'ActiveRecord::ConnectionAdapters::AbstractAdapter#execute'
/home/jit/workspace/vendor/bundle/ruby/4.0.0/bundler/gems/rails-0d1b4918594c/activerecord/lib/active_record/connection_adapters/postgresql/database_statements.rb:42:in 'ActiveRecord::ConnectionAdapters::PostgreSQL::DatabaseStatements#execute'
/home/jit/workspace/vendor/bundle/ruby/4.0.0/bundler/gems/rails-0d1b4918594c/activerecord/lib/active_record/connection_adapters/abstract/schema_statements.rb:313:in 'ActiveRecord::ConnectionAdapters::SchemaStatements#create_table'
/home/jit/workspace/vendor/bundle/ruby/4.0.0/bundler/gems/rails-0d1b4918594c/activerecord/lib/active_record/migration/default_strategy.rb:10:in 'ActiveRecord::Migration::DefaultStrategy#method_missing'
/home/jit/workspace/vendor/bundle/ruby/4.0.0/bundler/gems/rails-0d1b4918594c/activerecord/lib/active_record/migration.rb:1061:in 'block in ActiveRecord::Migration#method_missing'
/home/jit/workspace/vendor/bundle/ruby/4.0.0/bundler/gems/rails-0d1b4918594c/activerecord/lib/active_record/migration.rb:1027:in 'block in ActiveRecord::Migration#say_with_time'
/home/jit/workspace/vendor/bundle/ruby/4.0.0/bundler/gems/rails-0d1b4918594c/activesupport/lib/active_support/benchmark.rb:17:in 'ActiveSupport::Benchmark.realtime'
/home/jit/workspace/vendor/bundle/ruby/4.0.0/bundler/gems/rails-0d1b4918594c/activerecord/lib/active_record/migration.rb:1027:in 'ActiveRecord::Migration#say_with_time'
/home/jit/workspace/vendor/bundle/ruby/4.0.0/bundler/gems/rails-0d1b4918594c/activerecord/lib/active_record/migration.rb:1050:in 'ActiveRecord::Migration#method_missing'
/home/jit/workspace/vendor/bundle/ruby/4.0.0/gems/strong_migrations-2.5.2/lib/strong_migrations/migration.rb:14:in 'block (2 levels) in StrongMigrations::Migration#method_missing'
/home/jit/workspace/vendor/bundle/ruby/4.0.0/gems/strong_migrations-2.5.2/lib/strong_migrations/checker.rb:127:in 'StrongMigrations::Checker#perform_method'
/home/jit/workspace/vendor/bundle/ruby/4.0.0/gems/strong_migrations-2.5.2/lib/strong_migrations/checker.rb:112:in 'StrongMigrations::Checker#perform'
/home/jit/workspace/vendor/bundle/ruby/4.0.0/gems/strong_migrations-2.5.2/lib/strong_migrations/migration.rb:13:in 'block in StrongMigrations::Migration#method_missing'
/home/jit/workspace/vendor/bundle/ruby/4.0.0/gems/strong_migrations-2.5.2/lib/strong_migrations/migration.rb:12:in 'Kernel#catch'
/home/jit/workspace/vendor/bundle/ruby/4.0.0/gems/strong_migrations-2.5.2/lib/strong_migrations/migration.rb:12:in 'StrongMigrations::Migration#method_missing'
/home/jit/workspace/vendor/bundle/ruby/4.0.0/bundler/gems/rails-0d1b4918594c/activerecord/lib/active_record/migration.rb:582:in 'ActiveRecord::Migration::Current#create_table'
/home/jit/workspace/db/identities_migrate/20250504005603_create_staff_recovery_codes.rb:5:in 'CreateStaffRecoveryCodes#change'
/home/jit/workspace/vendor/bundle/ruby/4.0.0/bundler/gems/rails-0d1b4918594c/activerecord/lib/active_record/migration.rb:996:in 'ActiveRecord::Migration#exec_migration'
/home/jit/workspace/vendor/bundle/ruby/4.0.0/bundler/gems/rails-0d1b4918594c/activerecord/lib/active_record/migration.rb:980:in 'block (2 levels) in ActiveRecord::Migration#migrate'
/home/jit/workspace/vendor/bundle/ruby/4.0.0/bundler/gems/rails-0d1b4918594c/activesupport/lib/active_support/benchmark.rb:17:in 'ActiveSupport::Benchmark.realtime'
/home/jit/workspace/vendor/bundle/ruby/4.0.0/bundler/gems/rails-0d1b4918594c/activerecord/lib/active_record/migration.rb:979:in 'block in ActiveRecord::Migration#migrate'
/home/jit/workspace/vendor/bundle/ruby/4.0.0/bundler/gems/rails-0d1b4918594c/activerecord/lib/active_record/connection_adapters/abstract/connection_pool.rb:457:in 'ActiveRecord::ConnectionAdapters::ConnectionPool#with_connection'
/home/jit/workspace/vendor/bundle/ruby/4.0.0/bundler/gems/rails-0d1b4918594c/activerecord/lib/active_record/migration.rb:978:in 'ActiveRecord::Migration#migrate'
/home/jit/workspace/vendor/bundle/ruby/4.0.0/gems/strong_migrations-2.5.2/lib/strong_migrations/migration.rb:5:in 'StrongMigrations::Migration#migrate'
/home/jit/workspace/vendor/bundle/ruby/4.0.0/bundler/gems/rails-0d1b4918594c/activerecord/lib/active_record/migration.rb:1196:in 'ActiveRecord::MigrationProxy#migrate'
/home/jit/workspace/vendor/bundle/ruby/4.0.0/bundler/gems/rails-0d1b4918594c/activerecord/lib/active_record/migration.rb:1545:in 'block in ActiveRecord::Migrator#execute_migration_in_transaction'
/home/jit/workspace/vendor/bundle/ruby/4.0.0/bundler/gems/rails-0d1b4918594c/activerecord/lib/active_record/connection_adapters/abstract/transaction.rb:647:in 'block in ActiveRecord::ConnectionAdapters::TransactionManager#within_new_transaction'
/home/jit/workspace/vendor/bundle/ruby/4.0.0/bundler/gems/rails-0d1b4918594c/activesupport/lib/active_support/concurrency/null_lock.rb:9:in 'ActiveSupport::Concurrency::NullLock#synchronize'
/home/jit/workspace/vendor/bundle/ruby/4.0.0/bundler/gems/rails-0d1b4918594c/activerecord/lib/active_record/connection_adapters/abstract/transaction.rb:644:in 'ActiveRecord::ConnectionAdapters::TransactionManager#within_new_transaction'
/home/jit/workspace/vendor/bundle/ruby/4.0.0/bundler/gems/rails-0d1b4918594c/activerecord/lib/active_record/connection_adapters/abstract/database_statements.rb:441:in 'ActiveRecord::ConnectionAdapters::DatabaseStatements#within_new_transaction'
/home/jit/workspace/vendor/bundle/ruby/4.0.0/bundler/gems/rails-0d1b4918594c/activerecord/lib/active_record/connection_adapters/abstract/database_statements.rb:431:in 'ActiveRecord::ConnectionAdapters::DatabaseStatements#transaction'
/home/jit/workspace/vendor/bundle/ruby/4.0.0/bundler/gems/rails-0d1b4918594c/activerecord/lib/active_record/migration.rb:1596:in 'ActiveRecord::Migrator#ddl_transaction'
/home/jit/workspace/vendor/bundle/ruby/4.0.0/gems/strong_migrations-2.5.2/lib/strong_migrations/migrator.rb:5:in 'StrongMigrations::Migrator#ddl_transaction'
/home/jit/workspace/vendor/bundle/ruby/4.0.0/bundler/gems/rails-0d1b4918594c/activerecord/lib/active_record/migration.rb:1544:in 'ActiveRecord::Migrator#execute_migration_in_transaction'
/home/jit/workspace/vendor/bundle/ruby/4.0.0/bundler/gems/rails-0d1b4918594c/activerecord/lib/active_record/migration.rb:1518:in 'Array#each'
/home/jit/workspace/vendor/bundle/ruby/4.0.0/bundler/gems/rails-0d1b4918594c/activerecord/lib/active_record/migration.rb:1518:in 'ActiveRecord::Migrator#migrate_without_lock'
/home/jit/workspace/vendor/bundle/ruby/4.0.0/bundler/gems/rails-0d1b4918594c/activerecord/lib/active_record/migration.rb:1463:in 'block in ActiveRecord::Migrator#migrate'
/home/jit/workspace/vendor/bundle/ruby/4.0.0/bundler/gems/rails-0d1b4918594c/activerecord/lib/active_record/migration.rb:1616:in 'ActiveRecord::Migrator#with_advisory_lock'
/home/jit/workspace/vendor/bundle/ruby/4.0.0/bundler/gems/rails-0d1b4918594c/activerecord/lib/active_record/migration.rb:1463:in 'ActiveRecord::Migrator#migrate'
/home/jit/workspace/vendor/bundle/ruby/4.0.0/bundler/gems/rails-0d1b4918594c/activerecord/lib/active_record/migration.rb:1270:in 'ActiveRecord::MigrationContext#up'
/home/jit/workspace/vendor/bundle/ruby/4.0.0/gems/strong_migrations-2.5.2/lib/strong_migrations/migration_context.rb:4:in 'StrongMigrations::MigrationContext#up'
/home/jit/workspace/vendor/bundle/ruby/4.0.0/bundler/gems/rails-0d1b4918594c/activerecord/lib/active_record/migration.rb:1245:in 'ActiveRecord::MigrationContext#migrate'
/home/jit/workspace/vendor/bundle/ruby/4.0.0/bundler/gems/rails-0d1b4918594c/activerecord/lib/active_record/tasks/database_tasks.rb:275:in 'ActiveRecord::Tasks::DatabaseTasks#migrate'
/home/jit/workspace/vendor/bundle/ruby/4.0.0/bundler/gems/rails-0d1b4918594c/activerecord/lib/active_record/tasks/database_tasks.rb:260:in 'block (3 levels) in ActiveRecord::Tasks::DatabaseTasks#migrate_all'
/home/jit/workspace/vendor/bundle/ruby/4.0.0/bundler/gems/rails-0d1b4918594c/activerecord/lib/active_record/connection_adapters/abstract/connection_pool.rb:463:in 'ActiveRecord::ConnectionAdapters::ConnectionPool#with_connection'
/home/jit/workspace/vendor/bundle/ruby/4.0.0/bundler/gems/rails-0d1b4918594c/activerecord/lib/active_record/tasks/database_tasks.rb:548:in 'block in ActiveRecord::Tasks::DatabaseTasks#with_temporary_connection'
/home/jit/workspace/vendor/bundle/ruby/4.0.0/bundler/gems/rails-0d1b4918594c/activerecord/lib/active_record/tasks/database_tasks.rb:569:in 'ActiveRecord::Tasks::DatabaseTasks#with_temporary_pool'
/home/jit/workspace/vendor/bundle/ruby/4.0.0/bundler/gems/rails-0d1b4918594c/activerecord/lib/active_record/tasks/database_tasks.rb:547:in 'ActiveRecord::Tasks::DatabaseTasks#with_temporary_connection'
/home/jit/workspace/vendor/bundle/ruby/4.0.0/bundler/gems/rails-0d1b4918594c/activerecord/lib/active_record/tasks/database_tasks.rb:259:in 'block (2 levels) in ActiveRecord::Tasks::DatabaseTasks#migrate_all'
/home/jit/workspace/vendor/bundle/ruby/4.0.0/bundler/gems/rails-0d1b4918594c/activerecord/lib/active_record/tasks/database_tasks.rb:258:in 'Array#each'
/home/jit/workspace/vendor/bundle/ruby/4.0.0/bundler/gems/rails-0d1b4918594c/activerecord/lib/active_record/tasks/database_tasks.rb:258:in 'block in ActiveRecord::Tasks::DatabaseTasks#migrate_all'
/home/jit/workspace/vendor/bundle/ruby/4.0.0/bundler/gems/rails-0d1b4918594c/activerecord/lib/active_record/tasks/database_tasks.rb:257:in 'Array#each'
/home/jit/workspace/vendor/bundle/ruby/4.0.0/bundler/gems/rails-0d1b4918594c/activerecord/lib/active_record/tasks/database_tasks.rb:257:in 'ActiveRecord::Tasks::DatabaseTasks#migrate_all'
/home/jit/workspace/vendor/bundle/ruby/4.0.0/bundler/gems/rails-0d1b4918594c/activerecord/lib/active_record/railties/databases.rake:90:in 'block (2 levels) in <main>'
/home/jit/workspace/vendor/bundle/ruby/4.0.0/gems/rake-13.3.1/lib/rake/task.rb:281:in 'block in Rake::Task#execute'
/home/jit/workspace/vendor/bundle/ruby/4.0.0/gems/rake-13.3.1/lib/rake/task.rb:281:in 'Array#each'
/home/jit/workspace/vendor/bundle/ruby/4.0.0/gems/rake-13.3.1/lib/rake/task.rb:281:in 'Rake::Task#execute'
/home/jit/workspace/vendor/bundle/ruby/4.0.0/gems/rake-13.3.1/lib/rake/task.rb:219:in 'block in Rake::Task#invoke_with_call_chain'
/home/jit/workspace/vendor/bundle/ruby/4.0.0/gems/rake-13.3.1/lib/rake/task.rb:199:in 'Monitor#synchronize'
/home/jit/workspace/vendor/bundle/ruby/4.0.0/gems/rake-13.3.1/lib/rake/task.rb:199:in 'Rake::Task#invoke_with_call_chain'
/home/jit/workspace/vendor/bundle/ruby/4.0.0/gems/rake-13.3.1/lib/rake/task.rb:243:in 'block in Rake::Task#invoke_prerequisites'
/home/jit/workspace/vendor/bundle/ruby/4.0.0/gems/rake-13.3.1/lib/rake/task.rb:241:in 'Array#each'
/home/jit/workspace/vendor/bundle/ruby/4.0.0/gems/rake-13.3.1/lib/rake/task.rb:241:in 'Rake::Task#invoke_prerequisites'
/home/jit/workspace/vendor/bundle/ruby/4.0.0/gems/rake-13.3.1/lib/rake/task.rb:218:in 'block in Rake::Task#invoke_with_call_chain'
/home/jit/workspace/vendor/bundle/ruby/4.0.0/gems/rake-13.3.1/lib/rake/task.rb:199:in 'Monitor#synchronize'
/home/jit/workspace/vendor/bundle/ruby/4.0.0/gems/rake-13.3.1/lib/rake/task.rb:199:in 'Rake::Task#invoke_with_call_chain'
/home/jit/workspace/vendor/bundle/ruby/4.0.0/gems/rake-13.3.1/lib/rake/task.rb:188:in 'Rake::Task#invoke'
/home/jit/workspace/vendor/bundle/ruby/4.0.0/gems/rake-13.3.1/lib/rake/application.rb:188:in 'Rake::Application#invoke_task'
/home/jit/workspace/vendor/bundle/ruby/4.0.0/gems/rake-13.3.1/lib/rake/application.rb:138:in 'block (2 levels) in Rake::Application#top_level'
/home/jit/workspace/vendor/bundle/ruby/4.0.0/gems/rake-13.3.1/lib/rake/application.rb:138:in 'Array#each'
/home/jit/workspace/vendor/bundle/ruby/4.0.0/gems/rake-13.3.1/lib/rake/application.rb:138:in 'block in Rake::Application#top_level'
/home/jit/workspace/vendor/bundle/ruby/4.0.0/gems/rake-13.3.1/lib/rake/application.rb:147:in 'Rake::Application#run_with_threads'
/home/jit/workspace/vendor/bundle/ruby/4.0.0/gems/rake-13.3.1/lib/rake/application.rb:132:in 'Rake::Application#top_level'
/home/jit/workspace/vendor/bundle/ruby/4.0.0/bundler/gems/rails-0d1b4918594c/railties/lib/rails/commands/rake/rake_command.rb:30:in 'block (3 levels) in Rails::Command::RakeCommand.perform'
/home/jit/workspace/vendor/bundle/ruby/4.0.0/bundler/gems/rails-0d1b4918594c/activesupport/lib/active_support/error_reporter.rb:117:in 'ActiveSupport::ErrorReporter#record'
/home/jit/workspace/vendor/bundle/ruby/4.0.0/bundler/gems/rails-0d1b4918594c/railties/lib/rails/commands/rake/rake_command.rb:29:in 'block (2 levels) in Rails::Command::RakeCommand.perform'
/home/jit/workspace/vendor/bundle/ruby/4.0.0/gems/rake-13.3.1/lib/rake/application.rb:214:in 'Rake::Application#standard_exception_handling'
/home/jit/workspace/vendor/bundle/ruby/4.0.0/bundler/gems/rails-0d1b4918594c/railties/lib/rails/commands/rake/rake_command.rb:28:in 'block in Rails::Command::RakeCommand.perform'
/home/jit/workspace/vendor/bundle/ruby/4.0.0/bundler/gems/rails-0d1b4918594c/railties/lib/rails/commands/rake/rake_command.rb:49:in 'block in Rails::Command::RakeCommand.with_rake'
/home/jit/workspace/vendor/bundle/ruby/4.0.0/gems/rake-13.3.1/lib/rake/rake_module.rb:59:in 'Rake.with_application'
/home/jit/workspace/vendor/bundle/ruby/4.0.0/bundler/gems/rails-0d1b4918594c/railties/lib/rails/commands/rake/rake_command.rb:46:in 'Rails::Command::RakeCommand.with_rake'
/home/jit/workspace/vendor/bundle/ruby/4.0.0/bundler/gems/rails-0d1b4918594c/railties/lib/rails/commands/rake/rake_command.rb:20:in 'Rails::Command::RakeCommand.perform'
/home/jit/workspace/vendor/bundle/ruby/4.0.0/bundler/gems/rails-0d1b4918594c/railties/lib/rails/command.rb:150:in 'Rails::Command.invoke_rake'
/home/jit/workspace/vendor/bundle/ruby/4.0.0/bundler/gems/rails-0d1b4918594c/railties/lib/rails/command.rb:67:in 'block in Rails::Command.invoke'
/home/jit/workspace/vendor/bundle/ruby/4.0.0/bundler/gems/rails-0d1b4918594c/railties/lib/rails/command.rb:143:in 'Rails::Command.with_argv'
/home/jit/workspace/vendor/bundle/ruby/4.0.0/bundler/gems/rails-0d1b4918594c/railties/lib/rails/command.rb:63:in 'Rails::Command.invoke'
/home/jit/workspace/vendor/bundle/ruby/4.0.0/bundler/gems/rails-0d1b4918594c/railties/lib/rails/commands.rb:18:in '<main>'
/home/jit/workspace/vendor/bundle/ruby/4.0.0/gems/bootsnap-1.20.1/lib/bootsnap/load_path_cache/core_ext/kernel_require.rb:30:in 'Kernel#require'

Caused by:
PG::UndefinedTable: ERROR:  relation "staffs" does not exist (PG::UndefinedTable)
/home/jit/workspace/vendor/bundle/ruby/4.0.0/bundler/gems/rails-0d1b4918594c/activerecord/lib/active_record/connection_adapters/postgresql/database_statements.rb:193:in 'PG::Connection#exec'
/home/jit/workspace/vendor/bundle/ruby/4.0.0/bundler/gems/rails-0d1b4918594c/activerecord/lib/active_record/connection_adapters/postgresql/database_statements.rb:193:in 'ActiveRecord::ConnectionAdapters::PostgreSQL::DatabaseStatements#perform_query'
/home/jit/workspace/vendor/bundle/ruby/4.0.0/bundler/gems/rails-0d1b4918594c/activerecord/lib/active_record/connection_adapters/abstract/database_statements.rb:611:in 'block (2 levels) in ActiveRecord::ConnectionAdapters::DatabaseStatements#execute_intent'
/home/jit/workspace/vendor/bundle/ruby/4.0.0/bundler/gems/rails-0d1b4918594c/activerecord/lib/active_record/connection_adapters/abstract_adapter.rb:1093:in 'block in ActiveRecord::ConnectionAdapters::AbstractAdapter#with_raw_connection'
/home/jit/workspace/vendor/bundle/ruby/4.0.0/bundler/gems/rails-0d1b4918594c/activesupport/lib/active_support/concurrency/null_lock.rb:9:in 'ActiveSupport::Concurrency::NullLock#synchronize'
/home/jit/workspace/vendor/bundle/ruby/4.0.0/bundler/gems/rails-0d1b4918594c/activerecord/lib/active_record/connection_adapters/abstract_adapter.rb:1062:in 'ActiveRecord::ConnectionAdapters::AbstractAdapter#with_raw_connection'
/home/jit/workspace/vendor/bundle/ruby/4.0.0/bundler/gems/rails-0d1b4918594c/activerecord/lib/active_record/connection_adapters/abstract/database_statements.rb:610:in 'block in ActiveRecord::ConnectionAdapters::DatabaseStatements#execute_intent'
/home/jit/workspace/vendor/bundle/ruby/4.0.0/bundler/gems/rails-0d1b4918594c/activesupport/lib/active_support/notifications/instrumenter.rb:58:in 'ActiveSupport::Notifications::Instrumenter#instrument'
/home/jit/workspace/vendor/bundle/ruby/4.0.0/bundler/gems/rails-0d1b4918594c/activerecord/lib/active_record/connection_adapters/abstract_adapter.rb:1216:in 'ActiveRecord::ConnectionAdapters::AbstractAdapter#log'
/home/jit/workspace/vendor/bundle/ruby/4.0.0/bundler/gems/rails-0d1b4918594c/activerecord/lib/active_record/connection_adapters/abstract/database_statements.rb:608:in 'ActiveRecord::ConnectionAdapters::DatabaseStatements#execute_intent'
/home/jit/workspace/vendor/bundle/ruby/4.0.0/bundler/gems/rails-0d1b4918594c/activerecord/lib/active_record/connection_adapters/query_intent.rb:318:in 'ActiveRecord::ConnectionAdapters::QueryIntent#run_query!'
/home/jit/workspace/vendor/bundle/ruby/4.0.0/bundler/gems/rails-0d1b4918594c/activerecord/lib/active_record/connection_adapters/query_intent.rb:168:in 'ActiveRecord::ConnectionAdapters::QueryIntent#execute!'
/home/jit/workspace/vendor/bundle/ruby/4.0.0/bundler/gems/rails-0d1b4918594c/activerecord/lib/active_record/connection_adapters/abstract/database_statements.rb:164:in 'ActiveRecord::ConnectionAdapters::DatabaseStatements#execute'
/home/jit/workspace/vendor/bundle/ruby/4.0.0/bundler/gems/rails-0d1b4918594c/activerecord/lib/active_record/connection_adapters/abstract/query_cache.rb:25:in 'ActiveRecord::ConnectionAdapters::AbstractAdapter#execute'
/home/jit/workspace/vendor/bundle/ruby/4.0.0/bundler/gems/rails-0d1b4918594c/activerecord/lib/active_record/connection_adapters/postgresql/database_statements.rb:42:in 'ActiveRecord::ConnectionAdapters::PostgreSQL::DatabaseStatements#execute'
/home/jit/workspace/vendor/bundle/ruby/4.0.0/bundler/gems/rails-0d1b4918594c/activerecord/lib/active_record/connection_adapters/abstract/schema_statements.rb:313:in 'ActiveRecord::ConnectionAdapters::SchemaStatements#create_table'
/home/jit/workspace/vendor/bundle/ruby/4.0.0/bundler/gems/rails-0d1b4918594c/activerecord/lib/active_record/migration/default_strategy.rb:10:in 'ActiveRecord::Migration::DefaultStrategy#method_missing'
/home/jit/workspace/vendor/bundle/ruby/4.0.0/bundler/gems/rails-0d1b4918594c/activerecord/lib/active_record/migration.rb:1061:in 'block in ActiveRecord::Migration#method_missing'
/home/jit/workspace/vendor/bundle/ruby/4.0.0/bundler/gems/rails-0d1b4918594c/activerecord/lib/active_record/migration.rb:1027:in 'block in ActiveRecord::Migration#say_with_time'
/home/jit/workspace/vendor/bundle/ruby/4.0.0/bundler/gems/rails-0d1b4918594c/activesupport/lib/active_support/benchmark.rb:17:in 'ActiveSupport::Benchmark.realtime'
/home/jit/workspace/vendor/bundle/ruby/4.0.0/bundler/gems/rails-0d1b4918594c/activerecord/lib/active_record/migration.rb:1027:in 'ActiveRecord::Migration#say_with_time'
/home/jit/workspace/vendor/bundle/ruby/4.0.0/bundler/gems/rails-0d1b4918594c/activerecord/lib/active_record/migration.rb:1050:in 'ActiveRecord::Migration#method_missing'
/home/jit/workspace/vendor/bundle/ruby/4.0.0/gems/strong_migrations-2.5.2/lib/strong_migrations/migration.rb:14:in 'block (2 levels) in StrongMigrations::Migration#method_missing'
/home/jit/workspace/vendor/bundle/ruby/4.0.0/gems/strong_migrations-2.5.2/lib/strong_migrations/checker.rb:127:in 'StrongMigrations::Checker#perform_method'
/home/jit/workspace/vendor/bundle/ruby/4.0.0/gems/strong_migrations-2.5.2/lib/strong_migrations/checker.rb:112:in 'StrongMigrations::Checker#perform'
/home/jit/workspace/vendor/bundle/ruby/4.0.0/gems/strong_migrations-2.5.2/lib/strong_migrations/migration.rb:13:in 'block in StrongMigrations::Migration#method_missing'
/home/jit/workspace/vendor/bundle/ruby/4.0.0/gems/strong_migrations-2.5.2/lib/strong_migrations/migration.rb:12:in 'Kernel#catch'
/home/jit/workspace/vendor/bundle/ruby/4.0.0/gems/strong_migrations-2.5.2/lib/strong_migrations/migration.rb:12:in 'StrongMigrations::Migration#method_missing'
/home/jit/workspace/vendor/bundle/ruby/4.0.0/bundler/gems/rails-0d1b4918594c/activerecord/lib/active_record/migration.rb:582:in 'ActiveRecord::Migration::Current#create_table'
/home/jit/workspace/db/identities_migrate/20250504005603_create_staff_recovery_codes.rb:5:in 'CreateStaffRecoveryCodes#change'
/home/jit/workspace/vendor/bundle/ruby/4.0.0/bundler/gems/rails-0d1b4918594c/activerecord/lib/active_record/migration.rb:996:in 'ActiveRecord::Migration#exec_migration'
/home/jit/workspace/vendor/bundle/ruby/4.0.0/bundler/gems/rails-0d1b4918594c/activerecord/lib/active_record/migration.rb:980:in 'block (2 levels) in ActiveRecord::Migration#migrate'
/home/jit/workspace/vendor/bundle/ruby/4.0.0/bundler/gems/rails-0d1b4918594c/activesupport/lib/active_support/benchmark.rb:17:in 'ActiveSupport::Benchmark.realtime'
/home/jit/workspace/vendor/bundle/ruby/4.0.0/bundler/gems/rails-0d1b4918594c/activerecord/lib/active_record/migration.rb:979:in 'block in ActiveRecord::Migration#migrate'
/home/jit/workspace/vendor/bundle/ruby/4.0.0/bundler/gems/rails-0d1b4918594c/activerecord/lib/active_record/connection_adapters/abstract/connection_pool.rb:457:in 'ActiveRecord::ConnectionAdapters::ConnectionPool#with_connection'
/home/jit/workspace/vendor/bundle/ruby/4.0.0/bundler/gems/rails-0d1b4918594c/activerecord/lib/active_record/migration.rb:978:in 'ActiveRecord::Migration#migrate'
/home/jit/workspace/vendor/bundle/ruby/4.0.0/gems/strong_migrations-2.5.2/lib/strong_migrations/migration.rb:5:in 'StrongMigrations::Migration#migrate'
/home/jit/workspace/vendor/bundle/ruby/4.0.0/bundler/gems/rails-0d1b4918594c/activerecord/lib/active_record/migration.rb:1196:in 'ActiveRecord::MigrationProxy#migrate'
/home/jit/workspace/vendor/bundle/ruby/4.0.0/bundler/gems/rails-0d1b4918594c/activerecord/lib/active_record/migration.rb:1545:in 'block in ActiveRecord::Migrator#execute_migration_in_transaction'
/home/jit/workspace/vendor/bundle/ruby/4.0.0/bundler/gems/rails-0d1b4918594c/activerecord/lib/active_record/connection_adapters/abstract/transaction.rb:647:in 'block in ActiveRecord::ConnectionAdapters::TransactionManager#within_new_transaction'
/home/jit/workspace/vendor/bundle/ruby/4.0.0/bundler/gems/rails-0d1b4918594c/activesupport/lib/active_support/concurrency/null_lock.rb:9:in 'ActiveSupport::Concurrency::NullLock#synchronize'
/home/jit/workspace/vendor/bundle/ruby/4.0.0/bundler/gems/rails-0d1b4918594c/activerecord/lib/active_record/connection_adapters/abstract/transaction.rb:644:in 'ActiveRecord::ConnectionAdapters::TransactionManager#within_new_transaction'
/home/jit/workspace/vendor/bundle/ruby/4.0.0/bundler/gems/rails-0d1b4918594c/activerecord/lib/active_record/connection_adapters/abstract/database_statements.rb:441:in 'ActiveRecord::ConnectionAdapters::DatabaseStatements#within_new_transaction'
/home/jit/workspace/vendor/bundle/ruby/4.0.0/bundler/gems/rails-0d1b4918594c/activerecord/lib/active_record/connection_adapters/abstract/database_statements.rb:431:in 'ActiveRecord::ConnectionAdapters::DatabaseStatements#transaction'
/home/jit/workspace/vendor/bundle/ruby/4.0.0/bundler/gems/rails-0d1b4918594c/activerecord/lib/active_record/migration.rb:1596:in 'ActiveRecord::Migrator#ddl_transaction'
/home/jit/workspace/vendor/bundle/ruby/4.0.0/gems/strong_migrations-2.5.2/lib/strong_migrations/migrator.rb:5:in 'StrongMigrations::Migrator#ddl_transaction'
/home/jit/workspace/vendor/bundle/ruby/4.0.0/bundler/gems/rails-0d1b4918594c/activerecord/lib/active_record/migration.rb:1544:in 'ActiveRecord::Migrator#execute_migration_in_transaction'
/home/jit/workspace/vendor/bundle/ruby/4.0.0/bundler/gems/rails-0d1b4918594c/activerecord/lib/active_record/migration.rb:1518:in 'Array#each'
/home/jit/workspace/vendor/bundle/ruby/4.0.0/bundler/gems/rails-0d1b4918594c/activerecord/lib/active_record/migration.rb:1518:in 'ActiveRecord::Migrator#migrate_without_lock'
/home/jit/workspace/vendor/bundle/ruby/4.0.0/bundler/gems/rails-0d1b4918594c/activerecord/lib/active_record/migration.rb:1463:in 'block in ActiveRecord::Migrator#migrate'
/home/jit/workspace/vendor/bundle/ruby/4.0.0/bundler/gems/rails-0d1b4918594c/activerecord/lib/active_record/migration.rb:1616:in 'ActiveRecord::Migrator#with_advisory_lock'
/home/jit/workspace/vendor/bundle/ruby/4.0.0/bundler/gems/rails-0d1b4918594c/activerecord/lib/active_record/migration.rb:1463:in 'ActiveRecord::Migrator#migrate'
/home/jit/workspace/vendor/bundle/ruby/4.0.0/bundler/gems/rails-0d1b4918594c/activerecord/lib/active_record/migration.rb:1270:in 'ActiveRecord::MigrationContext#up'
/home/jit/workspace/vendor/bundle/ruby/4.0.0/gems/strong_migrations-2.5.2/lib/strong_migrations/migration_context.rb:4:in 'StrongMigrations::MigrationContext#up'
/home/jit/workspace/vendor/bundle/ruby/4.0.0/bundler/gems/rails-0d1b4918594c/activerecord/lib/active_record/migration.rb:1245:in 'ActiveRecord::MigrationContext#migrate'
/home/jit/workspace/vendor/bundle/ruby/4.0.0/bundler/gems/rails-0d1b4918594c/activerecord/lib/active_record/tasks/database_tasks.rb:275:in 'ActiveRecord::Tasks::DatabaseTasks#migrate'
/home/jit/workspace/vendor/bundle/ruby/4.0.0/bundler/gems/rails-0d1b4918594c/activerecord/lib/active_record/tasks/database_tasks.rb:260:in 'block (3 levels) in ActiveRecord::Tasks::DatabaseTasks#migrate_all'
/home/jit/workspace/vendor/bundle/ruby/4.0.0/bundler/gems/rails-0d1b4918594c/activerecord/lib/active_record/connection_adapters/abstract/connection_pool.rb:463:in 'ActiveRecord::ConnectionAdapters::ConnectionPool#with_connection'
/home/jit/workspace/vendor/bundle/ruby/4.0.0/bundler/gems/rails-0d1b4918594c/activerecord/lib/active_record/tasks/database_tasks.rb:548:in 'block in ActiveRecord::Tasks::DatabaseTasks#with_temporary_connection'
/home/jit/workspace/vendor/bundle/ruby/4.0.0/bundler/gems/rails-0d1b4918594c/activerecord/lib/active_record/tasks/database_tasks.rb:569:in 'ActiveRecord::Tasks::DatabaseTasks#with_temporary_pool'
/home/jit/workspace/vendor/bundle/ruby/4.0.0/bundler/gems/rails-0d1b4918594c/activerecord/lib/active_record/tasks/database_tasks.rb:547:in 'ActiveRecord::Tasks::DatabaseTasks#with_temporary_connection'
/home/jit/workspace/vendor/bundle/ruby/4.0.0/bundler/gems/rails-0d1b4918594c/activerecord/lib/active_record/tasks/database_tasks.rb:259:in 'block (2 levels) in ActiveRecord::Tasks::DatabaseTasks#migrate_all'
/home/jit/workspace/vendor/bundle/ruby/4.0.0/bundler/gems/rails-0d1b4918594c/activerecord/lib/active_record/tasks/database_tasks.rb:258:in 'Array#each'
/home/jit/workspace/vendor/bundle/ruby/4.0.0/bundler/gems/rails-0d1b4918594c/activerecord/lib/active_record/tasks/database_tasks.rb:258:in 'block in ActiveRecord::Tasks::DatabaseTasks#migrate_all'
/home/jit/workspace/vendor/bundle/ruby/4.0.0/bundler/gems/rails-0d1b4918594c/activerecord/lib/active_record/tasks/database_tasks.rb:257:in 'Array#each'
/home/jit/workspace/vendor/bundle/ruby/4.0.0/bundler/gems/rails-0d1b4918594c/activerecord/lib/active_record/tasks/database_tasks.rb:257:in 'ActiveRecord::Tasks::DatabaseTasks#migrate_all'
/home/jit/workspace/vendor/bundle/ruby/4.0.0/bundler/gems/rails-0d1b4918594c/activerecord/lib/active_record/railties/databases.rake:90:in 'block (2 levels) in <main>'
/home/jit/workspace/vendor/bundle/ruby/4.0.0/gems/rake-13.3.1/lib/rake/task.rb:281:in 'block in Rake::Task#execute'
/home/jit/workspace/vendor/bundle/ruby/4.0.0/gems/rake-13.3.1/lib/rake/task.rb:281:in 'Array#each'
/home/jit/workspace/vendor/bundle/ruby/4.0.0/gems/rake-13.3.1/lib/rake/task.rb:281:in 'Rake::Task#execute'
/home/jit/workspace/vendor/bundle/ruby/4.0.0/gems/rake-13.3.1/lib/rake/task.rb:219:in 'block in Rake::Task#invoke_with_call_chain'
/home/jit/workspace/vendor/bundle/ruby/4.0.0/gems/rake-13.3.1/lib/rake/task.rb:199:in 'Monitor#synchronize'
/home/jit/workspace/vendor/bundle/ruby/4.0.0/gems/rake-13.3.1/lib/rake/task.rb:199:in 'Rake::Task#invoke_with_call_chain'
/home/jit/workspace/vendor/bundle/ruby/4.0.0/gems/rake-13.3.1/lib/rake/task.rb:243:in 'block in Rake::Task#invoke_prerequisites'
/home/jit/workspace/vendor/bundle/ruby/4.0.0/gems/rake-13.3.1/lib/rake/task.rb:241:in 'Array#each'
/home/jit/workspace/vendor/bundle/ruby/4.0.0/gems/rake-13.3.1/lib/rake/task.rb:241:in 'Rake::Task#invoke_prerequisites'
/home/jit/workspace/vendor/bundle/ruby/4.0.0/gems/rake-13.3.1/lib/rake/task.rb:218:in 'block in Rake::Task#invoke_with_call_chain'
/home/jit/workspace/vendor/bundle/ruby/4.0.0/gems/rake-13.3.1/lib/rake/task.rb:199:in 'Monitor#synchronize'
/home/jit/workspace/vendor/bundle/ruby/4.0.0/gems/rake-13.3.1/lib/rake/task.rb:199:in 'Rake::Task#invoke_with_call_chain'
/home/jit/workspace/vendor/bundle/ruby/4.0.0/gems/rake-13.3.1/lib/rake/task.rb:188:in 'Rake::Task#invoke'
/home/jit/workspace/vendor/bundle/ruby/4.0.0/gems/rake-13.3.1/lib/rake/application.rb:188:in 'Rake::Application#invoke_task'
/home/jit/workspace/vendor/bundle/ruby/4.0.0/gems/rake-13.3.1/lib/rake/application.rb:138:in 'block (2 levels) in Rake::Application#top_level'
/home/jit/workspace/vendor/bundle/ruby/4.0.0/gems/rake-13.3.1/lib/rake/application.rb:138:in 'Array#each'
/home/jit/workspace/vendor/bundle/ruby/4.0.0/gems/rake-13.3.1/lib/rake/application.rb:138:in 'block in Rake::Application#top_level'
/home/jit/workspace/vendor/bundle/ruby/4.0.0/gems/rake-13.3.1/lib/rake/application.rb:147:in 'Rake::Application#run_with_threads'
/home/jit/workspace/vendor/bundle/ruby/4.0.0/gems/rake-13.3.1/lib/rake/application.rb:132:in 'Rake::Application#top_level'
/home/jit/workspace/vendor/bundle/ruby/4.0.0/bundler/gems/rails-0d1b4918594c/railties/lib/rails/commands/rake/rake_command.rb:30:in 'block (3 levels) in Rails::Command::RakeCommand.perform'
/home/jit/workspace/vendor/bundle/ruby/4.0.0/bundler/gems/rails-0d1b4918594c/activesupport/lib/active_support/error_reporter.rb:117:in 'ActiveSupport::ErrorReporter#record'
/home/jit/workspace/vendor/bundle/ruby/4.0.0/bundler/gems/rails-0d1b4918594c/railties/lib/rails/commands/rake/rake_command.rb:29:in 'block (2 levels) in Rails::Command::RakeCommand.perform'
/home/jit/workspace/vendor/bundle/ruby/4.0.0/gems/rake-13.3.1/lib/rake/application.rb:214:in 'Rake::Application#standard_exception_handling'
/home/jit/workspace/vendor/bundle/ruby/4.0.0/bundler/gems/rails-0d1b4918594c/railties/lib/rails/commands/rake/rake_command.rb:28:in 'block in Rails::Command::RakeCommand.perform'
/home/jit/workspace/vendor/bundle/ruby/4.0.0/bundler/gems/rails-0d1b4918594c/railties/lib/rails/commands/rake/rake_command.rb:49:in 'block in Rails::Command::RakeCommand.with_rake'
/home/jit/workspace/vendor/bundle/ruby/4.0.0/gems/rake-13.3.1/lib/rake/rake_module.rb:59:in 'Rake.with_application'
/home/jit/workspace/vendor/bundle/ruby/4.0.0/bundler/gems/rails-0d1b4918594c/railties/lib/rails/commands/rake/rake_command.rb:46:in 'Rails::Command::RakeCommand.with_rake'
/home/jit/workspace/vendor/bundle/ruby/4.0.0/bundler/gems/rails-0d1b4918594c/railties/lib/rails/commands/rake/rake_command.rb:20:in 'Rails::Command::RakeCommand.perform'
/home/jit/workspace/vendor/bundle/ruby/4.0.0/bundler/gems/rails-0d1b4918594c/railties/lib/rails/command.rb:150:in 'Rails::Command.invoke_rake'
/home/jit/workspace/vendor/bundle/ruby/4.0.0/bundler/gems/rails-0d1b4918594c/railties/lib/rails/command.rb:67:in 'block in Rails::Command.invoke'
/home/jit/workspace/vendor/bundle/ruby/4.0.0/bundler/gems/rails-0d1b4918594c/railties/lib/rails/command.rb:143:in 'Rails::Command.with_argv'
/home/jit/workspace/vendor/bundle/ruby/4.0.0/bundler/gems/rails-0d1b4918594c/railties/lib/rails/command.rb:63:in 'Rails::Command.invoke'
/home/jit/workspace/vendor/bundle/ruby/4.0.0/bundler/gems/rails-0d1b4918594c/railties/lib/rails/commands.rb:18:in '<main>'
/home/jit/workspace/vendor/bundle/ruby/4.0.0/gems/bootsnap-1.20.1/lib/bootsnap/load_path_cache/core_ext/kernel_require.rb:30:in 'Kernel#require'
Tasks: TOP => db:migrate:reset => db:migrate
(See full trace by running task with --trace)
