DEBUGGER: Debugger can attach via UNIX domain socket (/tmp/rdbg-1000/rdbg-382860)
Database 'development_guest_db' already exists
Database 'development_identity_db' already exists
PG::UniqueViolation: ERROR:  duplicate key value violates unique constraint "pg_database_datname_index"
DETAIL:  Key (datname)=(development_profile_db) already exists.
Couldn't create 'development_profile_db' database. Please check your configuration.
Dropped database 'development_guest_db'
Dropped database 'development_identity_db'
Dropped database 'development_profile_db'
Dropped database 'development_token_db'
Dropped database 'development_business_db'
Dropped database 'development_document_db'
Dropped database 'development_news_db'
Dropped database 'development_billing_db'
Dropped database 'development_message_db'
Dropped database 'development_notification_db'
Dropped database 'development_cache_db'
Dropped database 'development_queue_db'
Dropped database 'development_storage_db'
Dropped database 'development_speciality_db'
Dropped database 'development_universal_db'
Dropped database 'development_operator_db'
Dropped database 'development_avatar_db'
Dropped database 'development_default_db'
Dropped database 'test_guest_db'
Dropped database 'test_identity_db'
Dropped database 'test_profile_db'
Dropped database 'test_token_db'
Dropped database 'test_notification_db'
Dropped database 'test_speciality_db'
Dropped database 'test_cache_db'
Dropped database 'test_queue_db'
Dropped database 'test_storage_db'
Dropped database 'test_business_db'
Dropped database 'test_document_db'
Dropped database 'test_news_db'
Dropped database 'test_billing_db'
Dropped database 'test_message_db'
Dropped database 'test_universal_db'
Dropped database 'test_operator_db'
Dropped database 'test_avatar_db'
Dropped database 'test_default_db'
bin/rails aborted!
ActiveRecord::RecordNotUnique: PG::UniqueViolation: ERROR:  duplicate key value violates unique constraint "pg_database_datname_index" (ActiveRecord::RecordNotUnique)
DETAIL:  Key (datname)=(development_profile_db) already exists.
/home/jit/workspace/vendor/bundle/ruby/4.0.0/bundler/gems/rails-0d1b4918594c/activerecord/lib/active_record/connection_adapters/postgresql/database_statements.rb:193:in 'PG::Connection#exec'
/home/jit/workspace/vendor/bundle/ruby/4.0.0/bundler/gems/rails-0d1b4918594c/activerecord/lib/active_record/connection_adapters/postgresql/database_statements.rb:193:in 'ActiveRecord::ConnectionAdapters::PostgreSQL::DatabaseStatements#perform_query'
/home/jit/workspace/vendor/bundle/ruby/4.0.0/bundler/gems/rails-0d1b4918594c/activerecord/lib/active_record/connection_adapters/abstract/database_statements.rb:611:in 'block (2 levels) in ActiveRecord::ConnectionAdapters::DatabaseStatements#execute_intent'
/home/jit/workspace/vendor/bundle/ruby/4.0.0/bundler/gems/rails-0d1b4918594c/activerecord/lib/active_record/connection_adapters/abstract_adapter.rb:1093:in 'block in ActiveRecord::ConnectionAdapters::AbstractAdapter#with_raw_connection'
/home/jit/workspace/vendor/bundle/ruby/4.0.0/bundler/gems/rails-0d1b4918594c/activesupport/lib/active_support/concurrency/null_lock.rb:9:in 'ActiveSupport::Concurrency::NullLock#synchronize'
/home/jit/workspace/vendor/bundle/ruby/4.0.0/bundler/gems/rails-0d1b4918594c/activerecord/lib/active_record/connection_adapters/abstract_adapter.rb:1062:in 'ActiveRecord::ConnectionAdapters::AbstractAdapter#with_raw_connection'
/home/jit/workspace/vendor/bundle/ruby/4.0.0/bundler/gems/rails-0d1b4918594c/activerecord/lib/active_record/connection_adapters/abstract/database_statements.rb:610:in 'block in ActiveRecord::ConnectionAdapters::DatabaseStatements#execute_intent'
/home/jit/workspace/vendor/bundle/ruby/4.0.0/bundler/gems/rails-0d1b4918594c/activesupport/lib/active_support/notifications/instrumenter.rb:58:in 'ActiveSupport::Notifications::Instrumenter#instrument'
/home/jit/workspace/vendor/bundle/ruby/4.0.0/bundler/gems/rails-0d1b4918594c/activerecord/lib/active_record/connection_adapters/abstract_adapter.rb:1216:in 'ActiveRecord::ConnectionAdapters::AbstractAdapter#log'
/home/jit/workspace/vendor/bundle/ruby/4.0.0/bundler/gems/rails-0d1b4918594c/activerecord/lib/active_record/connection_adapters/abstract/database_statements.rb:608:in 'ActiveRecord::ConnectionAdapters::DatabaseStatements#execute_intent'
/home/jit/workspace/vendor/bundle/ruby/4.0.0/bundler/gems/rails-0d1b4918594c/activerecord/lib/active_record/connection_adapters/query_intent.rb:318:in 'ActiveRecord::ConnectionAdapters::QueryIntent#run_query!'
/home/jit/workspace/vendor/bundle/ruby/4.0.0/bundler/gems/rails-0d1b4918594c/activerecord/lib/active_record/connection_adapters/query_intent.rb:168:in 'ActiveRecord::ConnectionAdapters::QueryIntent#execute!'
/home/jit/workspace/vendor/bundle/ruby/4.0.0/bundler/gems/rails-0d1b4918594c/activerecord/lib/active_record/connection_adapters/abstract/database_statements.rb:164:in 'ActiveRecord::ConnectionAdapters::DatabaseStatements#execute'
/home/jit/workspace/vendor/bundle/ruby/4.0.0/bundler/gems/rails-0d1b4918594c/activerecord/lib/active_record/connection_adapters/abstract/query_cache.rb:25:in 'ActiveRecord::ConnectionAdapters::AbstractAdapter#execute'
/home/jit/workspace/vendor/bundle/ruby/4.0.0/bundler/gems/rails-0d1b4918594c/activerecord/lib/active_record/connection_adapters/postgresql/database_statements.rb:42:in 'ActiveRecord::ConnectionAdapters::PostgreSQL::DatabaseStatements#execute'
/home/jit/workspace/vendor/bundle/ruby/4.0.0/bundler/gems/rails-0d1b4918594c/activerecord/lib/active_record/connection_adapters/postgresql/schema_statements.rb:51:in 'ActiveRecord::ConnectionAdapters::PostgreSQL::SchemaStatements#create_database'
/home/jit/workspace/vendor/bundle/ruby/4.0.0/bundler/gems/rails-0d1b4918594c/activerecord/lib/active_record/tasks/postgresql_database_tasks.rb:14:in 'ActiveRecord::Tasks::PostgreSQLDatabaseTasks#create'
/home/jit/workspace/vendor/bundle/ruby/4.0.0/bundler/gems/rails-0d1b4918594c/activerecord/lib/active_record/tasks/database_tasks.rb:117:in 'ActiveRecord::Tasks::DatabaseTasks#create'
/home/jit/workspace/vendor/bundle/ruby/4.0.0/bundler/gems/rails-0d1b4918594c/activerecord/lib/active_record/tasks/database_tasks.rb:169:in 'block in ActiveRecord::Tasks::DatabaseTasks#create_current'
/home/jit/workspace/vendor/bundle/ruby/4.0.0/bundler/gems/rails-0d1b4918594c/activerecord/lib/active_record/tasks/database_tasks.rb:610:in 'block (2 levels) in ActiveRecord::Tasks::DatabaseTasks#each_current_configuration'
/home/jit/workspace/vendor/bundle/ruby/4.0.0/bundler/gems/rails-0d1b4918594c/activerecord/lib/active_record/tasks/database_tasks.rb:607:in 'Array#each'
/home/jit/workspace/vendor/bundle/ruby/4.0.0/bundler/gems/rails-0d1b4918594c/activerecord/lib/active_record/tasks/database_tasks.rb:607:in 'block in ActiveRecord::Tasks::DatabaseTasks#each_current_configuration'
/home/jit/workspace/vendor/bundle/ruby/4.0.0/bundler/gems/rails-0d1b4918594c/activerecord/lib/active_record/tasks/database_tasks.rb:618:in 'Array#each'
/home/jit/workspace/vendor/bundle/ruby/4.0.0/bundler/gems/rails-0d1b4918594c/activerecord/lib/active_record/tasks/database_tasks.rb:618:in 'ActiveRecord::Tasks::DatabaseTasks#each_current_environment'
/home/jit/workspace/vendor/bundle/ruby/4.0.0/bundler/gems/rails-0d1b4918594c/activerecord/lib/active_record/tasks/database_tasks.rb:606:in 'ActiveRecord::Tasks::DatabaseTasks#each_current_configuration'
/home/jit/workspace/vendor/bundle/ruby/4.0.0/bundler/gems/rails-0d1b4918594c/activerecord/lib/active_record/tasks/database_tasks.rb:169:in 'ActiveRecord::Tasks::DatabaseTasks#create_current'
/home/jit/workspace/vendor/bundle/ruby/4.0.0/bundler/gems/rails-0d1b4918594c/activerecord/lib/active_record/railties/databases.rake:46:in 'block (2 levels) in <main>'
/home/jit/workspace/vendor/bundle/ruby/4.0.0/gems/rake-13.3.1/lib/rake/task.rb:281:in 'block in Rake::Task#execute'
/home/jit/workspace/vendor/bundle/ruby/4.0.0/gems/rake-13.3.1/lib/rake/task.rb:281:in 'Array#each'
/home/jit/workspace/vendor/bundle/ruby/4.0.0/gems/rake-13.3.1/lib/rake/task.rb:281:in 'Rake::Task#execute'
/home/jit/workspace/vendor/bundle/ruby/4.0.0/gems/rake-13.3.1/lib/rake/task.rb:219:in 'block in Rake::Task#invoke_with_call_chain'
/home/jit/workspace/vendor/bundle/ruby/4.0.0/gems/rake-13.3.1/lib/rake/task.rb:199:in 'Monitor#synchronize'
/home/jit/workspace/vendor/bundle/ruby/4.0.0/gems/rake-13.3.1/lib/rake/task.rb:199:in 'Rake::Task#invoke_with_call_chain'
/home/jit/workspace/vendor/bundle/ruby/4.0.0/gems/rake-13.3.1/lib/rake/task.rb:243:in 'block in Rake::Task#invoke_prerequisites'
/home/jit/workspace/vendor/bundle/ruby/4.0.0/gems/rake-13.3.1/lib/rake/task.rb:241:in 'Array#each'
/home/jit/workspace/vendor/bundle/ruby/4.0.0/gems/rake-13.3.1/lib/rake/task.rb:241:in 'Rake::Task#invoke_prerequisites'
/home/jit/workspace/vendor/bundle/ruby/4.0.0/gems/rake-13.3.1/lib/rake/task.rb:218:in 'block in Rake::Task#invoke_with_call_chain'
/home/jit/workspace/vendor/bundle/ruby/4.0.0/gems/rake-13.3.1/lib/rake/task.rb:199:in 'Monitor#synchronize'
/home/jit/workspace/vendor/bundle/ruby/4.0.0/gems/rake-13.3.1/lib/rake/task.rb:199:in 'Rake::Task#invoke_with_call_chain'
/home/jit/workspace/vendor/bundle/ruby/4.0.0/gems/rake-13.3.1/lib/rake/task.rb:188:in 'Rake::Task#invoke'
/home/jit/workspace/vendor/bundle/ruby/4.0.0/gems/rake-13.3.1/lib/rake/application.rb:188:in 'Rake::Application#invoke_task'
/home/jit/workspace/vendor/bundle/ruby/4.0.0/gems/rake-13.3.1/lib/rake/application.rb:138:in 'block (2 levels) in Rake::Application#top_level'
/home/jit/workspace/vendor/bundle/ruby/4.0.0/gems/rake-13.3.1/lib/rake/application.rb:138:in 'Array#each'
/home/jit/workspace/vendor/bundle/ruby/4.0.0/gems/rake-13.3.1/lib/rake/application.rb:138:in 'block in Rake::Application#top_level'
/home/jit/workspace/vendor/bundle/ruby/4.0.0/gems/rake-13.3.1/lib/rake/application.rb:147:in 'Rake::Application#run_with_threads'
/home/jit/workspace/vendor/bundle/ruby/4.0.0/gems/rake-13.3.1/lib/rake/application.rb:132:in 'Rake::Application#top_level'
/home/jit/workspace/vendor/bundle/ruby/4.0.0/bundler/gems/rails-0d1b4918594c/railties/lib/rails/commands/rake/rake_command.rb:30:in 'block (3 levels) in Rails::Command::RakeCommand.perform'
/home/jit/workspace/vendor/bundle/ruby/4.0.0/bundler/gems/rails-0d1b4918594c/activesupport/lib/active_support/error_reporter.rb:117:in 'ActiveSupport::ErrorReporter#record'
/home/jit/workspace/vendor/bundle/ruby/4.0.0/bundler/gems/rails-0d1b4918594c/railties/lib/rails/commands/rake/rake_command.rb:29:in 'block (2 levels) in Rails::Command::RakeCommand.perform'
/home/jit/workspace/vendor/bundle/ruby/4.0.0/gems/rake-13.3.1/lib/rake/application.rb:214:in 'Rake::Application#standard_exception_handling'
/home/jit/workspace/vendor/bundle/ruby/4.0.0/bundler/gems/rails-0d1b4918594c/railties/lib/rails/commands/rake/rake_command.rb:28:in 'block in Rails::Command::RakeCommand.perform'
/home/jit/workspace/vendor/bundle/ruby/4.0.0/bundler/gems/rails-0d1b4918594c/railties/lib/rails/commands/rake/rake_command.rb:49:in 'block in Rails::Command::RakeCommand.with_rake'
/home/jit/workspace/vendor/bundle/ruby/4.0.0/gems/rake-13.3.1/lib/rake/rake_module.rb:59:in 'Rake.with_application'
/home/jit/workspace/vendor/bundle/ruby/4.0.0/bundler/gems/rails-0d1b4918594c/railties/lib/rails/commands/rake/rake_command.rb:46:in 'Rails::Command::RakeCommand.with_rake'
/home/jit/workspace/vendor/bundle/ruby/4.0.0/bundler/gems/rails-0d1b4918594c/railties/lib/rails/commands/rake/rake_command.rb:20:in 'Rails::Command::RakeCommand.perform'
/home/jit/workspace/vendor/bundle/ruby/4.0.0/bundler/gems/rails-0d1b4918594c/railties/lib/rails/command.rb:150:in 'Rails::Command.invoke_rake'
/home/jit/workspace/vendor/bundle/ruby/4.0.0/bundler/gems/rails-0d1b4918594c/railties/lib/rails/command.rb:67:in 'block in Rails::Command.invoke'
/home/jit/workspace/vendor/bundle/ruby/4.0.0/bundler/gems/rails-0d1b4918594c/railties/lib/rails/command.rb:143:in 'Rails::Command.with_argv'
/home/jit/workspace/vendor/bundle/ruby/4.0.0/bundler/gems/rails-0d1b4918594c/railties/lib/rails/command.rb:63:in 'Rails::Command.invoke'
/home/jit/workspace/vendor/bundle/ruby/4.0.0/bundler/gems/rails-0d1b4918594c/railties/lib/rails/commands.rb:18:in '<main>'
/home/jit/workspace/vendor/bundle/ruby/4.0.0/gems/bootsnap-1.20.1/lib/bootsnap/load_path_cache/core_ext/kernel_require.rb:30:in 'Kernel#require'

Caused by:
PG::UniqueViolation: ERROR:  duplicate key value violates unique constraint "pg_database_datname_index" (PG::UniqueViolation)
DETAIL:  Key (datname)=(development_profile_db) already exists.
/home/jit/workspace/vendor/bundle/ruby/4.0.0/bundler/gems/rails-0d1b4918594c/activerecord/lib/active_record/connection_adapters/postgresql/database_statements.rb:193:in 'PG::Connection#exec'
/home/jit/workspace/vendor/bundle/ruby/4.0.0/bundler/gems/rails-0d1b4918594c/activerecord/lib/active_record/connection_adapters/postgresql/database_statements.rb:193:in 'ActiveRecord::ConnectionAdapters::PostgreSQL::DatabaseStatements#perform_query'
/home/jit/workspace/vendor/bundle/ruby/4.0.0/bundler/gems/rails-0d1b4918594c/activerecord/lib/active_record/connection_adapters/abstract/database_statements.rb:611:in 'block (2 levels) in ActiveRecord::ConnectionAdapters::DatabaseStatements#execute_intent'
/home/jit/workspace/vendor/bundle/ruby/4.0.0/bundler/gems/rails-0d1b4918594c/activerecord/lib/active_record/connection_adapters/abstract_adapter.rb:1093:in 'block in ActiveRecord::ConnectionAdapters::AbstractAdapter#with_raw_connection'
/home/jit/workspace/vendor/bundle/ruby/4.0.0/bundler/gems/rails-0d1b4918594c/activesupport/lib/active_support/concurrency/null_lock.rb:9:in 'ActiveSupport::Concurrency::NullLock#synchronize'
/home/jit/workspace/vendor/bundle/ruby/4.0.0/bundler/gems/rails-0d1b4918594c/activerecord/lib/active_record/connection_adapters/abstract_adapter.rb:1062:in 'ActiveRecord::ConnectionAdapters::AbstractAdapter#with_raw_connection'
/home/jit/workspace/vendor/bundle/ruby/4.0.0/bundler/gems/rails-0d1b4918594c/activerecord/lib/active_record/connection_adapters/abstract/database_statements.rb:610:in 'block in ActiveRecord::ConnectionAdapters::DatabaseStatements#execute_intent'
/home/jit/workspace/vendor/bundle/ruby/4.0.0/bundler/gems/rails-0d1b4918594c/activesupport/lib/active_support/notifications/instrumenter.rb:58:in 'ActiveSupport::Notifications::Instrumenter#instrument'
/home/jit/workspace/vendor/bundle/ruby/4.0.0/bundler/gems/rails-0d1b4918594c/activerecord/lib/active_record/connection_adapters/abstract_adapter.rb:1216:in 'ActiveRecord::ConnectionAdapters::AbstractAdapter#log'
/home/jit/workspace/vendor/bundle/ruby/4.0.0/bundler/gems/rails-0d1b4918594c/activerecord/lib/active_record/connection_adapters/abstract/database_statements.rb:608:in 'ActiveRecord::ConnectionAdapters::DatabaseStatements#execute_intent'
/home/jit/workspace/vendor/bundle/ruby/4.0.0/bundler/gems/rails-0d1b4918594c/activerecord/lib/active_record/connection_adapters/query_intent.rb:318:in 'ActiveRecord::ConnectionAdapters::QueryIntent#run_query!'
/home/jit/workspace/vendor/bundle/ruby/4.0.0/bundler/gems/rails-0d1b4918594c/activerecord/lib/active_record/connection_adapters/query_intent.rb:168:in 'ActiveRecord::ConnectionAdapters::QueryIntent#execute!'
/home/jit/workspace/vendor/bundle/ruby/4.0.0/bundler/gems/rails-0d1b4918594c/activerecord/lib/active_record/connection_adapters/abstract/database_statements.rb:164:in 'ActiveRecord::ConnectionAdapters::DatabaseStatements#execute'
/home/jit/workspace/vendor/bundle/ruby/4.0.0/bundler/gems/rails-0d1b4918594c/activerecord/lib/active_record/connection_adapters/abstract/query_cache.rb:25:in 'ActiveRecord::ConnectionAdapters::AbstractAdapter#execute'
/home/jit/workspace/vendor/bundle/ruby/4.0.0/bundler/gems/rails-0d1b4918594c/activerecord/lib/active_record/connection_adapters/postgresql/database_statements.rb:42:in 'ActiveRecord::ConnectionAdapters::PostgreSQL::DatabaseStatements#execute'
/home/jit/workspace/vendor/bundle/ruby/4.0.0/bundler/gems/rails-0d1b4918594c/activerecord/lib/active_record/connection_adapters/postgresql/schema_statements.rb:51:in 'ActiveRecord::ConnectionAdapters::PostgreSQL::SchemaStatements#create_database'
/home/jit/workspace/vendor/bundle/ruby/4.0.0/bundler/gems/rails-0d1b4918594c/activerecord/lib/active_record/tasks/postgresql_database_tasks.rb:14:in 'ActiveRecord::Tasks::PostgreSQLDatabaseTasks#create'
/home/jit/workspace/vendor/bundle/ruby/4.0.0/bundler/gems/rails-0d1b4918594c/activerecord/lib/active_record/tasks/database_tasks.rb:117:in 'ActiveRecord::Tasks::DatabaseTasks#create'
/home/jit/workspace/vendor/bundle/ruby/4.0.0/bundler/gems/rails-0d1b4918594c/activerecord/lib/active_record/tasks/database_tasks.rb:169:in 'block in ActiveRecord::Tasks::DatabaseTasks#create_current'
/home/jit/workspace/vendor/bundle/ruby/4.0.0/bundler/gems/rails-0d1b4918594c/activerecord/lib/active_record/tasks/database_tasks.rb:610:in 'block (2 levels) in ActiveRecord::Tasks::DatabaseTasks#each_current_configuration'
/home/jit/workspace/vendor/bundle/ruby/4.0.0/bundler/gems/rails-0d1b4918594c/activerecord/lib/active_record/tasks/database_tasks.rb:607:in 'Array#each'
/home/jit/workspace/vendor/bundle/ruby/4.0.0/bundler/gems/rails-0d1b4918594c/activerecord/lib/active_record/tasks/database_tasks.rb:607:in 'block in ActiveRecord::Tasks::DatabaseTasks#each_current_configuration'
/home/jit/workspace/vendor/bundle/ruby/4.0.0/bundler/gems/rails-0d1b4918594c/activerecord/lib/active_record/tasks/database_tasks.rb:618:in 'Array#each'
/home/jit/workspace/vendor/bundle/ruby/4.0.0/bundler/gems/rails-0d1b4918594c/activerecord/lib/active_record/tasks/database_tasks.rb:618:in 'ActiveRecord::Tasks::DatabaseTasks#each_current_environment'
/home/jit/workspace/vendor/bundle/ruby/4.0.0/bundler/gems/rails-0d1b4918594c/activerecord/lib/active_record/tasks/database_tasks.rb:606:in 'ActiveRecord::Tasks::DatabaseTasks#each_current_configuration'
/home/jit/workspace/vendor/bundle/ruby/4.0.0/bundler/gems/rails-0d1b4918594c/activerecord/lib/active_record/tasks/database_tasks.rb:169:in 'ActiveRecord::Tasks::DatabaseTasks#create_current'
/home/jit/workspace/vendor/bundle/ruby/4.0.0/bundler/gems/rails-0d1b4918594c/activerecord/lib/active_record/railties/databases.rake:46:in 'block (2 levels) in <main>'
/home/jit/workspace/vendor/bundle/ruby/4.0.0/gems/rake-13.3.1/lib/rake/task.rb:281:in 'block in Rake::Task#execute'
/home/jit/workspace/vendor/bundle/ruby/4.0.0/gems/rake-13.3.1/lib/rake/task.rb:281:in 'Array#each'
/home/jit/workspace/vendor/bundle/ruby/4.0.0/gems/rake-13.3.1/lib/rake/task.rb:281:in 'Rake::Task#execute'
/home/jit/workspace/vendor/bundle/ruby/4.0.0/gems/rake-13.3.1/lib/rake/task.rb:219:in 'block in Rake::Task#invoke_with_call_chain'
/home/jit/workspace/vendor/bundle/ruby/4.0.0/gems/rake-13.3.1/lib/rake/task.rb:199:in 'Monitor#synchronize'
/home/jit/workspace/vendor/bundle/ruby/4.0.0/gems/rake-13.3.1/lib/rake/task.rb:199:in 'Rake::Task#invoke_with_call_chain'
/home/jit/workspace/vendor/bundle/ruby/4.0.0/gems/rake-13.3.1/lib/rake/task.rb:243:in 'block in Rake::Task#invoke_prerequisites'
/home/jit/workspace/vendor/bundle/ruby/4.0.0/gems/rake-13.3.1/lib/rake/task.rb:241:in 'Array#each'
/home/jit/workspace/vendor/bundle/ruby/4.0.0/gems/rake-13.3.1/lib/rake/task.rb:241:in 'Rake::Task#invoke_prerequisites'
/home/jit/workspace/vendor/bundle/ruby/4.0.0/gems/rake-13.3.1/lib/rake/task.rb:218:in 'block in Rake::Task#invoke_with_call_chain'
/home/jit/workspace/vendor/bundle/ruby/4.0.0/gems/rake-13.3.1/lib/rake/task.rb:199:in 'Monitor#synchronize'
/home/jit/workspace/vendor/bundle/ruby/4.0.0/gems/rake-13.3.1/lib/rake/task.rb:199:in 'Rake::Task#invoke_with_call_chain'
/home/jit/workspace/vendor/bundle/ruby/4.0.0/gems/rake-13.3.1/lib/rake/task.rb:188:in 'Rake::Task#invoke'
/home/jit/workspace/vendor/bundle/ruby/4.0.0/gems/rake-13.3.1/lib/rake/application.rb:188:in 'Rake::Application#invoke_task'
/home/jit/workspace/vendor/bundle/ruby/4.0.0/gems/rake-13.3.1/lib/rake/application.rb:138:in 'block (2 levels) in Rake::Application#top_level'
/home/jit/workspace/vendor/bundle/ruby/4.0.0/gems/rake-13.3.1/lib/rake/application.rb:138:in 'Array#each'
/home/jit/workspace/vendor/bundle/ruby/4.0.0/gems/rake-13.3.1/lib/rake/application.rb:138:in 'block in Rake::Application#top_level'
/home/jit/workspace/vendor/bundle/ruby/4.0.0/gems/rake-13.3.1/lib/rake/application.rb:147:in 'Rake::Application#run_with_threads'
/home/jit/workspace/vendor/bundle/ruby/4.0.0/gems/rake-13.3.1/lib/rake/application.rb:132:in 'Rake::Application#top_level'
/home/jit/workspace/vendor/bundle/ruby/4.0.0/bundler/gems/rails-0d1b4918594c/railties/lib/rails/commands/rake/rake_command.rb:30:in 'block (3 levels) in Rails::Command::RakeCommand.perform'
/home/jit/workspace/vendor/bundle/ruby/4.0.0/bundler/gems/rails-0d1b4918594c/activesupport/lib/active_support/error_reporter.rb:117:in 'ActiveSupport::ErrorReporter#record'
/home/jit/workspace/vendor/bundle/ruby/4.0.0/bundler/gems/rails-0d1b4918594c/railties/lib/rails/commands/rake/rake_command.rb:29:in 'block (2 levels) in Rails::Command::RakeCommand.perform'
/home/jit/workspace/vendor/bundle/ruby/4.0.0/gems/rake-13.3.1/lib/rake/application.rb:214:in 'Rake::Application#standard_exception_handling'
/home/jit/workspace/vendor/bundle/ruby/4.0.0/bundler/gems/rails-0d1b4918594c/railties/lib/rails/commands/rake/rake_command.rb:28:in 'block in Rails::Command::RakeCommand.perform'
/home/jit/workspace/vendor/bundle/ruby/4.0.0/bundler/gems/rails-0d1b4918594c/railties/lib/rails/commands/rake/rake_command.rb:49:in 'block in Rails::Command::RakeCommand.with_rake'
/home/jit/workspace/vendor/bundle/ruby/4.0.0/gems/rake-13.3.1/lib/rake/rake_module.rb:59:in 'Rake.with_application'
/home/jit/workspace/vendor/bundle/ruby/4.0.0/bundler/gems/rails-0d1b4918594c/railties/lib/rails/commands/rake/rake_command.rb:46:in 'Rails::Command::RakeCommand.with_rake'
/home/jit/workspace/vendor/bundle/ruby/4.0.0/bundler/gems/rails-0d1b4918594c/railties/lib/rails/commands/rake/rake_command.rb:20:in 'Rails::Command::RakeCommand.perform'
/home/jit/workspace/vendor/bundle/ruby/4.0.0/bundler/gems/rails-0d1b4918594c/railties/lib/rails/command.rb:150:in 'Rails::Command.invoke_rake'
/home/jit/workspace/vendor/bundle/ruby/4.0.0/bundler/gems/rails-0d1b4918594c/railties/lib/rails/command.rb:67:in 'block in Rails::Command.invoke'
/home/jit/workspace/vendor/bundle/ruby/4.0.0/bundler/gems/rails-0d1b4918594c/railties/lib/rails/command.rb:143:in 'Rails::Command.with_argv'
/home/jit/workspace/vendor/bundle/ruby/4.0.0/bundler/gems/rails-0d1b4918594c/railties/lib/rails/command.rb:63:in 'Rails::Command.invoke'
/home/jit/workspace/vendor/bundle/ruby/4.0.0/bundler/gems/rails-0d1b4918594c/railties/lib/rails/commands.rb:18:in '<main>'
/home/jit/workspace/vendor/bundle/ruby/4.0.0/gems/bootsnap-1.20.1/lib/bootsnap/load_path_cache/core_ext/kernel_require.rb:30:in 'Kernel#require'
Tasks: TOP => db:migrate:reset => db:create
(See full trace by running task with --trace)
