DEBUGGER: Debugger can attach via UNIX domain socket (/tmp/rdbg-1000/rdbg-354482)
Dropped database 'development_guest_db'
Dropped database 'development_identity_db'
Dropped database 'development_profile_db'
Dropped database 'development_token_db'
Dropped database 'development_business_db'
Dropped database 'development_document_db'
Dropped database 'development_news_db'
Dropped database 'development_billing_db'
Dropped database 'development_message_db'
Dropped database 'development_notification_db'
Dropped database 'development_cache_db'
Dropped database 'development_queue_db'
Dropped database 'development_storage_db'
Dropped database 'development_speciality_db'
Dropped database 'development_universal_db'
Dropped database 'development_operator_db'
Dropped database 'development_avatar_db'
Dropped database 'development_default_db'
Dropped database 'test_guest_db'
Dropped database 'test_identity_db'
Dropped database 'test_profile_db'
Dropped database 'test_token_db'
Dropped database 'test_notification_db'
Dropped database 'test_speciality_db'
Dropped database 'test_cache_db'
Dropped database 'test_queue_db'
Dropped database 'test_storage_db'
Dropped database 'test_business_db'
Dropped database 'test_document_db'
Dropped database 'test_news_db'
Dropped database 'test_billing_db'
Dropped database 'test_message_db'
Dropped database 'test_universal_db'
Dropped database 'test_operator_db'
Dropped database 'test_avatar_db'
Dropped database 'test_default_db'
Created database 'development_guest_db'
Created database 'development_identity_db'
Created database 'development_profile_db'
Created database 'development_token_db'
Created database 'development_business_db'
Created database 'development_document_db'
Created database 'development_news_db'
Created database 'development_billing_db'
Created database 'development_message_db'
Created database 'development_notification_db'
Created database 'development_cache_db'
Created database 'development_queue_db'
Created database 'development_storage_db'
Created database 'development_speciality_db'
Created database 'development_universal_db'
Created database 'development_operator_db'
Created database 'development_avatar_db'
Created database 'development_default_db'
Created database 'test_guest_db'
Created database 'test_identity_db'
Created database 'test_profile_db'
Created database 'test_token_db'
Created database 'test_notification_db'
Created database 'test_speciality_db'
Created database 'test_cache_db'
Created database 'test_queue_db'
Created database 'test_storage_db'
Created database 'test_business_db'
Created database 'test_document_db'
Created database 'test_news_db'
Created database 'test_billing_db'
Created database 'test_message_db'
Created database 'test_universal_db'
Created database 'test_operator_db'
Created database 'test_avatar_db'
Created database 'test_default_db'
bin/rails aborted!
ActiveRecord::NoDatabaseError: Database not found: development_cache_db. Available database configurations can be found in config/database.yml. (ActiveRecord::NoDatabaseError)

To resolve this error:

- Create the database by running:

    bin/rails db:create

- Verify that config/database.yml contains the correct database name.
/home/jit/workspace/vendor/bundle/ruby/4.0.0/bundler/gems/rails-0d1b4918594c/activerecord/lib/active_record/connection_adapters/postgresql_adapter.rb:63:in 'ActiveRecord::ConnectionAdapters::PostgreSQLAdapter.new_client'
/home/jit/workspace/vendor/bundle/ruby/4.0.0/bundler/gems/rails-0d1b4918594c/activerecord/lib/active_record/connection_adapters/postgresql_adapter.rb:985:in 'ActiveRecord::ConnectionAdapters::PostgreSQLAdapter#connect'
/home/jit/workspace/vendor/bundle/ruby/4.0.0/bundler/gems/rails-0d1b4918594c/activerecord/lib/active_record/connection_adapters/postgresql_adapter.rb:997:in 'ActiveRecord::ConnectionAdapters::PostgreSQLAdapter#reconnect'
/home/jit/workspace/vendor/bundle/ruby/4.0.0/bundler/gems/rails-0d1b4918594c/activerecord/lib/active_record/connection_adapters/abstract_adapter.rb:726:in 'block (2 levels) in ActiveRecord::ConnectionAdapters::AbstractAdapter#reconnect!'
/home/jit/workspace/vendor/bundle/ruby/4.0.0/bundler/gems/rails-0d1b4918594c/activerecord/lib/active_record/connection_adapters/abstract_adapter.rb:1327:in 'ActiveRecord::ConnectionAdapters::AbstractAdapter#attempt_configure_connection'
/home/jit/workspace/vendor/bundle/ruby/4.0.0/bundler/gems/rails-0d1b4918594c/activerecord/lib/active_record/connection_adapters/abstract_adapter.rb:723:in 'block in ActiveRecord::ConnectionAdapters::AbstractAdapter#reconnect!'
/home/jit/workspace/vendor/bundle/ruby/4.0.0/bundler/gems/rails-0d1b4918594c/activesupport/lib/active_support/concurrency/null_lock.rb:9:in 'ActiveSupport::Concurrency::NullLock#synchronize'
/home/jit/workspace/vendor/bundle/ruby/4.0.0/bundler/gems/rails-0d1b4918594c/activerecord/lib/active_record/connection_adapters/abstract_adapter.rb:722:in 'ActiveRecord::ConnectionAdapters::AbstractAdapter#reconnect!'
/home/jit/workspace/vendor/bundle/ruby/4.0.0/bundler/gems/rails-0d1b4918594c/activerecord/lib/active_record/connection_adapters/abstract_adapter.rb:837:in 'block in ActiveRecord::ConnectionAdapters::AbstractAdapter#verify!'
/home/jit/workspace/vendor/bundle/ruby/4.0.0/bundler/gems/rails-0d1b4918594c/activesupport/lib/active_support/concurrency/null_lock.rb:9:in 'ActiveSupport::Concurrency::NullLock#synchronize'
/home/jit/workspace/vendor/bundle/ruby/4.0.0/bundler/gems/rails-0d1b4918594c/activerecord/lib/active_record/connection_adapters/abstract_adapter.rb:824:in 'ActiveRecord::ConnectionAdapters::AbstractAdapter#verify!'
/home/jit/workspace/vendor/bundle/ruby/4.0.0/bundler/gems/rails-0d1b4918594c/activerecord/lib/active_record/connection_adapters/abstract_adapter.rb:846:in 'ActiveRecord::ConnectionAdapters::AbstractAdapter#connect!'
/home/jit/workspace/vendor/bundle/ruby/4.0.0/bundler/gems/rails-0d1b4918594c/activerecord/lib/active_record/connection_adapters/abstract_adapter.rb:1063:in 'block in ActiveRecord::ConnectionAdapters::AbstractAdapter#with_raw_connection'
/home/jit/workspace/vendor/bundle/ruby/4.0.0/bundler/gems/rails-0d1b4918594c/activesupport/lib/active_support/concurrency/null_lock.rb:9:in 'ActiveSupport::Concurrency::NullLock#synchronize'
/home/jit/workspace/vendor/bundle/ruby/4.0.0/bundler/gems/rails-0d1b4918594c/activerecord/lib/active_record/connection_adapters/abstract_adapter.rb:1062:in 'ActiveRecord::ConnectionAdapters::AbstractAdapter#with_raw_connection'
/home/jit/workspace/vendor/bundle/ruby/4.0.0/bundler/gems/rails-0d1b4918594c/activerecord/lib/active_record/connection_adapters/abstract/database_statements.rb:610:in 'block in ActiveRecord::ConnectionAdapters::DatabaseStatements#execute_intent'
/home/jit/workspace/vendor/bundle/ruby/4.0.0/bundler/gems/rails-0d1b4918594c/activesupport/lib/active_support/notifications/instrumenter.rb:58:in 'ActiveSupport::Notifications::Instrumenter#instrument'
/home/jit/workspace/vendor/bundle/ruby/4.0.0/bundler/gems/rails-0d1b4918594c/activerecord/lib/active_record/connection_adapters/abstract_adapter.rb:1216:in 'ActiveRecord::ConnectionAdapters::AbstractAdapter#log'
/home/jit/workspace/vendor/bundle/ruby/4.0.0/bundler/gems/rails-0d1b4918594c/activerecord/lib/active_record/connection_adapters/abstract/database_statements.rb:608:in 'ActiveRecord::ConnectionAdapters::DatabaseStatements#execute_intent'
/home/jit/workspace/vendor/bundle/ruby/4.0.0/bundler/gems/rails-0d1b4918594c/activerecord/lib/active_record/connection_adapters/query_intent.rb:318:in 'ActiveRecord::ConnectionAdapters::QueryIntent#run_query!'
/home/jit/workspace/vendor/bundle/ruby/4.0.0/bundler/gems/rails-0d1b4918594c/activerecord/lib/active_record/connection_adapters/query_intent.rb:168:in 'ActiveRecord::ConnectionAdapters::QueryIntent#execute!'
/home/jit/workspace/vendor/bundle/ruby/4.0.0/bundler/gems/rails-0d1b4918594c/activerecord/lib/active_record/connection_adapters/postgresql/database_statements.rb:16:in 'ActiveRecord::ConnectionAdapters::PostgreSQL::DatabaseStatements#query_rows'
/home/jit/workspace/vendor/bundle/ruby/4.0.0/bundler/gems/rails-0d1b4918594c/activerecord/lib/active_record/connection_adapters/abstract/database_statements.rb:116:in 'ActiveRecord::ConnectionAdapters::DatabaseStatements#query_value'
/home/jit/workspace/vendor/bundle/ruby/4.0.0/bundler/gems/rails-0d1b4918594c/activerecord/lib/active_record/connection_adapters/postgresql/schema_statements.rb:248:in 'ActiveRecord::ConnectionAdapters::PostgreSQL::SchemaStatements#current_schemas'
/home/jit/workspace/vendor/bundle/ruby/4.0.0/bundler/gems/rails-0d1b4918594c/activerecord/lib/active_record/connection_adapters/postgresql/schema_dumper.rb:16:in 'ActiveRecord::ConnectionAdapters::PostgreSQL::SchemaDumper#initialize'
/home/jit/workspace/vendor/bundle/ruby/4.0.0/bundler/gems/rails-0d1b4918594c/activerecord/lib/active_record/connection_adapters/abstract/schema_dumper.rb:9:in 'Class#new'
/home/jit/workspace/vendor/bundle/ruby/4.0.0/bundler/gems/rails-0d1b4918594c/activerecord/lib/active_record/connection_adapters/abstract/schema_dumper.rb:9:in 'ActiveRecord::ConnectionAdapters::SchemaDumper.create'
/home/jit/workspace/vendor/bundle/ruby/4.0.0/bundler/gems/rails-0d1b4918594c/activerecord/lib/active_record/connection_adapters/postgresql/schema_statements.rb:1069:in 'ActiveRecord::ConnectionAdapters::PostgreSQL::SchemaStatements#create_schema_dumper'
/home/jit/workspace/vendor/bundle/ruby/4.0.0/bundler/gems/rails-0d1b4918594c/activerecord/lib/active_record/schema_dumper.rb:46:in 'block in ActiveRecord::SchemaDumper.dump'
/home/jit/workspace/vendor/bundle/ruby/4.0.0/bundler/gems/rails-0d1b4918594c/activerecord/lib/active_record/connection_adapters/abstract/connection_pool.rb:463:in 'ActiveRecord::ConnectionAdapters::ConnectionPool#with_connection'
/home/jit/workspace/vendor/bundle/ruby/4.0.0/bundler/gems/rails-0d1b4918594c/activerecord/lib/active_record/schema_dumper.rb:45:in 'ActiveRecord::SchemaDumper.dump'
/home/jit/workspace/vendor/bundle/ruby/4.0.0/bundler/gems/rails-0d1b4918594c/activerecord/lib/active_record/tasks/database_tasks.rb:462:in 'block (2 levels) in ActiveRecord::Tasks::DatabaseTasks#dump_schema'
/home/jit/workspace/vendor/bundle/ruby/4.0.0/bundler/gems/rails-0d1b4918594c/activerecord/lib/active_record/tasks/database_tasks.rb:461:in 'IO.open'
/home/jit/workspace/vendor/bundle/ruby/4.0.0/bundler/gems/rails-0d1b4918594c/activerecord/lib/active_record/tasks/database_tasks.rb:461:in 'block in ActiveRecord::Tasks::DatabaseTasks#dump_schema'
/home/jit/workspace/vendor/bundle/ruby/4.0.0/bundler/gems/rails-0d1b4918594c/activerecord/lib/active_record/tasks/database_tasks.rb:569:in 'ActiveRecord::Tasks::DatabaseTasks#with_temporary_pool'
/home/jit/workspace/vendor/bundle/ruby/4.0.0/bundler/gems/rails-0d1b4918594c/activerecord/lib/active_record/tasks/database_tasks.rb:457:in 'ActiveRecord::Tasks::DatabaseTasks#dump_schema'
/home/jit/workspace/vendor/bundle/ruby/4.0.0/bundler/gems/rails-0d1b4918594c/activerecord/lib/active_record/tasks/database_tasks.rb:445:in 'block in ActiveRecord::Tasks::DatabaseTasks#dump_all'
/home/jit/workspace/vendor/bundle/ruby/4.0.0/bundler/gems/rails-0d1b4918594c/activerecord/lib/active_record/tasks/database_tasks.rb:440:in 'Array#each'
/home/jit/workspace/vendor/bundle/ruby/4.0.0/bundler/gems/rails-0d1b4918594c/activerecord/lib/active_record/tasks/database_tasks.rb:440:in 'ActiveRecord::Tasks::DatabaseTasks#dump_all'
/home/jit/workspace/vendor/bundle/ruby/4.0.0/bundler/gems/rails-0d1b4918594c/activerecord/lib/active_record/railties/databases.rake:462:in 'block (3 levels) in <main>'
/home/jit/workspace/vendor/bundle/ruby/4.0.0/gems/rake-13.3.1/lib/rake/task.rb:281:in 'block in Rake::Task#execute'
/home/jit/workspace/vendor/bundle/ruby/4.0.0/gems/rake-13.3.1/lib/rake/task.rb:281:in 'Array#each'
/home/jit/workspace/vendor/bundle/ruby/4.0.0/gems/rake-13.3.1/lib/rake/task.rb:281:in 'Rake::Task#execute'
/home/jit/workspace/vendor/bundle/ruby/4.0.0/gems/rake-13.3.1/lib/rake/task.rb:219:in 'block in Rake::Task#invoke_with_call_chain'
/home/jit/workspace/vendor/bundle/ruby/4.0.0/gems/rake-13.3.1/lib/rake/task.rb:199:in 'Monitor#synchronize'
/home/jit/workspace/vendor/bundle/ruby/4.0.0/gems/rake-13.3.1/lib/rake/task.rb:199:in 'Rake::Task#invoke_with_call_chain'
/home/jit/workspace/vendor/bundle/ruby/4.0.0/gems/rake-13.3.1/lib/rake/task.rb:243:in 'block in Rake::Task#invoke_prerequisites'
/home/jit/workspace/vendor/bundle/ruby/4.0.0/gems/rake-13.3.1/lib/rake/task.rb:241:in 'Array#each'
/home/jit/workspace/vendor/bundle/ruby/4.0.0/gems/rake-13.3.1/lib/rake/task.rb:241:in 'Rake::Task#invoke_prerequisites'
/home/jit/workspace/vendor/bundle/ruby/4.0.0/gems/rake-13.3.1/lib/rake/task.rb:218:in 'block in Rake::Task#invoke_with_call_chain'
/home/jit/workspace/vendor/bundle/ruby/4.0.0/gems/rake-13.3.1/lib/rake/task.rb:199:in 'Monitor#synchronize'
/home/jit/workspace/vendor/bundle/ruby/4.0.0/gems/rake-13.3.1/lib/rake/task.rb:199:in 'Rake::Task#invoke_with_call_chain'
/home/jit/workspace/vendor/bundle/ruby/4.0.0/gems/rake-13.3.1/lib/rake/task.rb:188:in 'Rake::Task#invoke'
/home/jit/workspace/vendor/bundle/ruby/4.0.0/gems/rake-13.3.1/lib/rake/application.rb:188:in 'Rake::Application#invoke_task'
/home/jit/workspace/vendor/bundle/ruby/4.0.0/gems/rake-13.3.1/lib/rake/application.rb:138:in 'block (2 levels) in Rake::Application#top_level'
/home/jit/workspace/vendor/bundle/ruby/4.0.0/gems/rake-13.3.1/lib/rake/application.rb:138:in 'Array#each'
/home/jit/workspace/vendor/bundle/ruby/4.0.0/gems/rake-13.3.1/lib/rake/application.rb:138:in 'block in Rake::Application#top_level'
/home/jit/workspace/vendor/bundle/ruby/4.0.0/gems/rake-13.3.1/lib/rake/application.rb:147:in 'Rake::Application#run_with_threads'
/home/jit/workspace/vendor/bundle/ruby/4.0.0/gems/rake-13.3.1/lib/rake/application.rb:132:in 'Rake::Application#top_level'
/home/jit/workspace/vendor/bundle/ruby/4.0.0/bundler/gems/rails-0d1b4918594c/railties/lib/rails/commands/rake/rake_command.rb:30:in 'block (3 levels) in Rails::Command::RakeCommand.perform'
/home/jit/workspace/vendor/bundle/ruby/4.0.0/bundler/gems/rails-0d1b4918594c/activesupport/lib/active_support/error_reporter.rb:117:in 'ActiveSupport::ErrorReporter#record'
/home/jit/workspace/vendor/bundle/ruby/4.0.0/bundler/gems/rails-0d1b4918594c/railties/lib/rails/commands/rake/rake_command.rb:29:in 'block (2 levels) in Rails::Command::RakeCommand.perform'
/home/jit/workspace/vendor/bundle/ruby/4.0.0/gems/rake-13.3.1/lib/rake/application.rb:214:in 'Rake::Application#standard_exception_handling'
/home/jit/workspace/vendor/bundle/ruby/4.0.0/bundler/gems/rails-0d1b4918594c/railties/lib/rails/commands/rake/rake_command.rb:28:in 'block in Rails::Command::RakeCommand.perform'
/home/jit/workspace/vendor/bundle/ruby/4.0.0/bundler/gems/rails-0d1b4918594c/railties/lib/rails/commands/rake/rake_command.rb:49:in 'block in Rails::Command::RakeCommand.with_rake'
/home/jit/workspace/vendor/bundle/ruby/4.0.0/gems/rake-13.3.1/lib/rake/rake_module.rb:59:in 'Rake.with_application'
/home/jit/workspace/vendor/bundle/ruby/4.0.0/bundler/gems/rails-0d1b4918594c/railties/lib/rails/commands/rake/rake_command.rb:46:in 'Rails::Command::RakeCommand.with_rake'
/home/jit/workspace/vendor/bundle/ruby/4.0.0/bundler/gems/rails-0d1b4918594c/railties/lib/rails/commands/rake/rake_command.rb:20:in 'Rails::Command::RakeCommand.perform'
/home/jit/workspace/vendor/bundle/ruby/4.0.0/bundler/gems/rails-0d1b4918594c/railties/lib/rails/command.rb:150:in 'Rails::Command.invoke_rake'
/home/jit/workspace/vendor/bundle/ruby/4.0.0/bundler/gems/rails-0d1b4918594c/railties/lib/rails/command.rb:67:in 'block in Rails::Command.invoke'
/home/jit/workspace/vendor/bundle/ruby/4.0.0/bundler/gems/rails-0d1b4918594c/railties/lib/rails/command.rb:143:in 'Rails::Command.with_argv'
/home/jit/workspace/vendor/bundle/ruby/4.0.0/bundler/gems/rails-0d1b4918594c/railties/lib/rails/command.rb:63:in 'Rails::Command.invoke'
/home/jit/workspace/vendor/bundle/ruby/4.0.0/bundler/gems/rails-0d1b4918594c/railties/lib/rails/commands.rb:18:in '<main>'
/home/jit/workspace/vendor/bundle/ruby/4.0.0/gems/bootsnap-1.20.1/lib/bootsnap/load_path_cache/core_ext/kernel_require.rb:30:in 'Kernel#require'

Caused by:
PG::ConnectionBad: connection to server at "172.19.0.5", port 5432 failed: FATAL:  database "development_cache_db" does not exist (PG::ConnectionBad)
/home/jit/workspace/vendor/bundle/ruby/4.0.0/gems/pg-1.6.3-x86_64-linux/lib/pg/connection.rb:751:in 'PG::Connection::Pollable#polling_loop'
/home/jit/workspace/vendor/bundle/ruby/4.0.0/gems/pg-1.6.3-x86_64-linux/lib/pg/connection.rb:795:in 'PG::Connection#async_connect_or_reset'
/home/jit/workspace/vendor/bundle/ruby/4.0.0/gems/pg-1.6.3-x86_64-linux/lib/pg/connection.rb:951:in 'PG::Connection.connect_to_hosts'
/home/jit/workspace/vendor/bundle/ruby/4.0.0/gems/pg-1.6.3-x86_64-linux/lib/pg/connection.rb:871:in 'PG::Connection.new'
/home/jit/workspace/vendor/bundle/ruby/4.0.0/gems/pg-1.6.3-x86_64-linux/lib/pg.rb:88:in 'PG.connect'
/home/jit/workspace/vendor/bundle/ruby/4.0.0/bundler/gems/rails-0d1b4918594c/activerecord/lib/active_record/connection_adapters/postgresql_adapter.rb:58:in 'ActiveRecord::ConnectionAdapters::PostgreSQLAdapter.new_client'
/home/jit/workspace/vendor/bundle/ruby/4.0.0/bundler/gems/rails-0d1b4918594c/activerecord/lib/active_record/connection_adapters/postgresql_adapter.rb:985:in 'ActiveRecord::ConnectionAdapters::PostgreSQLAdapter#connect'
/home/jit/workspace/vendor/bundle/ruby/4.0.0/bundler/gems/rails-0d1b4918594c/activerecord/lib/active_record/connection_adapters/postgresql_adapter.rb:997:in 'ActiveRecord::ConnectionAdapters::PostgreSQLAdapter#reconnect'
/home/jit/workspace/vendor/bundle/ruby/4.0.0/bundler/gems/rails-0d1b4918594c/activerecord/lib/active_record/connection_adapters/abstract_adapter.rb:726:in 'block (2 levels) in ActiveRecord::ConnectionAdapters::AbstractAdapter#reconnect!'
/home/jit/workspace/vendor/bundle/ruby/4.0.0/bundler/gems/rails-0d1b4918594c/activerecord/lib/active_record/connection_adapters/abstract_adapter.rb:1327:in 'ActiveRecord::ConnectionAdapters::AbstractAdapter#attempt_configure_connection'
/home/jit/workspace/vendor/bundle/ruby/4.0.0/bundler/gems/rails-0d1b4918594c/activerecord/lib/active_record/connection_adapters/abstract_adapter.rb:723:in 'block in ActiveRecord::ConnectionAdapters::AbstractAdapter#reconnect!'
/home/jit/workspace/vendor/bundle/ruby/4.0.0/bundler/gems/rails-0d1b4918594c/activesupport/lib/active_support/concurrency/null_lock.rb:9:in 'ActiveSupport::Concurrency::NullLock#synchronize'
/home/jit/workspace/vendor/bundle/ruby/4.0.0/bundler/gems/rails-0d1b4918594c/activerecord/lib/active_record/connection_adapters/abstract_adapter.rb:722:in 'ActiveRecord::ConnectionAdapters::AbstractAdapter#reconnect!'
/home/jit/workspace/vendor/bundle/ruby/4.0.0/bundler/gems/rails-0d1b4918594c/activerecord/lib/active_record/connection_adapters/abstract_adapter.rb:837:in 'block in ActiveRecord::ConnectionAdapters::AbstractAdapter#verify!'
/home/jit/workspace/vendor/bundle/ruby/4.0.0/bundler/gems/rails-0d1b4918594c/activesupport/lib/active_support/concurrency/null_lock.rb:9:in 'ActiveSupport::Concurrency::NullLock#synchronize'
/home/jit/workspace/vendor/bundle/ruby/4.0.0/bundler/gems/rails-0d1b4918594c/activerecord/lib/active_record/connection_adapters/abstract_adapter.rb:824:in 'ActiveRecord::ConnectionAdapters::AbstractAdapter#verify!'
/home/jit/workspace/vendor/bundle/ruby/4.0.0/bundler/gems/rails-0d1b4918594c/activerecord/lib/active_record/connection_adapters/abstract_adapter.rb:846:in 'ActiveRecord::ConnectionAdapters::AbstractAdapter#connect!'
/home/jit/workspace/vendor/bundle/ruby/4.0.0/bundler/gems/rails-0d1b4918594c/activerecord/lib/active_record/connection_adapters/abstract_adapter.rb:1063:in 'block in ActiveRecord::ConnectionAdapters::AbstractAdapter#with_raw_connection'
/home/jit/workspace/vendor/bundle/ruby/4.0.0/bundler/gems/rails-0d1b4918594c/activesupport/lib/active_support/concurrency/null_lock.rb:9:in 'ActiveSupport::Concurrency::NullLock#synchronize'
/home/jit/workspace/vendor/bundle/ruby/4.0.0/bundler/gems/rails-0d1b4918594c/activerecord/lib/active_record/connection_adapters/abstract_adapter.rb:1062:in 'ActiveRecord::ConnectionAdapters::AbstractAdapter#with_raw_connection'
/home/jit/workspace/vendor/bundle/ruby/4.0.0/bundler/gems/rails-0d1b4918594c/activerecord/lib/active_record/connection_adapters/abstract/database_statements.rb:610:in 'block in ActiveRecord::ConnectionAdapters::DatabaseStatements#execute_intent'
/home/jit/workspace/vendor/bundle/ruby/4.0.0/bundler/gems/rails-0d1b4918594c/activesupport/lib/active_support/notifications/instrumenter.rb:58:in 'ActiveSupport::Notifications::Instrumenter#instrument'
/home/jit/workspace/vendor/bundle/ruby/4.0.0/bundler/gems/rails-0d1b4918594c/activerecord/lib/active_record/connection_adapters/abstract_adapter.rb:1216:in 'ActiveRecord::ConnectionAdapters::AbstractAdapter#log'
/home/jit/workspace/vendor/bundle/ruby/4.0.0/bundler/gems/rails-0d1b4918594c/activerecord/lib/active_record/connection_adapters/abstract/database_statements.rb:608:in 'ActiveRecord::ConnectionAdapters::DatabaseStatements#execute_intent'
/home/jit/workspace/vendor/bundle/ruby/4.0.0/bundler/gems/rails-0d1b4918594c/activerecord/lib/active_record/connection_adapters/query_intent.rb:318:in 'ActiveRecord::ConnectionAdapters::QueryIntent#run_query!'
/home/jit/workspace/vendor/bundle/ruby/4.0.0/bundler/gems/rails-0d1b4918594c/activerecord/lib/active_record/connection_adapters/query_intent.rb:168:in 'ActiveRecord::ConnectionAdapters::QueryIntent#execute!'
/home/jit/workspace/vendor/bundle/ruby/4.0.0/bundler/gems/rails-0d1b4918594c/activerecord/lib/active_record/connection_adapters/postgresql/database_statements.rb:16:in 'ActiveRecord::ConnectionAdapters::PostgreSQL::DatabaseStatements#query_rows'
/home/jit/workspace/vendor/bundle/ruby/4.0.0/bundler/gems/rails-0d1b4918594c/activerecord/lib/active_record/connection_adapters/abstract/database_statements.rb:116:in 'ActiveRecord::ConnectionAdapters::DatabaseStatements#query_value'
/home/jit/workspace/vendor/bundle/ruby/4.0.0/bundler/gems/rails-0d1b4918594c/activerecord/lib/active_record/connection_adapters/postgresql/schema_statements.rb:248:in 'ActiveRecord::ConnectionAdapters::PostgreSQL::SchemaStatements#current_schemas'
/home/jit/workspace/vendor/bundle/ruby/4.0.0/bundler/gems/rails-0d1b4918594c/activerecord/lib/active_record/connection_adapters/postgresql/schema_dumper.rb:16:in 'ActiveRecord::ConnectionAdapters::PostgreSQL::SchemaDumper#initialize'
/home/jit/workspace/vendor/bundle/ruby/4.0.0/bundler/gems/rails-0d1b4918594c/activerecord/lib/active_record/connection_adapters/abstract/schema_dumper.rb:9:in 'Class#new'
/home/jit/workspace/vendor/bundle/ruby/4.0.0/bundler/gems/rails-0d1b4918594c/activerecord/lib/active_record/connection_adapters/abstract/schema_dumper.rb:9:in 'ActiveRecord::ConnectionAdapters::SchemaDumper.create'
/home/jit/workspace/vendor/bundle/ruby/4.0.0/bundler/gems/rails-0d1b4918594c/activerecord/lib/active_record/connection_adapters/postgresql/schema_statements.rb:1069:in 'ActiveRecord::ConnectionAdapters::PostgreSQL::SchemaStatements#create_schema_dumper'
/home/jit/workspace/vendor/bundle/ruby/4.0.0/bundler/gems/rails-0d1b4918594c/activerecord/lib/active_record/schema_dumper.rb:46:in 'block in ActiveRecord::SchemaDumper.dump'
/home/jit/workspace/vendor/bundle/ruby/4.0.0/bundler/gems/rails-0d1b4918594c/activerecord/lib/active_record/connection_adapters/abstract/connection_pool.rb:463:in 'ActiveRecord::ConnectionAdapters::ConnectionPool#with_connection'
/home/jit/workspace/vendor/bundle/ruby/4.0.0/bundler/gems/rails-0d1b4918594c/activerecord/lib/active_record/schema_dumper.rb:45:in 'ActiveRecord::SchemaDumper.dump'
/home/jit/workspace/vendor/bundle/ruby/4.0.0/bundler/gems/rails-0d1b4918594c/activerecord/lib/active_record/tasks/database_tasks.rb:462:in 'block (2 levels) in ActiveRecord::Tasks::DatabaseTasks#dump_schema'
/home/jit/workspace/vendor/bundle/ruby/4.0.0/bundler/gems/rails-0d1b4918594c/activerecord/lib/active_record/tasks/database_tasks.rb:461:in 'IO.open'
/home/jit/workspace/vendor/bundle/ruby/4.0.0/bundler/gems/rails-0d1b4918594c/activerecord/lib/active_record/tasks/database_tasks.rb:461:in 'block in ActiveRecord::Tasks::DatabaseTasks#dump_schema'
/home/jit/workspace/vendor/bundle/ruby/4.0.0/bundler/gems/rails-0d1b4918594c/activerecord/lib/active_record/tasks/database_tasks.rb:569:in 'ActiveRecord::Tasks::DatabaseTasks#with_temporary_pool'
/home/jit/workspace/vendor/bundle/ruby/4.0.0/bundler/gems/rails-0d1b4918594c/activerecord/lib/active_record/tasks/database_tasks.rb:457:in 'ActiveRecord::Tasks::DatabaseTasks#dump_schema'
/home/jit/workspace/vendor/bundle/ruby/4.0.0/bundler/gems/rails-0d1b4918594c/activerecord/lib/active_record/tasks/database_tasks.rb:445:in 'block in ActiveRecord::Tasks::DatabaseTasks#dump_all'
/home/jit/workspace/vendor/bundle/ruby/4.0.0/bundler/gems/rails-0d1b4918594c/activerecord/lib/active_record/tasks/database_tasks.rb:440:in 'Array#each'
/home/jit/workspace/vendor/bundle/ruby/4.0.0/bundler/gems/rails-0d1b4918594c/activerecord/lib/active_record/tasks/database_tasks.rb:440:in 'ActiveRecord::Tasks::DatabaseTasks#dump_all'
/home/jit/workspace/vendor/bundle/ruby/4.0.0/bundler/gems/rails-0d1b4918594c/activerecord/lib/active_record/railties/databases.rake:462:in 'block (3 levels) in <main>'
/home/jit/workspace/vendor/bundle/ruby/4.0.0/gems/rake-13.3.1/lib/rake/task.rb:281:in 'block in Rake::Task#execute'
/home/jit/workspace/vendor/bundle/ruby/4.0.0/gems/rake-13.3.1/lib/rake/task.rb:281:in 'Array#each'
/home/jit/workspace/vendor/bundle/ruby/4.0.0/gems/rake-13.3.1/lib/rake/task.rb:281:in 'Rake::Task#execute'
/home/jit/workspace/vendor/bundle/ruby/4.0.0/gems/rake-13.3.1/lib/rake/task.rb:219:in 'block in Rake::Task#invoke_with_call_chain'
/home/jit/workspace/vendor/bundle/ruby/4.0.0/gems/rake-13.3.1/lib/rake/task.rb:199:in 'Monitor#synchronize'
/home/jit/workspace/vendor/bundle/ruby/4.0.0/gems/rake-13.3.1/lib/rake/task.rb:199:in 'Rake::Task#invoke_with_call_chain'
/home/jit/workspace/vendor/bundle/ruby/4.0.0/gems/rake-13.3.1/lib/rake/task.rb:243:in 'block in Rake::Task#invoke_prerequisites'
/home/jit/workspace/vendor/bundle/ruby/4.0.0/gems/rake-13.3.1/lib/rake/task.rb:241:in 'Array#each'
/home/jit/workspace/vendor/bundle/ruby/4.0.0/gems/rake-13.3.1/lib/rake/task.rb:241:in 'Rake::Task#invoke_prerequisites'
/home/jit/workspace/vendor/bundle/ruby/4.0.0/gems/rake-13.3.1/lib/rake/task.rb:218:in 'block in Rake::Task#invoke_with_call_chain'
/home/jit/workspace/vendor/bundle/ruby/4.0.0/gems/rake-13.3.1/lib/rake/task.rb:199:in 'Monitor#synchronize'
/home/jit/workspace/vendor/bundle/ruby/4.0.0/gems/rake-13.3.1/lib/rake/task.rb:199:in 'Rake::Task#invoke_with_call_chain'
/home/jit/workspace/vendor/bundle/ruby/4.0.0/gems/rake-13.3.1/lib/rake/task.rb:188:in 'Rake::Task#invoke'
/home/jit/workspace/vendor/bundle/ruby/4.0.0/gems/rake-13.3.1/lib/rake/application.rb:188:in 'Rake::Application#invoke_task'
/home/jit/workspace/vendor/bundle/ruby/4.0.0/gems/rake-13.3.1/lib/rake/application.rb:138:in 'block (2 levels) in Rake::Application#top_level'
/home/jit/workspace/vendor/bundle/ruby/4.0.0/gems/rake-13.3.1/lib/rake/application.rb:138:in 'Array#each'
/home/jit/workspace/vendor/bundle/ruby/4.0.0/gems/rake-13.3.1/lib/rake/application.rb:138:in 'block in Rake::Application#top_level'
/home/jit/workspace/vendor/bundle/ruby/4.0.0/gems/rake-13.3.1/lib/rake/application.rb:147:in 'Rake::Application#run_with_threads'
/home/jit/workspace/vendor/bundle/ruby/4.0.0/gems/rake-13.3.1/lib/rake/application.rb:132:in 'Rake::Application#top_level'
/home/jit/workspace/vendor/bundle/ruby/4.0.0/bundler/gems/rails-0d1b4918594c/railties/lib/rails/commands/rake/rake_command.rb:30:in 'block (3 levels) in Rails::Command::RakeCommand.perform'
/home/jit/workspace/vendor/bundle/ruby/4.0.0/bundler/gems/rails-0d1b4918594c/activesupport/lib/active_support/error_reporter.rb:117:in 'ActiveSupport::ErrorReporter#record'
/home/jit/workspace/vendor/bundle/ruby/4.0.0/bundler/gems/rails-0d1b4918594c/railties/lib/rails/commands/rake/rake_command.rb:29:in 'block (2 levels) in Rails::Command::RakeCommand.perform'
/home/jit/workspace/vendor/bundle/ruby/4.0.0/gems/rake-13.3.1/lib/rake/application.rb:214:in 'Rake::Application#standard_exception_handling'
/home/jit/workspace/vendor/bundle/ruby/4.0.0/bundler/gems/rails-0d1b4918594c/railties/lib/rails/commands/rake/rake_command.rb:28:in 'block in Rails::Command::RakeCommand.perform'
/home/jit/workspace/vendor/bundle/ruby/4.0.0/bundler/gems/rails-0d1b4918594c/railties/lib/rails/commands/rake/rake_command.rb:49:in 'block in Rails::Command::RakeCommand.with_rake'
/home/jit/workspace/vendor/bundle/ruby/4.0.0/gems/rake-13.3.1/lib/rake/rake_module.rb:59:in 'Rake.with_application'
/home/jit/workspace/vendor/bundle/ruby/4.0.0/bundler/gems/rails-0d1b4918594c/railties/lib/rails/commands/rake/rake_command.rb:46:in 'Rails::Command::RakeCommand.with_rake'
/home/jit/workspace/vendor/bundle/ruby/4.0.0/bundler/gems/rails-0d1b4918594c/railties/lib/rails/commands/rake/rake_command.rb:20:in 'Rails::Command::RakeCommand.perform'
/home/jit/workspace/vendor/bundle/ruby/4.0.0/bundler/gems/rails-0d1b4918594c/railties/lib/rails/command.rb:150:in 'Rails::Command.invoke_rake'
/home/jit/workspace/vendor/bundle/ruby/4.0.0/bundler/gems/rails-0d1b4918594c/railties/lib/rails/command.rb:67:in 'block in Rails::Command.invoke'
/home/jit/workspace/vendor/bundle/ruby/4.0.0/bundler/gems/rails-0d1b4918594c/railties/lib/rails/command.rb:143:in 'Rails::Command.with_argv'
/home/jit/workspace/vendor/bundle/ruby/4.0.0/bundler/gems/rails-0d1b4918594c/railties/lib/rails/command.rb:63:in 'Rails::Command.invoke'
/home/jit/workspace/vendor/bundle/ruby/4.0.0/bundler/gems/rails-0d1b4918594c/railties/lib/rails/commands.rb:18:in '<main>'
/home/jit/workspace/vendor/bundle/ruby/4.0.0/gems/bootsnap-1.20.1/lib/bootsnap/load_path_cache/core_ext/kernel_require.rb:30:in 'Kernel#require'
Tasks: TOP => db:migrate:reset => db:schema:dump
(See full trace by running task with --trace)
